
~~~~~~~~~~~~~~~~~~~~~~~~~~~~~~~~~~~~~~~~~~~~~~~~~~~~~~~~~~~~~~~~~~~~~~~~~~~~~~~~

dataset_size = 256.00 MB    numObjs = 33554432    numCoords = 2    numClusters = 16    block_size = 32


|-----------All GPU Kmeans------------|

t_alloc: 171.046019 ms

t_alloc_gpu: 2389.866114 ms

320, 32, 1048576
t_get_gpu: 127.753973 ms

nloops = 10  : total = 12215.736866 ms
	-> t_loop_avg = 1221.573687 ms
	-> t_loop_min = 1216.118097 ms
	-> t_loop_max = 1226.918936 ms

|-------------------------------------------|
tTransfers=0.000878, tGPU=12.214855, tCPU=0.000001


Final cluster centers:
clusters[0] =   1.53   8.73 
clusters[1] =   3.99   6.31 
clusters[2] =   6.33   4.02 
clusters[3] =   8.78   1.46 
clusters[4] =   9.09   8.15 
clusters[5] =   1.17   6.18 
clusters[6] =   4.21   3.59 
clusters[7] =   6.39   1.35 
clusters[8] =   6.94   8.86 
clusters[9] =   8.89   4.44 
clusters[10] =   2.29   4.01 
clusters[11] =   3.90   1.20 
clusters[12] =   4.42   8.73 
clusters[13] =   7.03   6.37 
clusters[14] =   0.78   3.14 
clusters[15] =   1.41   1.05 

~~~~~~~~~~~~~~~~~~~~~~~~~~~~~~~~~~~~~~~~~~~~~~~~~~~~~~~~~~~~~~~~~~~~~~~~~~~~~~~~

dataset_size = 256.00 MB    numObjs = 33554432    numCoords = 2    numClusters = 16    block_size = 64


|-----------All GPU Kmeans------------|

t_alloc: 170.832872 ms

t_alloc_gpu: 2392.484903 ms

320, 64, 524288
t_get_gpu: 127.796173 ms

nloops = 10  : total = 6330.163002 ms
	-> t_loop_avg = 633.016300 ms
	-> t_loop_min = 625.049829 ms
	-> t_loop_max = 681.822062 ms

|-------------------------------------------|
tTransfers=0.000872, tGPU=6.329289, tCPU=0.000000


Final cluster centers:
clusters[0] =   1.53   8.73 
clusters[1] =   3.99   6.31 
clusters[2] =   6.32   4.02 
clusters[3] =   8.79   1.46 
clusters[4] =   9.09   8.15 
clusters[5] =   1.17   6.17 
clusters[6] =   4.20   3.59 
clusters[7] =   6.39   1.35 
clusters[8] =   6.94   8.86 
clusters[9] =   8.89   4.44 
clusters[10] =   2.29   4.01 
clusters[11] =   3.90   1.20 
clusters[12] =   4.42   8.73 
clusters[13] =   7.04   6.37 
clusters[14] =   0.78   3.14 
clusters[15] =   1.42   1.05 

~~~~~~~~~~~~~~~~~~~~~~~~~~~~~~~~~~~~~~~~~~~~~~~~~~~~~~~~~~~~~~~~~~~~~~~~~~~~~~~~

dataset_size = 256.00 MB    numObjs = 33554432    numCoords = 2    numClusters = 16    block_size = 128


|-----------All GPU Kmeans------------|

t_alloc: 172.612906 ms

t_alloc_gpu: 2382.648945 ms

320, 128, 262144
t_get_gpu: 127.650976 ms

nloops = 10  : total = 3309.505939 ms
	-> t_loop_avg = 330.950594 ms
	-> t_loop_min = 319.879055 ms
	-> t_loop_max = 416.337013 ms

|-------------------------------------------|
tTransfers=0.000833, tGPU=3.308672, tCPU=0.000000


Final cluster centers:
clusters[0] =   1.53   8.73 
clusters[1] =   3.99   6.31 
clusters[2] =   6.32   4.02 
clusters[3] =   8.79   1.46 
clusters[4] =   9.09   8.15 
clusters[5] =   1.17   6.17 
clusters[6] =   4.20   3.59 
clusters[7] =   6.39   1.35 
clusters[8] =   6.94   8.86 
clusters[9] =   8.89   4.44 
clusters[10] =   2.29   4.01 
clusters[11] =   3.90   1.20 
clusters[12] =   4.42   8.73 
clusters[13] =   7.05   6.37 
clusters[14] =   0.78   3.14 
clusters[15] =   1.42   1.05 

~~~~~~~~~~~~~~~~~~~~~~~~~~~~~~~~~~~~~~~~~~~~~~~~~~~~~~~~~~~~~~~~~~~~~~~~~~~~~~~~

dataset_size = 256.00 MB    numObjs = 33554432    numCoords = 2    numClusters = 16    block_size = 256


|-----------All GPU Kmeans------------|

t_alloc: 171.254158 ms

t_alloc_gpu: 2358.921051 ms

320, 256, 131072
t_get_gpu: 127.628088 ms

nloops = 10  : total = 2055.097103 ms
	-> t_loop_avg = 205.509710 ms
	-> t_loop_min = 195.976019 ms
	-> t_loop_max = 284.586191 ms

|-------------------------------------------|
tTransfers=0.000854, tGPU=2.054240, tCPU=0.000000


Final cluster centers:
clusters[0] =   1.53   8.73 
clusters[1] =   3.99   6.31 
clusters[2] =   6.32   4.02 
clusters[3] =   8.79   1.46 
clusters[4] =   9.09   8.15 
clusters[5] =   1.17   6.17 
clusters[6] =   4.20   3.59 
clusters[7] =   6.39   1.35 
clusters[8] =   6.94   8.86 
clusters[9] =   8.89   4.44 
clusters[10] =   2.29   4.01 
clusters[11] =   3.90   1.20 
clusters[12] =   4.42   8.73 
clusters[13] =   7.04   6.37 
clusters[14] =   0.78   3.14 
clusters[15] =   1.42   1.05 

~~~~~~~~~~~~~~~~~~~~~~~~~~~~~~~~~~~~~~~~~~~~~~~~~~~~~~~~~~~~~~~~~~~~~~~~~~~~~~~~

dataset_size = 256.00 MB    numObjs = 33554432    numCoords = 2    numClusters = 16    block_size = 512


|-----------All GPU Kmeans------------|

t_alloc: 173.352003 ms

t_alloc_gpu: 2388.633013 ms

320, 512, 65536
t_get_gpu: 127.666950 ms

nloops = 10  : total = 1415.192127 ms
	-> t_loop_avg = 141.519213 ms
	-> t_loop_min = 131.975174 ms
	-> t_loop_max = 217.133045 ms

|-------------------------------------------|
tTransfers=0.000853, tGPU=1.414337, tCPU=0.000000


Final cluster centers:
clusters[0] =   1.53   8.73 
clusters[1] =   3.99   6.31 
clusters[2] =   6.32   4.02 
clusters[3] =   8.79   1.46 
clusters[4] =   9.09   8.15 
clusters[5] =   1.17   6.17 
clusters[6] =   4.20   3.59 
clusters[7] =   6.39   1.35 
clusters[8] =   6.94   8.86 
clusters[9] =   8.89   4.44 
clusters[10] =   2.29   4.01 
clusters[11] =   3.90   1.20 
clusters[12] =   4.42   8.73 
clusters[13] =   7.04   6.37 
clusters[14] =   0.78   3.14 
clusters[15] =   1.42   1.05 

~~~~~~~~~~~~~~~~~~~~~~~~~~~~~~~~~~~~~~~~~~~~~~~~~~~~~~~~~~~~~~~~~~~~~~~~~~~~~~~~

dataset_size = 256.00 MB    numObjs = 33554432    numCoords = 2    numClusters = 16    block_size = 1024


|-----------All GPU Kmeans------------|

t_alloc: 170.588017 ms

t_alloc_gpu: 2384.099007 ms

320, 1024, 32768
t_get_gpu: 127.612114 ms

nloops = 10  : total = 1462.901115 ms
	-> t_loop_avg = 146.290112 ms
	-> t_loop_min = 140.301943 ms
	-> t_loop_max = 184.348106 ms

|-------------------------------------------|
tTransfers=0.000834, tGPU=1.462064, tCPU=0.000001


Final cluster centers:
clusters[0] =   1.53   8.73 
clusters[1] =   3.99   6.31 
clusters[2] =   6.32   4.02 
clusters[3] =   8.79   1.46 
clusters[4] =   9.09   8.15 
clusters[5] =   1.17   6.17 
clusters[6] =   4.20   3.59 
clusters[7] =   6.39   1.35 
clusters[8] =   6.94   8.86 
clusters[9] =   8.89   4.44 
clusters[10] =   2.29   4.01 
clusters[11] =   3.90   1.20 
clusters[12] =   4.42   8.73 
clusters[13] =   7.04   6.37 
clusters[14] =   0.78   3.14 
clusters[15] =   1.42   1.05 

~~~~~~~~~~~~~~~~~~~~~~~~~~~~~~~~~~~~~~~~~~~~~~~~~~~~~~~~~~~~~~~~~~~~~~~~~~~~~~~~

dataset_size = 256.00 MB    numObjs = 4194304    numCoords = 16    numClusters = 16    block_size = 32


|-----------All GPU Kmeans------------|

t_alloc: 390.091896 ms

t_alloc_gpu: 2366.326094 ms

2112, 32, 131072
t_get_gpu: 90.480089 ms

nloops = 10  : total = 2162.605047 ms
	-> t_loop_avg = 216.260505 ms
	-> t_loop_min = 215.904951 ms
	-> t_loop_max = 218.683004 ms

|-------------------------------------------|
tTransfers=0.000844, tGPU=2.161760, tCPU=0.000000


Final cluster centers:
clusters[0] =   3.00   6.88   6.32   2.55   6.08   6.13   6.15   7.01   5.55   4.64   5.24   4.80   5.47   3.58   5.28   3.51 
clusters[1] =   3.10   6.29   3.00   7.09   6.00   4.52   3.21   4.48   5.12   5.06   7.21   6.40   5.38   3.63   5.75   4.28 
clusters[2] =   5.48   4.24   6.69   6.76   2.56   4.54   3.09   6.98   4.73   5.93   4.86   3.54   5.20   3.26   5.64   3.83 
clusters[3] =   6.12   3.87   3.32   5.18   6.08   3.79   7.26   3.53   3.81   5.54   3.61   4.23   5.36   3.35   6.47   3.02 
clusters[4] =   6.92   6.91   5.63   6.35   5.03   3.83   7.19   6.88   4.87   5.99   6.87   4.26   5.28   6.57   3.75   4.84 
clusters[5] =   2.89   5.42   6.51   4.35   3.19   3.37   5.47   3.38   2.38   5.90   4.29   6.16   5.08   6.39   4.40   5.27 
clusters[6] =   4.16   4.10   3.18   5.19   6.16   3.90   5.48   6.53   6.92   6.84   3.24   7.07   5.06   5.72   3.85   6.54 
clusters[7] =   5.35   3.22   5.68   2.99   5.39   4.39   4.26   3.18   6.42   6.85   7.41   3.33   5.11   4.51   4.55   6.29 
clusters[8] =   5.89   7.18   3.14   3.64   3.14   3.16   4.35   3.96   6.43   3.02   4.82   3.77   5.04   5.58   5.71   5.99 
clusters[9] =   6.85   4.38   6.33   3.52   6.35   3.38   3.17   6.63   3.96   3.54   4.00   6.88   4.80   4.48   6.06   6.27 
clusters[10] =   5.23   3.95   7.05   6.51   5.46   6.39   6.93   3.98   5.48   3.52   6.77   6.92   4.80   5.06   6.59   6.53 
clusters[11] =   3.70   3.46   3.00   5.08   3.35   6.82   6.30   6.73   4.14   4.16   4.71   3.26   4.69   5.17   5.65   7.11 
clusters[12] =   5.96   6.92   5.51   5.99   6.10   6.88   4.55   3.31   4.07   5.08   3.32   4.13   4.84   3.18   3.12   6.88 
clusters[13] =   6.55   4.41   3.10   3.86   5.28   6.97   3.71   5.30   2.75   4.66   6.33   5.89   4.56   6.63   3.96   3.18 
clusters[14] =   4.97   4.63   5.25   4.84   2.56   6.70   5.04   3.44   7.53   4.84   3.76   6.78   4.72   5.61   4.16   2.88 
clusters[15] =   4.02   4.01   6.36   6.16   7.32   5.19   3.73   4.73   6.00   4.33   3.47   2.74   4.59   7.31   5.13   3.65 

~~~~~~~~~~~~~~~~~~~~~~~~~~~~~~~~~~~~~~~~~~~~~~~~~~~~~~~~~~~~~~~~~~~~~~~~~~~~~~~~

dataset_size = 256.00 MB    numObjs = 4194304    numCoords = 16    numClusters = 16    block_size = 64


|-----------All GPU Kmeans------------|

t_alloc: 391.812801 ms

t_alloc_gpu: 2363.270044 ms

2112, 64, 65536
t_get_gpu: 90.244055 ms

nloops = 10  : total = 1298.776865 ms
	-> t_loop_avg = 129.877687 ms
	-> t_loop_min = 129.679918 ms
	-> t_loop_max = 131.330967 ms

|-------------------------------------------|
tTransfers=0.000839, tGPU=1.297937, tCPU=0.000000


Final cluster centers:
clusters[0] =   3.00   6.88   6.32   2.55   6.08   6.13   6.15   7.01   5.55   4.64   5.24   4.80   5.47   3.58   5.28   3.51 
clusters[1] =   3.10   6.29   3.00   7.09   6.00   4.52   3.21   4.48   5.12   5.05   7.21   6.40   5.38   3.63   5.74   4.28 
clusters[2] =   5.48   4.24   6.69   6.76   2.56   4.53   3.08   6.98   4.73   5.93   4.86   3.54   5.20   3.26   5.64   3.83 
clusters[3] =   6.12   3.87   3.32   5.18   6.08   3.79   7.26   3.53   3.81   5.54   3.60   4.23   5.36   3.35   6.47   3.02 
clusters[4] =   6.92   6.91   5.63   6.35   5.03   3.83   7.19   6.88   4.86   5.99   6.87   4.26   5.28   6.57   3.75   4.84 
clusters[5] =   2.89   5.42   6.51   4.35   3.19   3.37   5.47   3.38   2.38   5.90   4.29   6.16   5.07   6.39   4.39   5.27 
clusters[6] =   4.16   4.10   3.18   5.19   6.15   3.89   5.48   6.53   6.92   6.84   3.24   7.07   5.06   5.72   3.85   6.54 
clusters[7] =   5.35   3.22   5.68   2.99   5.39   4.39   4.26   3.17   6.42   6.85   7.41   3.33   5.11   4.51   4.55   6.29 
clusters[8] =   5.89   7.18   3.14   3.64   3.14   3.16   4.35   3.96   6.43   3.02   4.82   3.77   5.04   5.58   5.71   5.99 
clusters[9] =   6.85   4.38   6.33   3.52   6.35   3.38   3.17   6.63   3.96   3.54   4.01   6.88   4.80   4.48   6.06   6.27 
clusters[10] =   5.22   3.95   7.05   6.51   5.46   6.39   6.93   3.98   5.48   3.52   6.77   6.92   4.80   5.06   6.59   6.53 
clusters[11] =   3.70   3.46   3.00   5.08   3.35   6.82   6.30   6.73   4.14   4.16   4.71   3.26   4.69   5.17   5.65   7.11 
clusters[12] =   5.96   6.92   5.51   5.99   6.10   6.88   4.55   3.31   4.07   5.08   3.32   4.13   4.84   3.18   3.11   6.88 
clusters[13] =   6.55   4.41   3.10   3.86   5.28   6.97   3.71   5.30   2.75   4.66   6.33   5.89   4.56   6.63   3.96   3.18 
clusters[14] =   4.97   4.63   5.25   4.84   2.56   6.70   5.04   3.44   7.53   4.83   3.76   6.78   4.72   5.61   4.16   2.89 
clusters[15] =   4.02   4.01   6.36   6.16   7.32   5.19   3.73   4.73   6.00   4.33   3.47   2.74   4.58   7.31   5.13   3.65 

~~~~~~~~~~~~~~~~~~~~~~~~~~~~~~~~~~~~~~~~~~~~~~~~~~~~~~~~~~~~~~~~~~~~~~~~~~~~~~~~

dataset_size = 256.00 MB    numObjs = 4194304    numCoords = 16    numClusters = 16    block_size = 128


|-----------All GPU Kmeans------------|

t_alloc: 389.387846 ms

t_alloc_gpu: 2440.699100 ms

2112, 128, 32768
t_get_gpu: 90.183973 ms

nloops = 10  : total = 642.426014 ms
	-> t_loop_avg = 64.242601 ms
	-> t_loop_min = 64.002991 ms
	-> t_loop_max = 65.999985 ms

|-------------------------------------------|
tTransfers=0.000854, tGPU=0.641567, tCPU=0.000000


Final cluster centers:
clusters[0] =   3.00   6.88   6.32   2.55   6.08   6.13   6.15   7.01   5.55   4.64   5.24   4.80   5.47   3.58   5.28   3.51 
clusters[1] =   3.10   6.29   3.00   7.09   6.00   4.52   3.21   4.48   5.12   5.05   7.21   6.40   5.38   3.63   5.74   4.28 
clusters[2] =   5.48   4.24   6.69   6.76   2.57   4.53   3.08   6.98   4.73   5.92   4.86   3.54   5.19   3.26   5.64   3.83 
clusters[3] =   6.13   3.87   3.32   5.18   6.08   3.79   7.26   3.53   3.81   5.53   3.61   4.22   5.36   3.35   6.47   3.02 
clusters[4] =   6.92   6.91   5.63   6.35   5.03   3.83   7.19   6.88   4.86   5.99   6.87   4.26   5.28   6.57   3.75   4.84 
clusters[5] =   2.89   5.42   6.51   4.34   3.19   3.37   5.47   3.38   2.38   5.90   4.29   6.16   5.07   6.38   4.39   5.27 
clusters[6] =   4.16   4.10   3.18   5.19   6.15   3.89   5.48   6.53   6.92   6.84   3.24   7.07   5.06   5.72   3.85   6.54 
clusters[7] =   5.35   3.23   5.68   2.99   5.39   4.39   4.26   3.17   6.42   6.85   7.41   3.33   5.11   4.51   4.55   6.29 
clusters[8] =   5.89   7.18   3.14   3.64   3.14   3.16   4.35   3.96   6.43   3.02   4.82   3.77   5.04   5.58   5.71   5.99 
clusters[9] =   6.85   4.38   6.33   3.52   6.35   3.38   3.17   6.63   3.96   3.54   4.01   6.88   4.80   4.48   6.06   6.27 
clusters[10] =   5.22   3.95   7.05   6.51   5.46   6.39   6.93   3.98   5.48   3.52   6.77   6.92   4.80   5.06   6.59   6.53 
clusters[11] =   3.70   3.46   3.00   5.08   3.35   6.82   6.30   6.72   4.14   4.16   4.71   3.26   4.69   5.17   5.65   7.11 
clusters[12] =   5.96   6.92   5.51   5.99   6.10   6.88   4.55   3.31   4.07   5.09   3.32   4.13   4.84   3.18   3.12   6.88 
clusters[13] =   6.55   4.41   3.10   3.86   5.28   6.97   3.71   5.30   2.75   4.66   6.33   5.89   4.56   6.63   3.96   3.18 
clusters[14] =   4.97   4.63   5.25   4.84   2.56   6.70   5.04   3.44   7.53   4.84   3.76   6.78   4.72   5.61   4.16   2.89 
clusters[15] =   4.02   4.01   6.36   6.16   7.32   5.19   3.73   4.73   6.00   4.32   3.47   2.74   4.58   7.31   5.12   3.65 

~~~~~~~~~~~~~~~~~~~~~~~~~~~~~~~~~~~~~~~~~~~~~~~~~~~~~~~~~~~~~~~~~~~~~~~~~~~~~~~~

dataset_size = 256.00 MB    numObjs = 4194304    numCoords = 16    numClusters = 16    block_size = 256


|-----------All GPU Kmeans------------|

t_alloc: 389.792204 ms

t_alloc_gpu: 2389.498949 ms

2112, 256, 16384
t_get_gpu: 90.337992 ms

nloops = 10  : total = 472.027063 ms
	-> t_loop_avg = 47.202706 ms
	-> t_loop_min = 46.833038 ms
	-> t_loop_max = 49.750090 ms

|-------------------------------------------|
tTransfers=0.000831, tGPU=0.471192, tCPU=0.000000


Final cluster centers:
clusters[0] =   3.00   6.88   6.32   2.55   6.08   6.13   6.15   7.01   5.55   4.64   5.24   4.80   5.47   3.58   5.28   3.51 
clusters[1] =   3.10   6.29   3.00   7.09   5.99   4.52   3.21   4.48   5.12   5.05   7.21   6.40   5.38   3.63   5.74   4.28 
clusters[2] =   5.48   4.24   6.69   6.76   2.56   4.53   3.08   6.98   4.72   5.92   4.86   3.54   5.19   3.26   5.64   3.83 
clusters[3] =   6.12   3.87   3.32   5.18   6.08   3.79   7.26   3.52   3.81   5.53   3.60   4.22   5.36   3.35   6.47   3.01 
clusters[4] =   6.92   6.91   5.62   6.34   5.03   3.83   7.19   6.88   4.86   5.98   6.87   4.27   5.28   6.57   3.75   4.84 
clusters[5] =   2.89   5.42   6.51   4.34   3.19   3.37   5.46   3.38   2.38   5.90   4.29   6.16   5.07   6.39   4.39   5.27 
clusters[6] =   4.16   4.10   3.18   5.19   6.15   3.89   5.47   6.53   6.92   6.83   3.24   7.07   5.06   5.72   3.85   6.54 
clusters[7] =   5.35   3.23   5.68   2.99   5.39   4.39   4.26   3.18   6.42   6.85   7.41   3.33   5.11   4.51   4.55   6.29 
clusters[8] =   5.89   7.18   3.14   3.64   3.14   3.15   4.35   3.96   6.43   3.01   4.82   3.77   5.04   5.58   5.71   5.99 
clusters[9] =   6.85   4.39   6.33   3.52   6.35   3.39   3.16   6.63   3.96   3.55   4.00   6.88   4.80   4.48   6.06   6.27 
clusters[10] =   5.22   3.95   7.05   6.51   5.46   6.39   6.92   3.98   5.48   3.52   6.77   6.92   4.80   5.06   6.59   6.53 
clusters[11] =   3.70   3.46   3.00   5.08   3.35   6.82   6.29   6.72   4.14   4.16   4.71   3.26   4.70   5.17   5.65   7.11 
clusters[12] =   5.96   6.92   5.51   5.99   6.10   6.88   4.55   3.31   4.07   5.09   3.32   4.13   4.84   3.18   3.12   6.88 
clusters[13] =   6.55   4.41   3.10   3.86   5.28   6.97   3.71   5.30   2.75   4.66   6.33   5.89   4.56   6.63   3.96   3.18 
clusters[14] =   4.97   4.64   5.25   4.84   2.56   6.70   5.04   3.43   7.53   4.84   3.76   6.78   4.72   5.61   4.17   2.89 
clusters[15] =   4.02   4.01   6.36   6.16   7.32   5.19   3.73   4.73   6.00   4.33   3.47   2.74   4.58   7.31   5.13   3.65 

~~~~~~~~~~~~~~~~~~~~~~~~~~~~~~~~~~~~~~~~~~~~~~~~~~~~~~~~~~~~~~~~~~~~~~~~~~~~~~~~

dataset_size = 256.00 MB    numObjs = 4194304    numCoords = 16    numClusters = 16    block_size = 512


|-----------All GPU Kmeans------------|

t_alloc: 390.558004 ms

t_alloc_gpu: 2359.235048 ms

2112, 512, 8192
t_get_gpu: 90.455055 ms

nloops = 10  : total = 431.190014 ms
	-> t_loop_avg = 43.119001 ms
	-> t_loop_min = 42.737007 ms
	-> t_loop_max = 45.578957 ms

|-------------------------------------------|
tTransfers=0.000830, tGPU=0.430359, tCPU=0.000000


Final cluster centers:
clusters[0] =   3.00   6.88   6.32   2.55   6.07   6.13   6.15   7.00   5.55   4.64   5.23   4.79   5.46   3.58   5.28   3.51 
clusters[1] =   3.10   6.29   3.00   7.09   5.99   4.52   3.21   4.48   5.12   5.05   7.21   6.39   5.38   3.63   5.74   4.28 
clusters[2] =   5.47   4.23   6.68   6.76   2.56   4.53   3.08   6.97   4.72   5.92   4.86   3.54   5.19   3.26   5.64   3.83 
clusters[3] =   6.12   3.87   3.32   5.17   6.08   3.79   7.26   3.52   3.81   5.53   3.60   4.22   5.35   3.35   6.46   3.01 
clusters[4] =   6.91   6.90   5.62   6.34   5.02   3.83   7.18   6.87   4.86   5.98   6.86   4.26   5.28   6.57   3.75   4.84 
clusters[5] =   2.89   5.42   6.51   4.34   3.18   3.36   5.46   3.37   2.38   5.90   4.28   6.15   5.07   6.38   4.39   5.27 
clusters[6] =   4.16   4.10   3.18   5.18   6.15   3.89   5.47   6.52   6.91   6.83   3.23   7.06   5.05   5.72   3.85   6.54 
clusters[7] =   5.35   3.22   5.68   2.99   5.39   4.39   4.26   3.17   6.42   6.85   7.41   3.33   5.11   4.50   4.55   6.29 
clusters[8] =   5.89   7.17   3.14   3.64   3.14   3.15   4.34   3.96   6.43   3.01   4.81   3.77   5.04   5.58   5.71   5.99 
clusters[9] =   6.84   4.38   6.33   3.52   6.34   3.38   3.16   6.63   3.96   3.54   4.00   6.88   4.79   4.48   6.06   6.27 
clusters[10] =   5.22   3.95   7.05   6.50   5.46   6.38   6.92   3.98   5.47   3.51   6.76   6.91   4.80   5.05   6.58   6.53 
clusters[11] =   3.70   3.46   3.00   5.07   3.35   6.81   6.29   6.72   4.13   4.16   4.71   3.25   4.69   5.17   5.65   7.10 
clusters[12] =   5.96   6.91   5.50   5.99   6.10   6.88   4.55   3.31   4.07   5.08   3.32   4.13   4.83   3.18   3.11   6.88 
clusters[13] =   6.55   4.41   3.10   3.86   5.28   6.97   3.71   5.29   2.75   4.66   6.32   5.89   4.56   6.63   3.96   3.18 
clusters[14] =   4.97   4.63   5.25   4.83   2.56   6.70   5.04   3.43   7.53   4.83   3.76   6.77   4.72   5.61   4.16   2.88 
clusters[15] =   4.02   4.01   6.36   6.16   7.32   5.18   3.73   4.73   6.00   4.32   3.47   2.74   4.58   7.30   5.12   3.65 

~~~~~~~~~~~~~~~~~~~~~~~~~~~~~~~~~~~~~~~~~~~~~~~~~~~~~~~~~~~~~~~~~~~~~~~~~~~~~~~~

dataset_size = 256.00 MB    numObjs = 4194304    numCoords = 16    numClusters = 16    block_size = 1024


|-----------All GPU Kmeans------------|

t_alloc: 388.746023 ms

t_alloc_gpu: 2412.715912 ms

2112, 1024, 4096
t_get_gpu: 90.464115 ms

nloops = 10  : total = 574.248075 ms
	-> t_loop_avg = 57.424808 ms
	-> t_loop_min = 56.988955 ms
	-> t_loop_max = 60.647011 ms

|-------------------------------------------|
tTransfers=0.000836, tGPU=0.573406, tCPU=0.000001


Final cluster centers:
clusters[0] =   2.99   6.87   6.31   2.55   6.06   6.12   6.14   6.99   5.54   4.64   5.23   4.79   5.46   3.58   5.27   3.50 
clusters[1] =   3.10   6.28   2.99   7.08   5.98   4.51   3.20   4.47   5.11   5.05   7.20   6.39   5.37   3.62   5.73   4.27 
clusters[2] =   5.47   4.23   6.68   6.75   2.56   4.53   3.08   6.97   4.72   5.92   4.85   3.53   5.19   3.26   5.63   3.83 
clusters[3] =   6.12   3.86   3.31   5.17   6.07   3.78   7.25   3.52   3.81   5.52   3.60   4.21   5.35   3.34   6.46   3.01 
clusters[4] =   6.90   6.90   5.61   6.33   5.02   3.82   7.17   6.86   4.85   5.97   6.86   4.26   5.27   6.56   3.74   4.83 
clusters[5] =   2.88   5.41   6.50   4.33   3.18   3.36   5.45   3.37   2.38   5.89   4.28   6.15   5.07   6.37   4.39   5.26 
clusters[6] =   4.15   4.09   3.18   5.18   6.14   3.89   5.47   6.52   6.91   6.82   3.23   7.06   5.05   5.71   3.85   6.53 
clusters[7] =   5.34   3.22   5.67   2.98   5.38   4.38   4.25   3.17   6.41   6.84   7.40   3.33   5.10   4.50   4.54   6.28 
clusters[8] =   5.88   7.16   3.14   3.64   3.14   3.15   4.34   3.95   6.42   3.01   4.80   3.76   5.03   5.57   5.70   5.98 
clusters[9] =   6.84   4.38   6.32   3.51   6.34   3.38   3.16   6.62   3.95   3.54   4.00   6.87   4.79   4.47   6.05   6.26 
clusters[10] =   5.21   3.95   7.04   6.49   5.45   6.38   6.91   3.97   5.47   3.51   6.75   6.91   4.79   5.05   6.58   6.52 
clusters[11] =   3.70   3.45   2.99   5.07   3.34   6.81   6.29   6.72   4.13   4.16   4.70   3.25   4.69   5.17   5.64   7.10 
clusters[12] =   5.95   6.90   5.50   5.98   6.09   6.87   4.55   3.30   4.06   5.08   3.31   4.12   4.83   3.18   3.11   6.87 
clusters[13] =   6.54   4.40   3.09   3.85   5.27   6.96   3.70   5.29   2.74   4.65   6.32   5.88   4.55   6.62   3.95   3.17 
clusters[14] =   4.97   4.63   5.24   4.83   2.55   6.69   5.03   3.43   7.52   4.83   3.75   6.77   4.72   5.60   4.15   2.88 
clusters[15] =   4.02   4.00   6.35   6.15   7.31   5.18   3.72   4.72   5.99   4.32   3.46   2.73   4.58   7.30   5.12   3.64 
