
~~~~~~~~~~~~~~~~~~~~~~~~~~~~~~~~~~~~~~~~~~~~~~~~~~~~~~~~~~~~~~~~~~~~~~~~~~~~~~~~

dataset_size = 256.00 MB    numObjs = 4194304    numCoords = 16    numClusters = 16    block_size = 32

|-------------Sequential Kmeans-------------|

t_alloc: 5.463123 ms

nloops = 10  : total = 5487.842083 ms
	-> t_loop_avg = 548.784208 ms
	-> t_loop_min = 545.767069 ms
	-> t_loop_max = 555.126905 ms

|-------------------------------------------|


|-------------Naive GPU Kmeans (Adv. Timers)--------------|

t_alloc: 0.964165 ms

t_alloc_gpu: 2357.151031 ms

t_get_gpu: 90.220928 ms

nloops = 10  : total = 1329.071045 ms
	-> t_loop_avg = 132.907104 ms
	-> t_loop_min = 132.719040 ms
	-> t_loop_max = 133.882046 ms

|-------------------------------------------|
tTransfers=0.053080, tGPU=1.060387, tCPU=0.215602


Final cluster centers:
clusters[0] =   3.00   6.88   6.32   2.55   6.08   6.13   6.15   7.01   5.55   4.64   5.24   4.80   5.47   3.58   5.28   3.51 
clusters[1] =   3.10   6.29   3.00   7.09   6.00   4.53   3.21   4.48   5.13   5.06   7.21   6.40   5.39   3.63   5.75   4.29 
clusters[2] =   5.48   4.24   6.69   6.76   2.57   4.54   3.09   6.98   4.73   5.93   4.86   3.54   5.20   3.26   5.64   3.83 
clusters[3] =   6.13   3.87   3.32   5.18   6.08   3.79   7.26   3.53   3.81   5.54   3.61   4.23   5.36   3.35   6.47   3.02 
clusters[4] =   6.92   6.91   5.63   6.35   5.03   3.83   7.19   6.88   4.87   5.99   6.87   4.26   5.28   6.57   3.75   4.84 
clusters[5] =   2.89   5.42   6.51   4.35   3.19   3.37   5.47   3.38   2.38   5.90   4.29   6.16   5.08   6.39   4.40   5.27 
clusters[6] =   4.16   4.10   3.18   5.19   6.16   3.90   5.48   6.53   6.92   6.84   3.24   7.07   5.06   5.72   3.85   6.54 
clusters[7] =   5.35   3.22   5.68   2.99   5.39   4.39   4.26   3.18   6.42   6.85   7.41   3.33   5.11   4.50   4.55   6.29 
clusters[8] =   5.89   7.18   3.14   3.64   3.14   3.16   4.35   3.96   6.43   3.02   4.82   3.77   5.04   5.58   5.71   5.99 
clusters[9] =   6.85   4.38   6.33   3.52   6.35   3.38   3.17   6.63   3.96   3.54   4.01   6.88   4.80   4.48   6.06   6.27 
clusters[10] =   5.23   3.95   7.05   6.51   5.47   6.39   6.93   3.98   5.48   3.52   6.77   6.92   4.80   5.06   6.59   6.53 
clusters[11] =   3.70   3.46   3.00   5.08   3.35   6.82   6.30   6.73   4.14   4.16   4.71   3.26   4.69   5.17   5.65   7.11 
clusters[12] =   5.96   6.92   5.51   5.99   6.10   6.88   4.56   3.31   4.07   5.08   3.32   4.13   4.84   3.18   3.11   6.88 
clusters[13] =   6.55   4.41   3.10   3.86   5.28   6.97   3.71   5.30   2.75   4.66   6.33   5.89   4.56   6.63   3.96   3.18 
clusters[14] =   4.97   4.63   5.25   4.84   2.56   6.70   5.04   3.44   7.53   4.83   3.76   6.78   4.72   5.61   4.16   2.89 
clusters[15] =   4.02   4.01   6.36   6.16   7.32   5.19   3.73   4.73   6.00   4.33   3.47   2.74   4.59   7.31   5.13   3.65 
Performing validation....PASSED!

~~~~~~~~~~~~~~~~~~~~~~~~~~~~~~~~~~~~~~~~~~~~~~~~~~~~~~~~~~~~~~~~~~~~~~~~~~~~~~~~

dataset_size = 256.00 MB    numObjs = 4194304    numCoords = 16    numClusters = 16    block_size = 64

|-------------Sequential Kmeans-------------|

t_alloc: 5.515814 ms

nloops = 10  : total = 5489.979029 ms
	-> t_loop_avg = 548.997903 ms
	-> t_loop_min = 546.087980 ms
	-> t_loop_max = 555.967093 ms

|-------------------------------------------|


|-------------Naive GPU Kmeans (Adv. Timers)--------------|

t_alloc: 0.964880 ms

t_alloc_gpu: 2399.903774 ms

t_get_gpu: 90.422869 ms

nloops = 10  : total = 1328.677893 ms
	-> t_loop_avg = 132.867789 ms
	-> t_loop_min = 132.566929 ms
	-> t_loop_max = 133.671999 ms

|-------------------------------------------|
tTransfers=0.052930, tGPU=1.061374, tCPU=0.214373


Final cluster centers:
clusters[0] =   3.00   6.88   6.32   2.55   6.08   6.13   6.15   7.01   5.55   4.64   5.24   4.80   5.47   3.58   5.28   3.51 
clusters[1] =   3.10   6.29   3.00   7.09   6.00   4.53   3.21   4.48   5.13   5.06   7.21   6.40   5.39   3.63   5.75   4.29 
clusters[2] =   5.48   4.24   6.69   6.76   2.57   4.54   3.09   6.98   4.73   5.93   4.86   3.54   5.20   3.26   5.64   3.83 
clusters[3] =   6.13   3.87   3.32   5.18   6.08   3.79   7.26   3.53   3.81   5.54   3.61   4.23   5.36   3.35   6.47   3.02 
clusters[4] =   6.92   6.91   5.63   6.35   5.03   3.83   7.19   6.88   4.87   5.99   6.87   4.26   5.28   6.57   3.75   4.84 
clusters[5] =   2.89   5.42   6.51   4.35   3.19   3.37   5.47   3.38   2.38   5.90   4.29   6.16   5.08   6.39   4.40   5.27 
clusters[6] =   4.16   4.10   3.18   5.19   6.16   3.90   5.48   6.53   6.92   6.84   3.24   7.07   5.06   5.72   3.85   6.54 
clusters[7] =   5.35   3.22   5.68   2.99   5.39   4.39   4.26   3.18   6.42   6.85   7.41   3.33   5.11   4.50   4.55   6.29 
clusters[8] =   5.89   7.18   3.14   3.64   3.14   3.16   4.35   3.96   6.43   3.02   4.82   3.77   5.04   5.58   5.71   5.99 
clusters[9] =   6.85   4.38   6.33   3.52   6.35   3.38   3.17   6.63   3.96   3.54   4.01   6.88   4.80   4.48   6.06   6.27 
clusters[10] =   5.23   3.95   7.05   6.51   5.47   6.39   6.93   3.98   5.48   3.52   6.77   6.92   4.80   5.06   6.59   6.53 
clusters[11] =   3.70   3.46   3.00   5.08   3.35   6.82   6.30   6.73   4.14   4.16   4.71   3.26   4.69   5.17   5.65   7.11 
clusters[12] =   5.96   6.92   5.51   5.99   6.10   6.88   4.56   3.31   4.07   5.08   3.32   4.13   4.84   3.18   3.11   6.88 
clusters[13] =   6.55   4.41   3.10   3.86   5.28   6.97   3.71   5.30   2.75   4.66   6.33   5.89   4.56   6.63   3.96   3.18 
clusters[14] =   4.97   4.63   5.25   4.84   2.56   6.70   5.04   3.44   7.53   4.83   3.76   6.78   4.72   5.61   4.16   2.89 
clusters[15] =   4.02   4.01   6.36   6.16   7.32   5.19   3.73   4.73   6.00   4.33   3.47   2.74   4.59   7.31   5.13   3.65 
Performing validation....PASSED!

~~~~~~~~~~~~~~~~~~~~~~~~~~~~~~~~~~~~~~~~~~~~~~~~~~~~~~~~~~~~~~~~~~~~~~~~~~~~~~~~

dataset_size = 256.00 MB    numObjs = 4194304    numCoords = 16    numClusters = 16    block_size = 128

|-------------Sequential Kmeans-------------|

t_alloc: 5.506992 ms

nloops = 10  : total = 5493.613958 ms
	-> t_loop_avg = 549.361396 ms
	-> t_loop_min = 545.470953 ms
	-> t_loop_max = 555.953979 ms

|-------------------------------------------|


|-------------Naive GPU Kmeans (Adv. Timers)--------------|

t_alloc: 0.973940 ms

t_alloc_gpu: 2401.204109 ms

t_get_gpu: 90.288877 ms

nloops = 10  : total = 1316.840887 ms
	-> t_loop_avg = 131.684089 ms
	-> t_loop_min = 131.425858 ms
	-> t_loop_max = 132.454872 ms

|-------------------------------------------|
tTransfers=0.053066, tGPU=1.049277, tCPU=0.214494


Final cluster centers:
clusters[0] =   3.00   6.88   6.32   2.55   6.08   6.13   6.15   7.01   5.55   4.64   5.24   4.80   5.47   3.58   5.28   3.51 
clusters[1] =   3.10   6.29   3.00   7.09   6.00   4.53   3.21   4.48   5.13   5.06   7.21   6.40   5.39   3.63   5.75   4.29 
clusters[2] =   5.48   4.24   6.69   6.76   2.57   4.54   3.09   6.98   4.73   5.93   4.86   3.54   5.20   3.26   5.64   3.83 
clusters[3] =   6.13   3.87   3.32   5.18   6.08   3.79   7.26   3.53   3.81   5.54   3.61   4.23   5.36   3.35   6.47   3.02 
clusters[4] =   6.92   6.91   5.63   6.35   5.03   3.83   7.19   6.88   4.87   5.99   6.87   4.26   5.28   6.57   3.75   4.84 
clusters[5] =   2.89   5.42   6.51   4.35   3.19   3.37   5.47   3.38   2.38   5.90   4.29   6.16   5.08   6.39   4.40   5.27 
clusters[6] =   4.16   4.10   3.18   5.19   6.16   3.90   5.48   6.53   6.92   6.84   3.24   7.07   5.06   5.72   3.85   6.54 
clusters[7] =   5.35   3.22   5.68   2.99   5.39   4.39   4.26   3.18   6.42   6.85   7.41   3.33   5.11   4.50   4.55   6.29 
clusters[8] =   5.89   7.18   3.14   3.64   3.14   3.16   4.35   3.96   6.43   3.02   4.82   3.77   5.04   5.58   5.71   5.99 
clusters[9] =   6.85   4.38   6.33   3.52   6.35   3.38   3.17   6.63   3.96   3.54   4.01   6.88   4.80   4.48   6.06   6.27 
clusters[10] =   5.23   3.95   7.05   6.51   5.47   6.39   6.93   3.98   5.48   3.52   6.77   6.92   4.80   5.06   6.59   6.53 
clusters[11] =   3.70   3.46   3.00   5.08   3.35   6.82   6.30   6.73   4.14   4.16   4.71   3.26   4.69   5.17   5.65   7.11 
clusters[12] =   5.96   6.92   5.51   5.99   6.10   6.88   4.56   3.31   4.07   5.08   3.32   4.13   4.84   3.18   3.11   6.88 
clusters[13] =   6.55   4.41   3.10   3.86   5.28   6.97   3.71   5.30   2.75   4.66   6.33   5.89   4.56   6.63   3.96   3.18 
clusters[14] =   4.97   4.63   5.25   4.84   2.56   6.70   5.04   3.44   7.53   4.83   3.76   6.78   4.72   5.61   4.16   2.89 
clusters[15] =   4.02   4.01   6.36   6.16   7.32   5.19   3.73   4.73   6.00   4.33   3.47   2.74   4.59   7.31   5.13   3.65 
Performing validation....PASSED!

~~~~~~~~~~~~~~~~~~~~~~~~~~~~~~~~~~~~~~~~~~~~~~~~~~~~~~~~~~~~~~~~~~~~~~~~~~~~~~~~

dataset_size = 256.00 MB    numObjs = 4194304    numCoords = 16    numClusters = 16    block_size = 256

|-------------Sequential Kmeans-------------|

t_alloc: 5.535841 ms

nloops = 10  : total = 5488.449812 ms
	-> t_loop_avg = 548.844981 ms
	-> t_loop_min = 546.532869 ms
	-> t_loop_max = 555.562019 ms

|-------------------------------------------|


|-------------Naive GPU Kmeans (Adv. Timers)--------------|

t_alloc: 0.962973 ms

t_alloc_gpu: 2366.949797 ms

t_get_gpu: 90.121031 ms

nloops = 10  : total = 1320.903063 ms
	-> t_loop_avg = 132.090306 ms
	-> t_loop_min = 131.710052 ms
	-> t_loop_max = 132.944107 ms

|-------------------------------------------|
tTransfers=0.053021, tGPU=1.051722, tCPU=0.216157


Final cluster centers:
clusters[0] =   3.00   6.88   6.32   2.55   6.08   6.13   6.15   7.01   5.55   4.64   5.24   4.80   5.47   3.58   5.28   3.51 
clusters[1] =   3.10   6.29   3.00   7.09   6.00   4.53   3.21   4.48   5.13   5.06   7.21   6.40   5.39   3.63   5.75   4.29 
clusters[2] =   5.48   4.24   6.69   6.76   2.57   4.54   3.09   6.98   4.73   5.93   4.86   3.54   5.20   3.26   5.64   3.83 
clusters[3] =   6.13   3.87   3.32   5.18   6.08   3.79   7.26   3.53   3.81   5.54   3.61   4.23   5.36   3.35   6.47   3.02 
clusters[4] =   6.92   6.91   5.63   6.35   5.03   3.83   7.19   6.88   4.87   5.99   6.87   4.26   5.28   6.57   3.75   4.84 
clusters[5] =   2.89   5.42   6.51   4.35   3.19   3.37   5.47   3.38   2.38   5.90   4.29   6.16   5.08   6.39   4.40   5.27 
clusters[6] =   4.16   4.10   3.18   5.19   6.16   3.90   5.48   6.53   6.92   6.84   3.24   7.07   5.06   5.72   3.85   6.54 
clusters[7] =   5.35   3.22   5.68   2.99   5.39   4.39   4.26   3.18   6.42   6.85   7.41   3.33   5.11   4.50   4.55   6.29 
clusters[8] =   5.89   7.18   3.14   3.64   3.14   3.16   4.35   3.96   6.43   3.02   4.82   3.77   5.04   5.58   5.71   5.99 
clusters[9] =   6.85   4.38   6.33   3.52   6.35   3.38   3.17   6.63   3.96   3.54   4.01   6.88   4.80   4.48   6.06   6.27 
clusters[10] =   5.23   3.95   7.05   6.51   5.47   6.39   6.93   3.98   5.48   3.52   6.77   6.92   4.80   5.06   6.59   6.53 
clusters[11] =   3.70   3.46   3.00   5.08   3.35   6.82   6.30   6.73   4.14   4.16   4.71   3.26   4.69   5.17   5.65   7.11 
clusters[12] =   5.96   6.92   5.51   5.99   6.10   6.88   4.56   3.31   4.07   5.08   3.32   4.13   4.84   3.18   3.11   6.88 
clusters[13] =   6.55   4.41   3.10   3.86   5.28   6.97   3.71   5.30   2.75   4.66   6.33   5.89   4.56   6.63   3.96   3.18 
clusters[14] =   4.97   4.63   5.25   4.84   2.56   6.70   5.04   3.44   7.53   4.83   3.76   6.78   4.72   5.61   4.16   2.89 
clusters[15] =   4.02   4.01   6.36   6.16   7.32   5.19   3.73   4.73   6.00   4.33   3.47   2.74   4.59   7.31   5.13   3.65 
Performing validation....PASSED!

~~~~~~~~~~~~~~~~~~~~~~~~~~~~~~~~~~~~~~~~~~~~~~~~~~~~~~~~~~~~~~~~~~~~~~~~~~~~~~~~

dataset_size = 256.00 MB    numObjs = 4194304    numCoords = 16    numClusters = 16    block_size = 512

|-------------Sequential Kmeans-------------|

t_alloc: 5.471945 ms

nloops = 10  : total = 5490.930080 ms
	-> t_loop_avg = 549.093008 ms
	-> t_loop_min = 546.994925 ms
	-> t_loop_max = 555.619955 ms

|-------------------------------------------|


|-------------Naive GPU Kmeans (Adv. Timers)--------------|

t_alloc: 0.969887 ms

t_alloc_gpu: 2404.901981 ms

t_get_gpu: 90.379953 ms

nloops = 10  : total = 1339.236975 ms
	-> t_loop_avg = 133.923697 ms
	-> t_loop_min = 133.639097 ms
	-> t_loop_max = 134.760141 ms

|-------------------------------------------|
tTransfers=0.053073, tGPU=1.070794, tCPU=0.215368


Final cluster centers:
clusters[0] =   3.00   6.88   6.32   2.55   6.08   6.13   6.15   7.01   5.55   4.64   5.24   4.80   5.47   3.58   5.28   3.51 
clusters[1] =   3.10   6.29   3.00   7.09   6.00   4.53   3.21   4.48   5.13   5.06   7.21   6.40   5.39   3.63   5.75   4.29 
clusters[2] =   5.48   4.24   6.69   6.76   2.57   4.54   3.09   6.98   4.73   5.93   4.86   3.54   5.20   3.26   5.64   3.83 
clusters[3] =   6.13   3.87   3.32   5.18   6.08   3.79   7.26   3.53   3.81   5.54   3.61   4.23   5.36   3.35   6.47   3.02 
clusters[4] =   6.92   6.91   5.63   6.35   5.03   3.83   7.19   6.88   4.87   5.99   6.87   4.26   5.28   6.57   3.75   4.84 
clusters[5] =   2.89   5.42   6.51   4.35   3.19   3.37   5.47   3.38   2.38   5.90   4.29   6.16   5.08   6.39   4.40   5.27 
clusters[6] =   4.16   4.10   3.18   5.19   6.16   3.90   5.48   6.53   6.92   6.84   3.24   7.07   5.06   5.72   3.85   6.54 
clusters[7] =   5.35   3.22   5.68   2.99   5.39   4.39   4.26   3.18   6.42   6.85   7.41   3.33   5.11   4.50   4.55   6.29 
clusters[8] =   5.89   7.18   3.14   3.64   3.14   3.16   4.35   3.96   6.43   3.02   4.82   3.77   5.04   5.58   5.71   5.99 
clusters[9] =   6.85   4.38   6.33   3.52   6.35   3.38   3.17   6.63   3.96   3.54   4.01   6.88   4.80   4.48   6.06   6.27 
clusters[10] =   5.23   3.95   7.05   6.51   5.47   6.39   6.93   3.98   5.48   3.52   6.77   6.92   4.80   5.06   6.59   6.53 
clusters[11] =   3.70   3.46   3.00   5.08   3.35   6.82   6.30   6.73   4.14   4.16   4.71   3.26   4.69   5.17   5.65   7.11 
clusters[12] =   5.96   6.92   5.51   5.99   6.10   6.88   4.56   3.31   4.07   5.08   3.32   4.13   4.84   3.18   3.11   6.88 
clusters[13] =   6.55   4.41   3.10   3.86   5.28   6.97   3.71   5.30   2.75   4.66   6.33   5.89   4.56   6.63   3.96   3.18 
clusters[14] =   4.97   4.63   5.25   4.84   2.56   6.70   5.04   3.44   7.53   4.83   3.76   6.78   4.72   5.61   4.16   2.89 
clusters[15] =   4.02   4.01   6.36   6.16   7.32   5.19   3.73   4.73   6.00   4.33   3.47   2.74   4.59   7.31   5.13   3.65 
Performing validation....PASSED!

~~~~~~~~~~~~~~~~~~~~~~~~~~~~~~~~~~~~~~~~~~~~~~~~~~~~~~~~~~~~~~~~~~~~~~~~~~~~~~~~

dataset_size = 256.00 MB    numObjs = 4194304    numCoords = 16    numClusters = 16    block_size = 1024

|-------------Sequential Kmeans-------------|

t_alloc: 5.484104 ms

nloops = 10  : total = 5775.178909 ms
	-> t_loop_avg = 577.517891 ms
	-> t_loop_min = 574.944019 ms
	-> t_loop_max = 584.654808 ms

|-------------------------------------------|


|-------------Naive GPU Kmeans (Adv. Timers)--------------|

t_alloc: 0.966072 ms

t_alloc_gpu: 2385.306120 ms

t_get_gpu: 90.377808 ms

nloops = 10  : total = 1360.451937 ms
	-> t_loop_avg = 136.045194 ms
	-> t_loop_min = 135.617971 ms
	-> t_loop_max = 136.899948 ms

|-------------------------------------------|
tTransfers=0.053066, tGPU=1.092234, tCPU=0.215149


Final cluster centers:
clusters[0] =   3.00   6.88   6.32   2.55   6.08   6.13   6.15   7.01   5.55   4.64   5.24   4.80   5.47   3.58   5.28   3.51 
clusters[1] =   3.10   6.29   3.00   7.09   6.00   4.53   3.21   4.48   5.13   5.06   7.21   6.40   5.39   3.63   5.75   4.29 
clusters[2] =   5.48   4.24   6.69   6.76   2.57   4.54   3.09   6.98   4.73   5.93   4.86   3.54   5.20   3.26   5.64   3.83 
clusters[3] =   6.13   3.87   3.32   5.18   6.08   3.79   7.26   3.53   3.81   5.54   3.61   4.23   5.36   3.35   6.47   3.02 
clusters[4] =   6.92   6.91   5.63   6.35   5.03   3.83   7.19   6.88   4.87   5.99   6.87   4.26   5.28   6.57   3.75   4.84 
clusters[5] =   2.89   5.42   6.51   4.35   3.19   3.37   5.47   3.38   2.38   5.90   4.29   6.16   5.08   6.39   4.40   5.27 
clusters[6] =   4.16   4.10   3.18   5.19   6.16   3.90   5.48   6.53   6.92   6.84   3.24   7.07   5.06   5.72   3.85   6.54 
clusters[7] =   5.35   3.22   5.68   2.99   5.39   4.39   4.26   3.18   6.42   6.85   7.41   3.33   5.11   4.50   4.55   6.29 
clusters[8] =   5.89   7.18   3.14   3.64   3.14   3.16   4.35   3.96   6.43   3.02   4.82   3.77   5.04   5.58   5.71   5.99 
clusters[9] =   6.85   4.38   6.33   3.52   6.35   3.38   3.17   6.63   3.96   3.54   4.01   6.88   4.80   4.48   6.06   6.27 
clusters[10] =   5.23   3.95   7.05   6.51   5.47   6.39   6.93   3.98   5.48   3.52   6.77   6.92   4.80   5.06   6.59   6.53 
clusters[11] =   3.70   3.46   3.00   5.08   3.35   6.82   6.30   6.73   4.14   4.16   4.71   3.26   4.69   5.17   5.65   7.11 
clusters[12] =   5.96   6.92   5.51   5.99   6.10   6.88   4.56   3.31   4.07   5.08   3.32   4.13   4.84   3.18   3.11   6.88 
clusters[13] =   6.55   4.41   3.10   3.86   5.28   6.97   3.71   5.30   2.75   4.66   6.33   5.89   4.56   6.63   3.96   3.18 
clusters[14] =   4.97   4.63   5.25   4.84   2.56   6.70   5.04   3.44   7.53   4.83   3.76   6.78   4.72   5.61   4.16   2.89 
clusters[15] =   4.02   4.01   6.36   6.16   7.32   5.19   3.73   4.73   6.00   4.33   3.47   2.74   4.59   7.31   5.13   3.65 
Performing validation....PASSED!

~~~~~~~~~~~~~~~~~~~~~~~~~~~~~~~~~~~~~~~~~~~~~~~~~~~~~~~~~~~~~~~~~~~~~~~~~~~~~~~~

dataset_size = 256.00 MB    numObjs = 4194304    numCoords = 16    numClusters = 16    block_size = 32

|-------------Sequential Kmeans-------------|

t_alloc: 5.497932 ms

nloops = 10  : total = 5484.059095 ms
	-> t_loop_avg = 548.405910 ms
	-> t_loop_min = 545.452118 ms
	-> t_loop_max = 555.160046 ms

|-------------------------------------------|


|-----------Transpose GPU Kmeans (Adv. Timers)------------|

t_alloc: 384.854794 ms

t_alloc_gpu: 2359.636068 ms

t_get_gpu: 90.286016 ms

nloops = 10  : total = 861.390114 ms
	-> t_loop_avg = 86.139011 ms
	-> t_loop_min = 85.859060 ms
	-> t_loop_max = 87.244987 ms

|-------------------------------------------|
tTransfers=0.052870, tGPU=0.260788, tCPU=0.547725


Final cluster centers:
clusters[0] =   3.00   6.88   6.32   2.55   6.08   6.13   6.15   7.01   5.55   4.64   5.24   4.80   5.47   3.58   5.28   3.51 
clusters[1] =   3.10   6.29   3.00   7.09   6.00   4.53   3.21   4.48   5.13   5.06   7.21   6.40   5.39   3.63   5.75   4.29 
clusters[2] =   5.48   4.24   6.69   6.76   2.57   4.54   3.09   6.98   4.73   5.93   4.86   3.54   5.20   3.26   5.64   3.83 
clusters[3] =   6.13   3.87   3.32   5.18   6.08   3.79   7.26   3.53   3.81   5.54   3.61   4.23   5.36   3.35   6.47   3.02 
clusters[4] =   6.92   6.91   5.63   6.35   5.03   3.83   7.19   6.88   4.87   5.99   6.87   4.26   5.28   6.57   3.75   4.84 
clusters[5] =   2.89   5.42   6.51   4.35   3.19   3.37   5.47   3.38   2.38   5.90   4.29   6.16   5.08   6.39   4.40   5.27 
clusters[6] =   4.16   4.10   3.18   5.19   6.16   3.90   5.48   6.53   6.92   6.84   3.24   7.07   5.06   5.72   3.85   6.54 
clusters[7] =   5.35   3.22   5.68   2.99   5.39   4.39   4.26   3.18   6.42   6.85   7.41   3.33   5.11   4.50   4.55   6.29 
clusters[8] =   5.89   7.18   3.14   3.64   3.14   3.16   4.35   3.96   6.43   3.02   4.82   3.77   5.04   5.58   5.71   5.99 
clusters[9] =   6.85   4.38   6.33   3.52   6.35   3.38   3.17   6.63   3.96   3.54   4.01   6.88   4.80   4.48   6.06   6.27 
clusters[10] =   5.23   3.95   7.05   6.51   5.47   6.39   6.93   3.98   5.48   3.52   6.77   6.92   4.80   5.06   6.59   6.53 
clusters[11] =   3.70   3.46   3.00   5.08   3.35   6.82   6.30   6.73   4.14   4.16   4.71   3.26   4.69   5.17   5.65   7.11 
clusters[12] =   5.96   6.92   5.51   5.99   6.10   6.88   4.56   3.31   4.07   5.08   3.32   4.13   4.84   3.18   3.11   6.88 
clusters[13] =   6.55   4.41   3.10   3.86   5.28   6.97   3.71   5.30   2.75   4.66   6.33   5.89   4.56   6.63   3.96   3.18 
clusters[14] =   4.97   4.63   5.25   4.84   2.56   6.70   5.04   3.44   7.53   4.83   3.76   6.78   4.72   5.61   4.16   2.89 
clusters[15] =   4.02   4.01   6.36   6.16   7.32   5.19   3.73   4.73   6.00   4.33   3.47   2.74   4.59   7.31   5.13   3.65 
Performing validation....PASSED!

~~~~~~~~~~~~~~~~~~~~~~~~~~~~~~~~~~~~~~~~~~~~~~~~~~~~~~~~~~~~~~~~~~~~~~~~~~~~~~~~

dataset_size = 256.00 MB    numObjs = 4194304    numCoords = 16    numClusters = 16    block_size = 64

|-------------Sequential Kmeans-------------|

t_alloc: 5.551100 ms

nloops = 10  : total = 5513.782024 ms
	-> t_loop_avg = 551.378202 ms
	-> t_loop_min = 549.350023 ms
	-> t_loop_max = 557.718992 ms

|-------------------------------------------|


|-----------Transpose GPU Kmeans (Adv. Timers)------------|

t_alloc: 386.600971 ms

t_alloc_gpu: 2356.106997 ms

t_get_gpu: 90.399027 ms

nloops = 10  : total = 775.265932 ms
	-> t_loop_avg = 77.526593 ms
	-> t_loop_min = 76.946020 ms
	-> t_loop_max = 79.816103 ms

|-------------------------------------------|
tTransfers=0.052941, tGPU=0.174165, tCPU=0.548158


Final cluster centers:
clusters[0] =   3.00   6.88   6.32   2.55   6.08   6.13   6.15   7.01   5.55   4.64   5.24   4.80   5.47   3.58   5.28   3.51 
clusters[1] =   3.10   6.29   3.00   7.09   6.00   4.53   3.21   4.48   5.13   5.06   7.21   6.40   5.39   3.63   5.75   4.29 
clusters[2] =   5.48   4.24   6.69   6.76   2.57   4.54   3.09   6.98   4.73   5.93   4.86   3.54   5.20   3.26   5.64   3.83 
clusters[3] =   6.13   3.87   3.32   5.18   6.08   3.79   7.26   3.53   3.81   5.54   3.61   4.23   5.36   3.35   6.47   3.02 
clusters[4] =   6.92   6.91   5.63   6.35   5.03   3.83   7.19   6.88   4.87   5.99   6.87   4.26   5.28   6.57   3.75   4.84 
clusters[5] =   2.89   5.42   6.51   4.35   3.19   3.37   5.47   3.38   2.38   5.90   4.29   6.16   5.08   6.39   4.40   5.27 
clusters[6] =   4.16   4.10   3.18   5.19   6.16   3.90   5.48   6.53   6.92   6.84   3.24   7.07   5.06   5.72   3.85   6.54 
clusters[7] =   5.35   3.22   5.68   2.99   5.39   4.39   4.26   3.18   6.42   6.85   7.41   3.33   5.11   4.50   4.55   6.29 
clusters[8] =   5.89   7.18   3.14   3.64   3.14   3.16   4.35   3.96   6.43   3.02   4.82   3.77   5.04   5.58   5.71   5.99 
clusters[9] =   6.85   4.38   6.33   3.52   6.35   3.38   3.17   6.63   3.96   3.54   4.01   6.88   4.80   4.48   6.06   6.27 
clusters[10] =   5.23   3.95   7.05   6.51   5.47   6.39   6.93   3.98   5.48   3.52   6.77   6.92   4.80   5.06   6.59   6.53 
clusters[11] =   3.70   3.46   3.00   5.08   3.35   6.82   6.30   6.73   4.14   4.16   4.71   3.26   4.69   5.17   5.65   7.11 
clusters[12] =   5.96   6.92   5.51   5.99   6.10   6.88   4.56   3.31   4.07   5.08   3.32   4.13   4.84   3.18   3.11   6.88 
clusters[13] =   6.55   4.41   3.10   3.86   5.28   6.97   3.71   5.30   2.75   4.66   6.33   5.89   4.56   6.63   3.96   3.18 
clusters[14] =   4.97   4.63   5.25   4.84   2.56   6.70   5.04   3.44   7.53   4.83   3.76   6.78   4.72   5.61   4.16   2.89 
clusters[15] =   4.02   4.01   6.36   6.16   7.32   5.19   3.73   4.73   6.00   4.33   3.47   2.74   4.59   7.31   5.13   3.65 
Performing validation....PASSED!

~~~~~~~~~~~~~~~~~~~~~~~~~~~~~~~~~~~~~~~~~~~~~~~~~~~~~~~~~~~~~~~~~~~~~~~~~~~~~~~~

dataset_size = 256.00 MB    numObjs = 4194304    numCoords = 16    numClusters = 16    block_size = 128

|-------------Sequential Kmeans-------------|

t_alloc: 5.522013 ms

nloops = 10  : total = 5503.926039 ms
	-> t_loop_avg = 550.392604 ms
	-> t_loop_min = 547.590971 ms
	-> t_loop_max = 557.403088 ms

|-------------------------------------------|


|-----------Transpose GPU Kmeans (Adv. Timers)------------|

t_alloc: 386.085033 ms

t_alloc_gpu: 2359.127045 ms

t_get_gpu: 90.218067 ms

nloops = 10  : total = 771.751165 ms
	-> t_loop_avg = 77.175117 ms
	-> t_loop_min = 76.658010 ms
	-> t_loop_max = 79.893112 ms

|-------------------------------------------|
tTransfers=0.053045, tGPU=0.169421, tCPU=0.549280


Final cluster centers:
clusters[0] =   3.00   6.88   6.32   2.55   6.08   6.13   6.15   7.01   5.55   4.64   5.24   4.80   5.47   3.58   5.28   3.51 
clusters[1] =   3.10   6.29   3.00   7.09   6.00   4.53   3.21   4.48   5.13   5.06   7.21   6.40   5.39   3.63   5.75   4.29 
clusters[2] =   5.48   4.24   6.69   6.76   2.57   4.54   3.09   6.98   4.73   5.93   4.86   3.54   5.20   3.26   5.64   3.83 
clusters[3] =   6.13   3.87   3.32   5.18   6.08   3.79   7.26   3.53   3.81   5.54   3.61   4.23   5.36   3.35   6.47   3.02 
clusters[4] =   6.92   6.91   5.63   6.35   5.03   3.83   7.19   6.88   4.87   5.99   6.87   4.26   5.28   6.57   3.75   4.84 
clusters[5] =   2.89   5.42   6.51   4.35   3.19   3.37   5.47   3.38   2.38   5.90   4.29   6.16   5.08   6.39   4.40   5.27 
clusters[6] =   4.16   4.10   3.18   5.19   6.16   3.90   5.48   6.53   6.92   6.84   3.24   7.07   5.06   5.72   3.85   6.54 
clusters[7] =   5.35   3.22   5.68   2.99   5.39   4.39   4.26   3.18   6.42   6.85   7.41   3.33   5.11   4.50   4.55   6.29 
clusters[8] =   5.89   7.18   3.14   3.64   3.14   3.16   4.35   3.96   6.43   3.02   4.82   3.77   5.04   5.58   5.71   5.99 
clusters[9] =   6.85   4.38   6.33   3.52   6.35   3.38   3.17   6.63   3.96   3.54   4.01   6.88   4.80   4.48   6.06   6.27 
clusters[10] =   5.23   3.95   7.05   6.51   5.47   6.39   6.93   3.98   5.48   3.52   6.77   6.92   4.80   5.06   6.59   6.53 
clusters[11] =   3.70   3.46   3.00   5.08   3.35   6.82   6.30   6.73   4.14   4.16   4.71   3.26   4.69   5.17   5.65   7.11 
clusters[12] =   5.96   6.92   5.51   5.99   6.10   6.88   4.56   3.31   4.07   5.08   3.32   4.13   4.84   3.18   3.11   6.88 
clusters[13] =   6.55   4.41   3.10   3.86   5.28   6.97   3.71   5.30   2.75   4.66   6.33   5.89   4.56   6.63   3.96   3.18 
clusters[14] =   4.97   4.63   5.25   4.84   2.56   6.70   5.04   3.44   7.53   4.83   3.76   6.78   4.72   5.61   4.16   2.89 
clusters[15] =   4.02   4.01   6.36   6.16   7.32   5.19   3.73   4.73   6.00   4.33   3.47   2.74   4.59   7.31   5.13   3.65 
Performing validation....PASSED!

~~~~~~~~~~~~~~~~~~~~~~~~~~~~~~~~~~~~~~~~~~~~~~~~~~~~~~~~~~~~~~~~~~~~~~~~~~~~~~~~

dataset_size = 256.00 MB    numObjs = 4194304    numCoords = 16    numClusters = 16    block_size = 256

|-------------Sequential Kmeans-------------|

t_alloc: 5.537033 ms

nloops = 10  : total = 5503.874063 ms
	-> t_loop_avg = 550.387406 ms
	-> t_loop_min = 547.984838 ms
	-> t_loop_max = 556.504965 ms

|-------------------------------------------|


|-----------Transpose GPU Kmeans (Adv. Timers)------------|

t_alloc: 386.499882 ms

t_alloc_gpu: 2385.079861 ms

t_get_gpu: 90.333939 ms

nloops = 10  : total = 772.088051 ms
	-> t_loop_avg = 77.208805 ms
	-> t_loop_min = 76.488972 ms
	-> t_loop_max = 80.137968 ms

|-------------------------------------------|
tTransfers=0.052961, tGPU=0.169886, tCPU=0.549235


Final cluster centers:
clusters[0] =   3.00   6.88   6.32   2.55   6.08   6.13   6.15   7.01   5.55   4.64   5.24   4.80   5.47   3.58   5.28   3.51 
clusters[1] =   3.10   6.29   3.00   7.09   6.00   4.53   3.21   4.48   5.13   5.06   7.21   6.40   5.39   3.63   5.75   4.29 
clusters[2] =   5.48   4.24   6.69   6.76   2.57   4.54   3.09   6.98   4.73   5.93   4.86   3.54   5.20   3.26   5.64   3.83 
clusters[3] =   6.13   3.87   3.32   5.18   6.08   3.79   7.26   3.53   3.81   5.54   3.61   4.23   5.36   3.35   6.47   3.02 
clusters[4] =   6.92   6.91   5.63   6.35   5.03   3.83   7.19   6.88   4.87   5.99   6.87   4.26   5.28   6.57   3.75   4.84 
clusters[5] =   2.89   5.42   6.51   4.35   3.19   3.37   5.47   3.38   2.38   5.90   4.29   6.16   5.08   6.39   4.40   5.27 
clusters[6] =   4.16   4.10   3.18   5.19   6.16   3.90   5.48   6.53   6.92   6.84   3.24   7.07   5.06   5.72   3.85   6.54 
clusters[7] =   5.35   3.22   5.68   2.99   5.39   4.39   4.26   3.18   6.42   6.85   7.41   3.33   5.11   4.50   4.55   6.29 
clusters[8] =   5.89   7.18   3.14   3.64   3.14   3.16   4.35   3.96   6.43   3.02   4.82   3.77   5.04   5.58   5.71   5.99 
clusters[9] =   6.85   4.38   6.33   3.52   6.35   3.38   3.17   6.63   3.96   3.54   4.01   6.88   4.80   4.48   6.06   6.27 
clusters[10] =   5.23   3.95   7.05   6.51   5.47   6.39   6.93   3.98   5.48   3.52   6.77   6.92   4.80   5.06   6.59   6.53 
clusters[11] =   3.70   3.46   3.00   5.08   3.35   6.82   6.30   6.73   4.14   4.16   4.71   3.26   4.69   5.17   5.65   7.11 
clusters[12] =   5.96   6.92   5.51   5.99   6.10   6.88   4.56   3.31   4.07   5.08   3.32   4.13   4.84   3.18   3.11   6.88 
clusters[13] =   6.55   4.41   3.10   3.86   5.28   6.97   3.71   5.30   2.75   4.66   6.33   5.89   4.56   6.63   3.96   3.18 
clusters[14] =   4.97   4.63   5.25   4.84   2.56   6.70   5.04   3.44   7.53   4.83   3.76   6.78   4.72   5.61   4.16   2.89 
clusters[15] =   4.02   4.01   6.36   6.16   7.32   5.19   3.73   4.73   6.00   4.33   3.47   2.74   4.59   7.31   5.13   3.65 
Performing validation....PASSED!

~~~~~~~~~~~~~~~~~~~~~~~~~~~~~~~~~~~~~~~~~~~~~~~~~~~~~~~~~~~~~~~~~~~~~~~~~~~~~~~~

dataset_size = 256.00 MB    numObjs = 4194304    numCoords = 16    numClusters = 16    block_size = 512

|-------------Sequential Kmeans-------------|

t_alloc: 5.439997 ms

nloops = 10  : total = 5487.890005 ms
	-> t_loop_avg = 548.789001 ms
	-> t_loop_min = 545.022011 ms
	-> t_loop_max = 556.109905 ms

|-------------------------------------------|


|-----------Transpose GPU Kmeans (Adv. Timers)------------|

t_alloc: 384.882927 ms

t_alloc_gpu: 2356.522799 ms

t_get_gpu: 90.317965 ms

nloops = 10  : total = 775.521994 ms
	-> t_loop_avg = 77.552199 ms
	-> t_loop_min = 76.723814 ms
	-> t_loop_max = 81.044912 ms

|-------------------------------------------|
tTransfers=0.053060, tGPU=0.173744, tCPU=0.548716


Final cluster centers:
clusters[0] =   3.00   6.88   6.32   2.55   6.08   6.13   6.15   7.01   5.55   4.64   5.24   4.80   5.47   3.58   5.28   3.51 
clusters[1] =   3.10   6.29   3.00   7.09   6.00   4.53   3.21   4.48   5.13   5.06   7.21   6.40   5.39   3.63   5.75   4.29 
clusters[2] =   5.48   4.24   6.69   6.76   2.57   4.54   3.09   6.98   4.73   5.93   4.86   3.54   5.20   3.26   5.64   3.83 
clusters[3] =   6.13   3.87   3.32   5.18   6.08   3.79   7.26   3.53   3.81   5.54   3.61   4.23   5.36   3.35   6.47   3.02 
clusters[4] =   6.92   6.91   5.63   6.35   5.03   3.83   7.19   6.88   4.87   5.99   6.87   4.26   5.28   6.57   3.75   4.84 
clusters[5] =   2.89   5.42   6.51   4.35   3.19   3.37   5.47   3.38   2.38   5.90   4.29   6.16   5.08   6.39   4.40   5.27 
clusters[6] =   4.16   4.10   3.18   5.19   6.16   3.90   5.48   6.53   6.92   6.84   3.24   7.07   5.06   5.72   3.85   6.54 
clusters[7] =   5.35   3.22   5.68   2.99   5.39   4.39   4.26   3.18   6.42   6.85   7.41   3.33   5.11   4.50   4.55   6.29 
clusters[8] =   5.89   7.18   3.14   3.64   3.14   3.16   4.35   3.96   6.43   3.02   4.82   3.77   5.04   5.58   5.71   5.99 
clusters[9] =   6.85   4.38   6.33   3.52   6.35   3.38   3.17   6.63   3.96   3.54   4.01   6.88   4.80   4.48   6.06   6.27 
clusters[10] =   5.23   3.95   7.05   6.51   5.47   6.39   6.93   3.98   5.48   3.52   6.77   6.92   4.80   5.06   6.59   6.53 
clusters[11] =   3.70   3.46   3.00   5.08   3.35   6.82   6.30   6.73   4.14   4.16   4.71   3.26   4.69   5.17   5.65   7.11 
clusters[12] =   5.96   6.92   5.51   5.99   6.10   6.88   4.56   3.31   4.07   5.08   3.32   4.13   4.84   3.18   3.11   6.88 
clusters[13] =   6.55   4.41   3.10   3.86   5.28   6.97   3.71   5.30   2.75   4.66   6.33   5.89   4.56   6.63   3.96   3.18 
clusters[14] =   4.97   4.63   5.25   4.84   2.56   6.70   5.04   3.44   7.53   4.83   3.76   6.78   4.72   5.61   4.16   2.89 
clusters[15] =   4.02   4.01   6.36   6.16   7.32   5.19   3.73   4.73   6.00   4.33   3.47   2.74   4.59   7.31   5.13   3.65 
Performing validation....PASSED!

~~~~~~~~~~~~~~~~~~~~~~~~~~~~~~~~~~~~~~~~~~~~~~~~~~~~~~~~~~~~~~~~~~~~~~~~~~~~~~~~

dataset_size = 256.00 MB    numObjs = 4194304    numCoords = 16    numClusters = 16    block_size = 1024

|-------------Sequential Kmeans-------------|

t_alloc: 5.525827 ms

nloops = 10  : total = 5499.885082 ms
	-> t_loop_avg = 549.988508 ms
	-> t_loop_min = 547.735929 ms
	-> t_loop_max = 554.663181 ms

|-------------------------------------------|


|-----------Transpose GPU Kmeans (Adv. Timers)------------|

t_alloc: 389.389038 ms

t_alloc_gpu: 2362.160206 ms

t_get_gpu: 90.424776 ms

nloops = 10  : total = 784.337044 ms
	-> t_loop_avg = 78.433704 ms
	-> t_loop_min = 77.803135 ms
	-> t_loop_max = 81.047058 ms

|-------------------------------------------|
tTransfers=0.052971, tGPU=0.182722, tCPU=0.548640


Final cluster centers:
clusters[0] =   3.00   6.88   6.32   2.55   6.08   6.13   6.15   7.01   5.55   4.64   5.24   4.80   5.47   3.58   5.28   3.51 
clusters[1] =   3.10   6.29   3.00   7.09   6.00   4.53   3.21   4.48   5.13   5.06   7.21   6.40   5.39   3.63   5.75   4.29 
clusters[2] =   5.48   4.24   6.69   6.76   2.57   4.54   3.09   6.98   4.73   5.93   4.86   3.54   5.20   3.26   5.64   3.83 
clusters[3] =   6.13   3.87   3.32   5.18   6.08   3.79   7.26   3.53   3.81   5.54   3.61   4.23   5.36   3.35   6.47   3.02 
clusters[4] =   6.92   6.91   5.63   6.35   5.03   3.83   7.19   6.88   4.87   5.99   6.87   4.26   5.28   6.57   3.75   4.84 
clusters[5] =   2.89   5.42   6.51   4.35   3.19   3.37   5.47   3.38   2.38   5.90   4.29   6.16   5.08   6.39   4.40   5.27 
clusters[6] =   4.16   4.10   3.18   5.19   6.16   3.90   5.48   6.53   6.92   6.84   3.24   7.07   5.06   5.72   3.85   6.54 
clusters[7] =   5.35   3.22   5.68   2.99   5.39   4.39   4.26   3.18   6.42   6.85   7.41   3.33   5.11   4.50   4.55   6.29 
clusters[8] =   5.89   7.18   3.14   3.64   3.14   3.16   4.35   3.96   6.43   3.02   4.82   3.77   5.04   5.58   5.71   5.99 
clusters[9] =   6.85   4.38   6.33   3.52   6.35   3.38   3.17   6.63   3.96   3.54   4.01   6.88   4.80   4.48   6.06   6.27 
clusters[10] =   5.23   3.95   7.05   6.51   5.47   6.39   6.93   3.98   5.48   3.52   6.77   6.92   4.80   5.06   6.59   6.53 
clusters[11] =   3.70   3.46   3.00   5.08   3.35   6.82   6.30   6.73   4.14   4.16   4.71   3.26   4.69   5.17   5.65   7.11 
clusters[12] =   5.96   6.92   5.51   5.99   6.10   6.88   4.56   3.31   4.07   5.08   3.32   4.13   4.84   3.18   3.11   6.88 
clusters[13] =   6.55   4.41   3.10   3.86   5.28   6.97   3.71   5.30   2.75   4.66   6.33   5.89   4.56   6.63   3.96   3.18 
clusters[14] =   4.97   4.63   5.25   4.84   2.56   6.70   5.04   3.44   7.53   4.83   3.76   6.78   4.72   5.61   4.16   2.89 
clusters[15] =   4.02   4.01   6.36   6.16   7.32   5.19   3.73   4.73   6.00   4.33   3.47   2.74   4.59   7.31   5.13   3.65 
Performing validation....PASSED!

~~~~~~~~~~~~~~~~~~~~~~~~~~~~~~~~~~~~~~~~~~~~~~~~~~~~~~~~~~~~~~~~~~~~~~~~~~~~~~~~

dataset_size = 256.00 MB    numObjs = 4194304    numCoords = 16    numClusters = 16    block_size = 32

|-------------Sequential Kmeans-------------|

t_alloc: 5.478144 ms

nloops = 10  : total = 5488.434076 ms
	-> t_loop_avg = 548.843408 ms
	-> t_loop_min = 546.322107 ms
	-> t_loop_max = 556.030035 ms

|-------------------------------------------|


|-----------Shared GPU Kmeans (Adv. Timers)------------|

t_alloc: 385.013819 ms

t_alloc_gpu: 2364.055872 ms

1024, 16, 16
t_get_gpu: 90.197802 ms

nloops = 10  : total = 813.863039 ms
	-> t_loop_avg = 81.386304 ms
	-> t_loop_min = 81.088066 ms
	-> t_loop_max = 82.468033 ms

|-------------------------------------------|
tTransfers=0.053009, tGPU=0.211655, tCPU=0.549194


Final cluster centers:
clusters[0] =   3.00   6.88   6.32   2.55   6.08   6.13   6.15   7.01   5.55   4.64   5.24   4.80   5.47   3.58   5.28   3.51 
clusters[1] =   3.10   6.29   3.00   7.09   6.00   4.53   3.21   4.48   5.13   5.06   7.21   6.40   5.39   3.63   5.75   4.29 
clusters[2] =   5.48   4.24   6.69   6.76   2.57   4.54   3.09   6.98   4.73   5.93   4.86   3.54   5.20   3.26   5.64   3.83 
clusters[3] =   6.13   3.87   3.32   5.18   6.08   3.79   7.26   3.53   3.81   5.54   3.61   4.23   5.36   3.35   6.47   3.02 
clusters[4] =   6.92   6.91   5.63   6.35   5.03   3.83   7.19   6.88   4.87   5.99   6.87   4.26   5.28   6.57   3.75   4.84 
clusters[5] =   2.89   5.42   6.51   4.35   3.19   3.37   5.47   3.38   2.38   5.90   4.29   6.16   5.08   6.39   4.40   5.27 
clusters[6] =   4.16   4.10   3.18   5.19   6.16   3.90   5.48   6.53   6.92   6.84   3.24   7.07   5.06   5.72   3.85   6.54 
clusters[7] =   5.35   3.22   5.68   2.99   5.39   4.39   4.26   3.18   6.42   6.85   7.41   3.33   5.11   4.50   4.55   6.29 
clusters[8] =   5.89   7.18   3.14   3.64   3.14   3.16   4.35   3.96   6.43   3.02   4.82   3.77   5.04   5.58   5.71   5.99 
clusters[9] =   6.85   4.38   6.33   3.52   6.35   3.38   3.17   6.63   3.96   3.54   4.01   6.88   4.80   4.48   6.06   6.27 
clusters[10] =   5.23   3.95   7.05   6.51   5.47   6.39   6.93   3.98   5.48   3.52   6.77   6.92   4.80   5.06   6.59   6.53 
clusters[11] =   3.70   3.46   3.00   5.08   3.35   6.82   6.30   6.73   4.14   4.16   4.71   3.26   4.69   5.17   5.65   7.11 
clusters[12] =   5.96   6.92   5.51   5.99   6.10   6.88   4.56   3.31   4.07   5.08   3.32   4.13   4.84   3.18   3.11   6.88 
clusters[13] =   6.55   4.41   3.10   3.86   5.28   6.97   3.71   5.30   2.75   4.66   6.33   5.89   4.56   6.63   3.96   3.18 
clusters[14] =   4.97   4.63   5.25   4.84   2.56   6.70   5.04   3.44   7.53   4.83   3.76   6.78   4.72   5.61   4.16   2.89 
clusters[15] =   4.02   4.01   6.36   6.16   7.32   5.19   3.73   4.73   6.00   4.33   3.47   2.74   4.59   7.31   5.13   3.65 
Performing validation....PASSED!

~~~~~~~~~~~~~~~~~~~~~~~~~~~~~~~~~~~~~~~~~~~~~~~~~~~~~~~~~~~~~~~~~~~~~~~~~~~~~~~~

dataset_size = 256.00 MB    numObjs = 4194304    numCoords = 16    numClusters = 16    block_size = 64

|-------------Sequential Kmeans-------------|

t_alloc: 5.488873 ms

nloops = 10  : total = 5539.011002 ms
	-> t_loop_avg = 553.901100 ms
	-> t_loop_min = 548.907042 ms
	-> t_loop_max = 561.778069 ms

|-------------------------------------------|


|-----------Shared GPU Kmeans (Adv. Timers)------------|

t_alloc: 384.827137 ms

t_alloc_gpu: 2377.717972 ms

1024, 16, 16
t_get_gpu: 90.461969 ms

nloops = 10  : total = 756.124020 ms
	-> t_loop_avg = 75.612402 ms
	-> t_loop_min = 74.778080 ms
	-> t_loop_max = 79.797029 ms

|-------------------------------------------|
tTransfers=0.052993, tGPU=0.152134, tCPU=0.550994


Final cluster centers:
clusters[0] =   3.00   6.88   6.32   2.55   6.08   6.13   6.15   7.01   5.55   4.64   5.24   4.80   5.47   3.58   5.28   3.51 
clusters[1] =   3.10   6.29   3.00   7.09   6.00   4.53   3.21   4.48   5.13   5.06   7.21   6.40   5.39   3.63   5.75   4.29 
clusters[2] =   5.48   4.24   6.69   6.76   2.57   4.54   3.09   6.98   4.73   5.93   4.86   3.54   5.20   3.26   5.64   3.83 
clusters[3] =   6.13   3.87   3.32   5.18   6.08   3.79   7.26   3.53   3.81   5.54   3.61   4.23   5.36   3.35   6.47   3.02 
clusters[4] =   6.92   6.91   5.63   6.35   5.03   3.83   7.19   6.88   4.87   5.99   6.87   4.26   5.28   6.57   3.75   4.84 
clusters[5] =   2.89   5.42   6.51   4.35   3.19   3.37   5.47   3.38   2.38   5.90   4.29   6.16   5.08   6.39   4.40   5.27 
clusters[6] =   4.16   4.10   3.18   5.19   6.16   3.90   5.48   6.53   6.92   6.84   3.24   7.07   5.06   5.72   3.85   6.54 
clusters[7] =   5.35   3.22   5.68   2.99   5.39   4.39   4.26   3.18   6.42   6.85   7.41   3.33   5.11   4.50   4.55   6.29 
clusters[8] =   5.89   7.18   3.14   3.64   3.14   3.16   4.35   3.96   6.43   3.02   4.82   3.77   5.04   5.58   5.71   5.99 
clusters[9] =   6.85   4.38   6.33   3.52   6.35   3.38   3.17   6.63   3.96   3.54   4.01   6.88   4.80   4.48   6.06   6.27 
clusters[10] =   5.23   3.95   7.05   6.51   5.47   6.39   6.93   3.98   5.48   3.52   6.77   6.92   4.80   5.06   6.59   6.53 
clusters[11] =   3.70   3.46   3.00   5.08   3.35   6.82   6.30   6.73   4.14   4.16   4.71   3.26   4.69   5.17   5.65   7.11 
clusters[12] =   5.96   6.92   5.51   5.99   6.10   6.88   4.56   3.31   4.07   5.08   3.32   4.13   4.84   3.18   3.11   6.88 
clusters[13] =   6.55   4.41   3.10   3.86   5.28   6.97   3.71   5.30   2.75   4.66   6.33   5.89   4.56   6.63   3.96   3.18 
clusters[14] =   4.97   4.63   5.25   4.84   2.56   6.70   5.04   3.44   7.53   4.83   3.76   6.78   4.72   5.61   4.16   2.89 
clusters[15] =   4.02   4.01   6.36   6.16   7.32   5.19   3.73   4.73   6.00   4.33   3.47   2.74   4.59   7.31   5.13   3.65 
Performing validation....PASSED!

~~~~~~~~~~~~~~~~~~~~~~~~~~~~~~~~~~~~~~~~~~~~~~~~~~~~~~~~~~~~~~~~~~~~~~~~~~~~~~~~

dataset_size = 256.00 MB    numObjs = 4194304    numCoords = 16    numClusters = 16    block_size = 128

|-------------Sequential Kmeans-------------|

t_alloc: 5.481958 ms

nloops = 10  : total = 5507.425070 ms
	-> t_loop_avg = 550.742507 ms
	-> t_loop_min = 548.152924 ms
	-> t_loop_max = 557.754040 ms

|-------------------------------------------|


|-----------Shared GPU Kmeans (Adv. Timers)------------|

t_alloc: 384.939909 ms

t_alloc_gpu: 2399.827957 ms

1024, 16, 16
t_get_gpu: 90.333939 ms

nloops = 10  : total = 742.189884 ms
	-> t_loop_avg = 74.218988 ms
	-> t_loop_min = 73.294878 ms
	-> t_loop_max = 79.747915 ms

|-------------------------------------------|
tTransfers=0.052932, tGPU=0.139349, tCPU=0.549903


Final cluster centers:
clusters[0] =   3.00   6.88   6.32   2.55   6.08   6.13   6.15   7.01   5.55   4.64   5.24   4.80   5.47   3.58   5.28   3.51 
clusters[1] =   3.10   6.29   3.00   7.09   6.00   4.53   3.21   4.48   5.13   5.06   7.21   6.40   5.39   3.63   5.75   4.29 
clusters[2] =   5.48   4.24   6.69   6.76   2.57   4.54   3.09   6.98   4.73   5.93   4.86   3.54   5.20   3.26   5.64   3.83 
clusters[3] =   6.13   3.87   3.32   5.18   6.08   3.79   7.26   3.53   3.81   5.54   3.61   4.23   5.36   3.35   6.47   3.02 
clusters[4] =   6.92   6.91   5.63   6.35   5.03   3.83   7.19   6.88   4.87   5.99   6.87   4.26   5.28   6.57   3.75   4.84 
clusters[5] =   2.89   5.42   6.51   4.35   3.19   3.37   5.47   3.38   2.38   5.90   4.29   6.16   5.08   6.39   4.40   5.27 
clusters[6] =   4.16   4.10   3.18   5.19   6.16   3.90   5.48   6.53   6.92   6.84   3.24   7.07   5.06   5.72   3.85   6.54 
clusters[7] =   5.35   3.22   5.68   2.99   5.39   4.39   4.26   3.18   6.42   6.85   7.41   3.33   5.11   4.50   4.55   6.29 
clusters[8] =   5.89   7.18   3.14   3.64   3.14   3.16   4.35   3.96   6.43   3.02   4.82   3.77   5.04   5.58   5.71   5.99 
clusters[9] =   6.85   4.38   6.33   3.52   6.35   3.38   3.17   6.63   3.96   3.54   4.01   6.88   4.80   4.48   6.06   6.27 
clusters[10] =   5.23   3.95   7.05   6.51   5.47   6.39   6.93   3.98   5.48   3.52   6.77   6.92   4.80   5.06   6.59   6.53 
clusters[11] =   3.70   3.46   3.00   5.08   3.35   6.82   6.30   6.73   4.14   4.16   4.71   3.26   4.69   5.17   5.65   7.11 
clusters[12] =   5.96   6.92   5.51   5.99   6.10   6.88   4.56   3.31   4.07   5.08   3.32   4.13   4.84   3.18   3.11   6.88 
clusters[13] =   6.55   4.41   3.10   3.86   5.28   6.97   3.71   5.30   2.75   4.66   6.33   5.89   4.56   6.63   3.96   3.18 
clusters[14] =   4.97   4.63   5.25   4.84   2.56   6.70   5.04   3.44   7.53   4.83   3.76   6.78   4.72   5.61   4.16   2.89 
clusters[15] =   4.02   4.01   6.36   6.16   7.32   5.19   3.73   4.73   6.00   4.33   3.47   2.74   4.59   7.31   5.13   3.65 
Performing validation....PASSED!

~~~~~~~~~~~~~~~~~~~~~~~~~~~~~~~~~~~~~~~~~~~~~~~~~~~~~~~~~~~~~~~~~~~~~~~~~~~~~~~~

dataset_size = 256.00 MB    numObjs = 4194304    numCoords = 16    numClusters = 16    block_size = 256

|-------------Sequential Kmeans-------------|

t_alloc: 5.488157 ms

nloops = 10  : total = 5512.595892 ms
	-> t_loop_avg = 551.259589 ms
	-> t_loop_min = 549.293041 ms
	-> t_loop_max = 557.160854 ms

|-------------------------------------------|


|-----------Shared GPU Kmeans (Adv. Timers)------------|

t_alloc: 386.825800 ms

t_alloc_gpu: 2386.882067 ms

1024, 16, 16
t_get_gpu: 90.290070 ms

nloops = 10  : total = 739.071131 ms
	-> t_loop_avg = 73.907113 ms
	-> t_loop_min = 73.045969 ms
	-> t_loop_max = 79.389095 ms

|-------------------------------------------|
tTransfers=0.053036, tGPU=0.136551, tCPU=0.549479


Final cluster centers:
clusters[0] =   3.00   6.88   6.32   2.55   6.08   6.13   6.15   7.01   5.55   4.64   5.24   4.80   5.47   3.58   5.28   3.51 
clusters[1] =   3.10   6.29   3.00   7.09   6.00   4.53   3.21   4.48   5.13   5.06   7.21   6.40   5.39   3.63   5.75   4.29 
clusters[2] =   5.48   4.24   6.69   6.76   2.57   4.54   3.09   6.98   4.73   5.93   4.86   3.54   5.20   3.26   5.64   3.83 
clusters[3] =   6.13   3.87   3.32   5.18   6.08   3.79   7.26   3.53   3.81   5.54   3.61   4.23   5.36   3.35   6.47   3.02 
clusters[4] =   6.92   6.91   5.63   6.35   5.03   3.83   7.19   6.88   4.87   5.99   6.87   4.26   5.28   6.57   3.75   4.84 
clusters[5] =   2.89   5.42   6.51   4.35   3.19   3.37   5.47   3.38   2.38   5.90   4.29   6.16   5.08   6.39   4.40   5.27 
clusters[6] =   4.16   4.10   3.18   5.19   6.16   3.90   5.48   6.53   6.92   6.84   3.24   7.07   5.06   5.72   3.85   6.54 
clusters[7] =   5.35   3.22   5.68   2.99   5.39   4.39   4.26   3.18   6.42   6.85   7.41   3.33   5.11   4.50   4.55   6.29 
clusters[8] =   5.89   7.18   3.14   3.64   3.14   3.16   4.35   3.96   6.43   3.02   4.82   3.77   5.04   5.58   5.71   5.99 
clusters[9] =   6.85   4.38   6.33   3.52   6.35   3.38   3.17   6.63   3.96   3.54   4.01   6.88   4.80   4.48   6.06   6.27 
clusters[10] =   5.23   3.95   7.05   6.51   5.47   6.39   6.93   3.98   5.48   3.52   6.77   6.92   4.80   5.06   6.59   6.53 
clusters[11] =   3.70   3.46   3.00   5.08   3.35   6.82   6.30   6.73   4.14   4.16   4.71   3.26   4.69   5.17   5.65   7.11 
clusters[12] =   5.96   6.92   5.51   5.99   6.10   6.88   4.56   3.31   4.07   5.08   3.32   4.13   4.84   3.18   3.11   6.88 
clusters[13] =   6.55   4.41   3.10   3.86   5.28   6.97   3.71   5.30   2.75   4.66   6.33   5.89   4.56   6.63   3.96   3.18 
clusters[14] =   4.97   4.63   5.25   4.84   2.56   6.70   5.04   3.44   7.53   4.83   3.76   6.78   4.72   5.61   4.16   2.89 
clusters[15] =   4.02   4.01   6.36   6.16   7.32   5.19   3.73   4.73   6.00   4.33   3.47   2.74   4.59   7.31   5.13   3.65 
Performing validation....PASSED!

~~~~~~~~~~~~~~~~~~~~~~~~~~~~~~~~~~~~~~~~~~~~~~~~~~~~~~~~~~~~~~~~~~~~~~~~~~~~~~~~

dataset_size = 256.00 MB    numObjs = 4194304    numCoords = 16    numClusters = 16    block_size = 512

|-------------Sequential Kmeans-------------|

t_alloc: 5.460024 ms

nloops = 10  : total = 5510.376930 ms
	-> t_loop_avg = 551.037693 ms
	-> t_loop_min = 548.506021 ms
	-> t_loop_max = 559.112072 ms

|-------------------------------------------|


|-----------Shared GPU Kmeans (Adv. Timers)------------|

t_alloc: 383.563042 ms

t_alloc_gpu: 2375.546932 ms

1024, 16, 16
t_get_gpu: 90.387106 ms

nloops = 10  : total = 742.778063 ms
	-> t_loop_avg = 74.277806 ms
	-> t_loop_min = 73.431015 ms
	-> t_loop_max = 79.725981 ms

|-------------------------------------------|
tTransfers=0.053000, tGPU=0.140355, tCPU=0.549415


Final cluster centers:
clusters[0] =   3.00   6.88   6.32   2.55   6.08   6.13   6.15   7.01   5.55   4.64   5.24   4.80   5.47   3.58   5.28   3.51 
clusters[1] =   3.10   6.29   3.00   7.09   6.00   4.53   3.21   4.48   5.13   5.06   7.21   6.40   5.39   3.63   5.75   4.29 
clusters[2] =   5.48   4.24   6.69   6.76   2.57   4.54   3.09   6.98   4.73   5.93   4.86   3.54   5.20   3.26   5.64   3.83 
clusters[3] =   6.13   3.87   3.32   5.18   6.08   3.79   7.26   3.53   3.81   5.54   3.61   4.23   5.36   3.35   6.47   3.02 
clusters[4] =   6.92   6.91   5.63   6.35   5.03   3.83   7.19   6.88   4.87   5.99   6.87   4.26   5.28   6.57   3.75   4.84 
clusters[5] =   2.89   5.42   6.51   4.35   3.19   3.37   5.47   3.38   2.38   5.90   4.29   6.16   5.08   6.39   4.40   5.27 
clusters[6] =   4.16   4.10   3.18   5.19   6.16   3.90   5.48   6.53   6.92   6.84   3.24   7.07   5.06   5.72   3.85   6.54 
clusters[7] =   5.35   3.22   5.68   2.99   5.39   4.39   4.26   3.18   6.42   6.85   7.41   3.33   5.11   4.50   4.55   6.29 
clusters[8] =   5.89   7.18   3.14   3.64   3.14   3.16   4.35   3.96   6.43   3.02   4.82   3.77   5.04   5.58   5.71   5.99 
clusters[9] =   6.85   4.38   6.33   3.52   6.35   3.38   3.17   6.63   3.96   3.54   4.01   6.88   4.80   4.48   6.06   6.27 
clusters[10] =   5.23   3.95   7.05   6.51   5.47   6.39   6.93   3.98   5.48   3.52   6.77   6.92   4.80   5.06   6.59   6.53 
clusters[11] =   3.70   3.46   3.00   5.08   3.35   6.82   6.30   6.73   4.14   4.16   4.71   3.26   4.69   5.17   5.65   7.11 
clusters[12] =   5.96   6.92   5.51   5.99   6.10   6.88   4.56   3.31   4.07   5.08   3.32   4.13   4.84   3.18   3.11   6.88 
clusters[13] =   6.55   4.41   3.10   3.86   5.28   6.97   3.71   5.30   2.75   4.66   6.33   5.89   4.56   6.63   3.96   3.18 
clusters[14] =   4.97   4.63   5.25   4.84   2.56   6.70   5.04   3.44   7.53   4.83   3.76   6.78   4.72   5.61   4.16   2.89 
clusters[15] =   4.02   4.01   6.36   6.16   7.32   5.19   3.73   4.73   6.00   4.33   3.47   2.74   4.59   7.31   5.13   3.65 
Performing validation....PASSED!

~~~~~~~~~~~~~~~~~~~~~~~~~~~~~~~~~~~~~~~~~~~~~~~~~~~~~~~~~~~~~~~~~~~~~~~~~~~~~~~~

dataset_size = 256.00 MB    numObjs = 4194304    numCoords = 16    numClusters = 16    block_size = 1024

|-------------Sequential Kmeans-------------|

t_alloc: 5.503893 ms

nloops = 10  : total = 5507.449865 ms
	-> t_loop_avg = 550.744987 ms
	-> t_loop_min = 548.704863 ms
	-> t_loop_max = 557.256937 ms

|-------------------------------------------|


|-----------Shared GPU Kmeans (Adv. Timers)------------|

t_alloc: 384.453773 ms

t_alloc_gpu: 2399.404049 ms

1024, 16, 16
t_get_gpu: 90.276957 ms

nloops = 10  : total = 749.760866 ms
	-> t_loop_avg = 74.976087 ms
	-> t_loop_min = 73.963881 ms
	-> t_loop_max = 80.081940 ms

|-------------------------------------------|
tTransfers=0.052997, tGPU=0.146941, tCPU=0.549813


Final cluster centers:
clusters[0] =   3.00   6.88   6.32   2.55   6.08   6.13   6.15   7.01   5.55   4.64   5.24   4.80   5.47   3.58   5.28   3.51 
clusters[1] =   3.10   6.29   3.00   7.09   6.00   4.53   3.21   4.48   5.13   5.06   7.21   6.40   5.39   3.63   5.75   4.29 
clusters[2] =   5.48   4.24   6.69   6.76   2.57   4.54   3.09   6.98   4.73   5.93   4.86   3.54   5.20   3.26   5.64   3.83 
clusters[3] =   6.13   3.87   3.32   5.18   6.08   3.79   7.26   3.53   3.81   5.54   3.61   4.23   5.36   3.35   6.47   3.02 
clusters[4] =   6.92   6.91   5.63   6.35   5.03   3.83   7.19   6.88   4.87   5.99   6.87   4.26   5.28   6.57   3.75   4.84 
clusters[5] =   2.89   5.42   6.51   4.35   3.19   3.37   5.47   3.38   2.38   5.90   4.29   6.16   5.08   6.39   4.40   5.27 
clusters[6] =   4.16   4.10   3.18   5.19   6.16   3.90   5.48   6.53   6.92   6.84   3.24   7.07   5.06   5.72   3.85   6.54 
clusters[7] =   5.35   3.22   5.68   2.99   5.39   4.39   4.26   3.18   6.42   6.85   7.41   3.33   5.11   4.50   4.55   6.29 
clusters[8] =   5.89   7.18   3.14   3.64   3.14   3.16   4.35   3.96   6.43   3.02   4.82   3.77   5.04   5.58   5.71   5.99 
clusters[9] =   6.85   4.38   6.33   3.52   6.35   3.38   3.17   6.63   3.96   3.54   4.01   6.88   4.80   4.48   6.06   6.27 
clusters[10] =   5.23   3.95   7.05   6.51   5.47   6.39   6.93   3.98   5.48   3.52   6.77   6.92   4.80   5.06   6.59   6.53 
clusters[11] =   3.70   3.46   3.00   5.08   3.35   6.82   6.30   6.73   4.14   4.16   4.71   3.26   4.69   5.17   5.65   7.11 
clusters[12] =   5.96   6.92   5.51   5.99   6.10   6.88   4.56   3.31   4.07   5.08   3.32   4.13   4.84   3.18   3.11   6.88 
clusters[13] =   6.55   4.41   3.10   3.86   5.28   6.97   3.71   5.30   2.75   4.66   6.33   5.89   4.56   6.63   3.96   3.18 
clusters[14] =   4.97   4.63   5.25   4.84   2.56   6.70   5.04   3.44   7.53   4.83   3.76   6.78   4.72   5.61   4.16   2.89 
clusters[15] =   4.02   4.01   6.36   6.16   7.32   5.19   3.73   4.73   6.00   4.33   3.47   2.74   4.59   7.31   5.13   3.65 
Performing validation....PASSED!

~~~~~~~~~~~~~~~~~~~~~~~~~~~~~~~~~~~~~~~~~~~~~~~~~~~~~~~~~~~~~~~~~~~~~~~~~~~~~~~~

dataset_size = 256.00 MB    numObjs = 4194304    numCoords = 16    numClusters = 16    block_size = 32

|-------------Sequential Kmeans-------------|

t_alloc: 5.491972 ms

nloops = 10  : total = 5509.907961 ms
	-> t_loop_avg = 550.990796 ms
	-> t_loop_min = 548.989058 ms
	-> t_loop_max = 557.943821 ms

|-------------------------------------------|


|-----------All GPU Kmeans------------|

t_alloc: 383.465052 ms

t_alloc_gpu: 2382.562876 ms

2176, 32, 131072
t_get_gpu: 90.357065 ms

nloops = 10  : total = 4053.872824 ms
	-> t_loop_avg = 405.387282 ms
	-> t_loop_min = 404.765844 ms
	-> t_loop_max = 406.191826 ms

|-------------------------------------------|
tTransfers=0.000896, tGPU=4.052976, tCPU=0.000000


Final cluster centers:
clusters[0] =   3.00   6.88   6.32   2.55   6.08   6.13   6.15   7.01   5.55   4.64   5.24   4.80   5.47   3.58   5.28   3.51 
clusters[1] =   3.10   6.29   3.00   7.09   6.00   4.52   3.21   4.48   5.13   5.06   7.21   6.40   5.39   3.63   5.75   4.29 
clusters[2] =   5.48   4.24   6.69   6.76   2.57   4.54   3.09   6.98   4.73   5.93   4.86   3.54   5.20   3.26   5.64   3.83 
clusters[3] =   6.13   3.87   3.32   5.18   6.08   3.79   7.26   3.53   3.81   5.54   3.61   4.23   5.36   3.35   6.47   3.02 
clusters[4] =   6.92   6.91   5.63   6.35   5.03   3.83   7.19   6.88   4.87   5.99   6.87   4.26   5.28   6.57   3.75   4.85 
clusters[5] =   2.89   5.42   6.51   4.35   3.19   3.37   5.47   3.38   2.38   5.90   4.29   6.16   5.08   6.39   4.40   5.27 
clusters[6] =   4.16   4.10   3.18   5.19   6.16   3.90   5.48   6.53   6.92   6.84   3.24   7.07   5.06   5.72   3.85   6.54 
clusters[7] =   5.35   3.22   5.68   2.99   5.39   4.39   4.26   3.18   6.42   6.85   7.41   3.33   5.11   4.50   4.55   6.29 
clusters[8] =   5.90   7.18   3.14   3.64   3.14   3.16   4.35   3.96   6.43   3.02   4.82   3.77   5.04   5.58   5.71   5.99 
clusters[9] =   6.85   4.38   6.33   3.52   6.35   3.39   3.17   6.63   3.96   3.54   4.01   6.88   4.80   4.48   6.06   6.27 
clusters[10] =   5.23   3.95   7.05   6.51   5.46   6.39   6.93   3.98   5.48   3.52   6.77   6.92   4.80   5.06   6.59   6.53 
clusters[11] =   3.70   3.46   3.00   5.08   3.35   6.82   6.30   6.73   4.14   4.16   4.71   3.26   4.69   5.17   5.65   7.11 
clusters[12] =   5.96   6.92   5.51   5.99   6.10   6.88   4.55   3.31   4.07   5.08   3.32   4.13   4.84   3.18   3.11   6.88 
clusters[13] =   6.55   4.41   3.10   3.86   5.28   6.97   3.71   5.30   2.75   4.67   6.33   5.89   4.56   6.63   3.96   3.18 
clusters[14] =   4.97   4.63   5.25   4.84   2.56   6.70   5.04   3.44   7.53   4.83   3.76   6.78   4.72   5.61   4.16   2.88 
clusters[15] =   4.02   4.01   6.36   6.16   7.32   5.19   3.73   4.73   6.00   4.33   3.47   2.74   4.59   7.31   5.13   3.65 
Performing validation....PASSED!

~~~~~~~~~~~~~~~~~~~~~~~~~~~~~~~~~~~~~~~~~~~~~~~~~~~~~~~~~~~~~~~~~~~~~~~~~~~~~~~~

dataset_size = 256.00 MB    numObjs = 4194304    numCoords = 16    numClusters = 16    block_size = 64

|-------------Sequential Kmeans-------------|

t_alloc: 5.559921 ms

nloops = 10  : total = 5502.417803 ms
	-> t_loop_avg = 550.241780 ms
	-> t_loop_min = 547.690868 ms
	-> t_loop_max = 557.133913 ms

|-------------------------------------------|


|-----------All GPU Kmeans------------|

t_alloc: 387.104988 ms

t_alloc_gpu: 2401.041031 ms

2176, 64, 65536
t_get_gpu: 90.394020 ms

nloops = 10  : total = 2251.405001 ms
	-> t_loop_avg = 225.140500 ms
	-> t_loop_min = 224.800110 ms
	-> t_loop_max = 225.731134 ms

|-------------------------------------------|
tTransfers=0.000876, tGPU=2.250525, tCPU=0.000000


Final cluster centers:
clusters[0] =   3.00   6.88   6.32   2.55   6.08   6.13   6.15   7.01   5.55   4.64   5.24   4.80   5.47   3.58   5.28   3.51 
clusters[1] =   3.10   6.29   3.00   7.09   6.00   4.52   3.21   4.48   5.13   5.06   7.21   6.40   5.38   3.63   5.75   4.29 
clusters[2] =   5.48   4.24   6.69   6.76   2.57   4.54   3.09   6.98   4.73   5.93   4.86   3.54   5.20   3.26   5.64   3.83 
clusters[3] =   6.13   3.87   3.32   5.18   6.08   3.79   7.26   3.53   3.81   5.54   3.61   4.23   5.36   3.35   6.47   3.02 
clusters[4] =   6.92   6.91   5.63   6.35   5.03   3.83   7.19   6.88   4.87   5.99   6.87   4.26   5.28   6.57   3.75   4.84 
clusters[5] =   2.89   5.42   6.51   4.35   3.19   3.37   5.47   3.38   2.38   5.90   4.29   6.16   5.08   6.39   4.40   5.27 
clusters[6] =   4.16   4.10   3.18   5.19   6.16   3.90   5.48   6.53   6.92   6.84   3.24   7.07   5.06   5.72   3.85   6.54 
clusters[7] =   5.35   3.22   5.68   2.99   5.39   4.39   4.26   3.18   6.42   6.85   7.41   3.33   5.11   4.51   4.55   6.29 
clusters[8] =   5.90   7.18   3.14   3.64   3.14   3.16   4.35   3.96   6.43   3.02   4.82   3.77   5.04   5.58   5.71   5.99 
clusters[9] =   6.85   4.38   6.33   3.52   6.35   3.38   3.17   6.63   3.96   3.54   4.01   6.88   4.80   4.48   6.06   6.27 
clusters[10] =   5.23   3.95   7.05   6.51   5.46   6.39   6.93   3.98   5.48   3.52   6.77   6.92   4.80   5.06   6.59   6.53 
clusters[11] =   3.70   3.46   3.00   5.08   3.35   6.82   6.30   6.73   4.14   4.16   4.71   3.26   4.69   5.17   5.65   7.11 
clusters[12] =   5.96   6.92   5.51   5.99   6.10   6.88   4.55   3.31   4.07   5.08   3.32   4.13   4.84   3.18   3.11   6.88 
clusters[13] =   6.55   4.41   3.10   3.86   5.28   6.97   3.71   5.30   2.75   4.67   6.33   5.89   4.56   6.63   3.96   3.18 
clusters[14] =   4.97   4.63   5.25   4.84   2.56   6.70   5.04   3.44   7.53   4.83   3.76   6.78   4.72   5.61   4.16   2.89 
clusters[15] =   4.02   4.01   6.36   6.16   7.32   5.19   3.73   4.73   6.00   4.33   3.47   2.74   4.59   7.31   5.13   3.65 
Performing validation....PASSED!

~~~~~~~~~~~~~~~~~~~~~~~~~~~~~~~~~~~~~~~~~~~~~~~~~~~~~~~~~~~~~~~~~~~~~~~~~~~~~~~~

dataset_size = 256.00 MB    numObjs = 4194304    numCoords = 16    numClusters = 16    block_size = 128

|-------------Sequential Kmeans-------------|

t_alloc: 5.517960 ms

nloops = 10  : total = 5503.426075 ms
	-> t_loop_avg = 550.342607 ms
	-> t_loop_min = 548.764944 ms
	-> t_loop_max = 557.328224 ms

|-------------------------------------------|


|-----------All GPU Kmeans------------|

t_alloc: 385.105133 ms

t_alloc_gpu: 2402.464151 ms

2176, 128, 32768
t_get_gpu: 90.348005 ms

nloops = 10  : total = 1042.947054 ms
	-> t_loop_avg = 104.294705 ms
	-> t_loop_min = 104.066133 ms
	-> t_loop_max = 104.847908 ms

|-------------------------------------------|
tTransfers=0.000910, tGPU=1.042036, tCPU=0.000000


Final cluster centers:
clusters[0] =   3.00   6.88   6.32   2.55   6.08   6.13   6.15   7.01   5.55   4.64   5.24   4.80   5.47   3.58   5.28   3.51 
clusters[1] =   3.10   6.29   3.00   7.09   6.00   4.52   3.21   4.48   5.13   5.06   7.21   6.40   5.38   3.63   5.75   4.29 
clusters[2] =   5.48   4.24   6.69   6.76   2.57   4.54   3.09   6.98   4.73   5.93   4.86   3.54   5.20   3.26   5.64   3.83 
clusters[3] =   6.13   3.87   3.32   5.18   6.08   3.79   7.26   3.53   3.81   5.54   3.61   4.23   5.36   3.35   6.47   3.02 
clusters[4] =   6.92   6.91   5.63   6.35   5.03   3.83   7.19   6.88   4.87   5.99   6.87   4.26   5.28   6.57   3.75   4.85 
clusters[5] =   2.89   5.42   6.51   4.35   3.19   3.37   5.47   3.38   2.38   5.90   4.29   6.16   5.08   6.39   4.40   5.27 
clusters[6] =   4.16   4.10   3.18   5.19   6.16   3.90   5.48   6.53   6.92   6.84   3.24   7.07   5.06   5.72   3.85   6.54 
clusters[7] =   5.35   3.22   5.68   2.99   5.39   4.39   4.26   3.18   6.42   6.85   7.41   3.33   5.11   4.51   4.55   6.29 
clusters[8] =   5.90   7.18   3.14   3.64   3.14   3.16   4.35   3.96   6.43   3.02   4.82   3.77   5.04   5.58   5.71   5.99 
clusters[9] =   6.85   4.38   6.33   3.52   6.35   3.39   3.17   6.63   3.96   3.54   4.01   6.88   4.80   4.48   6.06   6.27 
clusters[10] =   5.23   3.95   7.05   6.51   5.46   6.39   6.93   3.98   5.48   3.52   6.77   6.92   4.80   5.06   6.59   6.53 
clusters[11] =   3.70   3.46   3.00   5.08   3.35   6.82   6.30   6.73   4.14   4.16   4.71   3.26   4.69   5.17   5.65   7.11 
clusters[12] =   5.96   6.92   5.51   5.99   6.10   6.88   4.55   3.31   4.07   5.08   3.32   4.13   4.84   3.18   3.11   6.88 
clusters[13] =   6.55   4.41   3.10   3.86   5.28   6.97   3.71   5.30   2.75   4.67   6.33   5.89   4.56   6.63   3.96   3.18 
clusters[14] =   4.97   4.63   5.25   4.84   2.56   6.70   5.04   3.43   7.53   4.84   3.76   6.78   4.72   5.61   4.16   2.88 
clusters[15] =   4.02   4.01   6.36   6.16   7.32   5.19   3.73   4.73   6.00   4.33   3.47   2.74   4.59   7.31   5.13   3.65 
Performing validation....PASSED!

~~~~~~~~~~~~~~~~~~~~~~~~~~~~~~~~~~~~~~~~~~~~~~~~~~~~~~~~~~~~~~~~~~~~~~~~~~~~~~~~

dataset_size = 256.00 MB    numObjs = 4194304    numCoords = 16    numClusters = 16    block_size = 256

|-------------Sequential Kmeans-------------|

t_alloc: 5.518198 ms

nloops = 10  : total = 5509.284973 ms
	-> t_loop_avg = 550.928497 ms
	-> t_loop_min = 548.558950 ms
	-> t_loop_max = 558.334112 ms

|-------------------------------------------|


|-----------All GPU Kmeans------------|

t_alloc: 385.823011 ms

t_alloc_gpu: 2400.724888 ms

2176, 256, 16384
t_get_gpu: 90.270042 ms

nloops = 10  : total = 534.879923 ms
	-> t_loop_avg = 53.487992 ms
	-> t_loop_min = 53.264141 ms
	-> t_loop_max = 54.201841 ms

|-------------------------------------------|
tTransfers=0.000855, tGPU=0.534022, tCPU=0.000001


Final cluster centers:
clusters[0] =   3.00   6.88   6.32   2.55   6.08   6.13   6.15   7.01   5.55   4.64   5.24   4.80   5.47   3.58   5.28   3.51 
clusters[1] =   3.10   6.29   3.00   7.09   6.00   4.52   3.21   4.48   5.13   5.06   7.21   6.40   5.38   3.63   5.75   4.29 
clusters[2] =   5.48   4.24   6.69   6.76   2.57   4.54   3.09   6.98   4.73   5.93   4.86   3.54   5.20   3.26   5.64   3.83 
clusters[3] =   6.13   3.87   3.32   5.18   6.08   3.79   7.26   3.53   3.81   5.54   3.61   4.23   5.36   3.35   6.47   3.02 
clusters[4] =   6.92   6.91   5.63   6.35   5.03   3.83   7.19   6.88   4.87   5.99   6.87   4.26   5.28   6.57   3.75   4.85 
clusters[5] =   2.89   5.42   6.51   4.35   3.19   3.37   5.47   3.38   2.38   5.90   4.29   6.16   5.08   6.39   4.40   5.27 
clusters[6] =   4.16   4.10   3.18   5.19   6.16   3.90   5.48   6.53   6.92   6.84   3.24   7.07   5.06   5.72   3.85   6.54 
clusters[7] =   5.35   3.22   5.68   2.99   5.39   4.39   4.26   3.18   6.42   6.85   7.41   3.33   5.11   4.51   4.55   6.29 
clusters[8] =   5.90   7.18   3.14   3.64   3.14   3.16   4.35   3.96   6.43   3.02   4.82   3.77   5.04   5.58   5.71   5.99 
clusters[9] =   6.85   4.38   6.33   3.52   6.35   3.39   3.17   6.63   3.96   3.54   4.01   6.88   4.80   4.48   6.06   6.27 
clusters[10] =   5.23   3.95   7.05   6.51   5.46   6.39   6.93   3.98   5.48   3.52   6.77   6.92   4.80   5.06   6.59   6.53 
clusters[11] =   3.70   3.46   3.00   5.08   3.35   6.82   6.30   6.73   4.14   4.16   4.71   3.26   4.69   5.17   5.65   7.11 
clusters[12] =   5.96   6.92   5.51   5.99   6.10   6.88   4.55   3.31   4.07   5.08   3.32   4.13   4.84   3.18   3.11   6.88 
clusters[13] =   6.55   4.41   3.10   3.86   5.28   6.97   3.71   5.30   2.75   4.67   6.33   5.89   4.56   6.63   3.96   3.18 
clusters[14] =   4.97   4.63   5.25   4.84   2.56   6.70   5.04   3.44   7.53   4.83   3.76   6.78   4.72   5.61   4.16   2.88 
clusters[15] =   4.02   4.01   6.36   6.16   7.32   5.19   3.73   4.73   6.00   4.33   3.47   2.74   4.59   7.31   5.13   3.65 
Performing validation....PASSED!

~~~~~~~~~~~~~~~~~~~~~~~~~~~~~~~~~~~~~~~~~~~~~~~~~~~~~~~~~~~~~~~~~~~~~~~~~~~~~~~~

dataset_size = 256.00 MB    numObjs = 4194304    numCoords = 16    numClusters = 16    block_size = 512

|-------------Sequential Kmeans-------------|

t_alloc: 5.524874 ms

nloops = 10  : total = 5500.611067 ms
	-> t_loop_avg = 550.061107 ms
	-> t_loop_min = 546.813011 ms
	-> t_loop_max = 556.690931 ms

|-------------------------------------------|


|-----------All GPU Kmeans------------|

t_alloc: 384.235859 ms

t_alloc_gpu: 2396.878004 ms

2176, 512, 8192
t_get_gpu: 90.402842 ms

nloops = 10  : total = 466.016054 ms
	-> t_loop_avg = 46.601605 ms
	-> t_loop_min = 46.099186 ms
	-> t_loop_max = 47.207832 ms

|-------------------------------------------|
tTransfers=0.000841, tGPU=0.465171, tCPU=0.000001


Final cluster centers:
clusters[0] =   2.54   7.53   6.73   2.57   5.84   6.01   5.08   5.88   4.75   4.26   4.14   3.58   4.08   3.64   4.24   3.74 
clusters[1] =   3.12   6.83   2.95   7.06   5.83   4.59   3.23   3.85   4.43   4.30   6.08   4.44   4.67   3.95   4.69   3.97 
clusters[2] =   4.81   4.52   6.97   7.34   2.59   4.08   2.70   6.34   4.68   5.69   3.94   4.15   4.48   3.38   4.75   4.13 
clusters[3] =   6.87   3.50   2.81   5.00   6.52   4.51   6.74   3.20   3.78   5.29   3.14   3.90   5.01   3.17   5.18   3.10 
clusters[4] =   7.33   7.42   5.39   6.04   4.76   3.95   6.82   6.11   4.22   5.35   5.17   3.91   4.18   4.87   3.40   3.83 
clusters[5] =   2.80   6.38   6.74   3.92   2.83   2.52   4.97   2.94   2.19   4.71   3.52   4.76   4.17   4.82   3.65   4.07 
clusters[6] =   3.03   3.83   3.04   4.25   6.22   3.24   5.10   5.51   5.81   5.97   3.62   5.40   4.13   4.76   3.39   4.57 
clusters[7] =   5.76   2.96   6.26   2.56   3.93   3.81   4.04   2.87   5.36   5.86   6.10   2.91   4.21   3.98   3.85   3.82 
clusters[8] =   6.63   7.33   2.93   3.94   2.82   3.30   4.22   3.22   5.90   3.34   3.49   3.21   4.23   4.35   5.04   4.90 
clusters[9] =   7.35   4.58   6.26   2.92   6.58   3.22   3.18   5.91   4.57   2.95   4.05   5.42   4.34   3.67   4.57   4.43 
clusters[10] =   4.56   3.38   7.12   6.16   4.94   6.14   6.52   3.69   4.47   3.56   5.21   5.28   3.98   4.12   4.56   4.56 
clusters[11] =   3.45   2.90   2.59   5.05   2.60   5.47   5.92   5.90   4.25   3.08   3.73   2.65   3.92   3.52   4.10   4.47 
clusters[12] =   6.73   7.32   5.52   5.84   6.40   6.29   3.70   2.43   3.43   4.36   2.80   3.56   3.51   2.72   2.67   5.06 
clusters[13] =   6.96   4.31   2.64   3.45   3.93   6.76   3.22   5.13   2.59   4.56   5.08   5.14   4.25   5.02   3.73   3.58 
clusters[14] =   4.52   5.09   4.82   4.26   2.38   6.44   3.64   2.93   6.83   3.45   3.01   5.74   4.07   4.53   3.01   2.53 
clusters[15] =   4.53   2.66   6.53   6.19   7.03   4.94   2.72   4.29   4.35   3.98   2.81   2.27   3.66   5.33   3.93   2.95 
Performing validation....
~~~~~~~~~~~~~~~~~~~~~~~~~~~~~~~~~~~~~~~~~~~~~~~~~~~~~~~~~~~~~~~~~~~~~~~~~~~~~~~~

dataset_size = 256.00 MB    numObjs = 4194304    numCoords = 16    numClusters = 16    block_size = 1024

|-------------Sequential Kmeans-------------|

t_alloc: 5.419970 ms

nloops = 10  : total = 5482.879877 ms
	-> t_loop_avg = 548.287988 ms
	-> t_loop_min = 545.447826 ms
	-> t_loop_max = 556.007862 ms

|-------------------------------------------|


|-----------All GPU Kmeans------------|

t_alloc: 384.346008 ms

t_alloc_gpu: 2357.996941 ms

2176, 1024, 4096
t_get_gpu: 90.295076 ms

nloops = 10  : total = 674.564123 ms
	-> t_loop_avg = 67.456412 ms
	-> t_loop_min = 67.310095 ms
	-> t_loop_max = 68.204165 ms

|-------------------------------------------|
tTransfers=0.000881, tGPU=0.673678, tCPU=0.000000


Final cluster centers:
clusters[0] =   2.63   6.96   6.78   2.76   5.46   5.89   5.12   7.08   6.01   4.93   4.11   4.62   5.36   3.79   4.68   3.78 
clusters[1] =   3.22   5.88   2.69   6.70   6.33   4.42   3.31   4.10   5.45   4.73   7.15   6.17   5.83   3.79   5.36   3.56 
clusters[2] =   5.27   5.36   6.76   7.59   2.82   4.89   2.74   6.74   4.82   5.96   4.88   4.07   4.75   3.55   6.36   5.15 
clusters[3] =   5.90   3.52   4.00   4.98   6.10   5.17   7.34   4.32   4.23   5.97   3.77   4.04   6.17   3.22   7.06   2.77 
clusters[4] =   6.89   6.83   5.21   6.41   5.36   3.20   7.25   7.03   4.47   5.82   6.51   4.39   5.31   6.16   3.56   4.59 
clusters[5] =   2.90   5.02   6.12   3.97   3.03   3.11   4.93   3.28   2.35   5.85   4.46   6.50   5.03   5.19   4.01   5.61 
clusters[6] =   3.72   3.64   3.22   5.21   6.07   4.47   5.27   6.28   6.58   7.55   2.88   6.12   5.50   6.28   3.78   6.23 
clusters[7] =   5.46   3.17   6.26   3.42   4.77   4.53   4.58   3.12   7.00   7.01   7.38   3.79   4.56   4.38   4.22   5.70 
clusters[8] =   5.93   7.14   3.12   3.58   3.04   3.58   4.72   3.62   6.27   3.51   4.54   3.27   5.28   5.52   6.53   6.11 
clusters[9] =   7.39   4.48   5.29   3.11   6.74   3.44   3.33   6.58   5.04   3.54   4.55   6.90   4.95   4.21   5.89   6.07 
clusters[10] =   4.26   5.19   6.86   5.38   6.56   6.41   6.99   4.24   4.85   3.44   6.85   6.87   4.52   5.11   6.73   6.90 
clusters[11] =   4.06   2.99   3.26   5.63   2.70   6.62   6.51   6.90   4.66   3.46   5.48   4.19   4.71   4.88   5.16   6.74 
clusters[12] =   6.10   6.37   4.96   6.00   6.77   6.57   4.94   3.38   3.30   4.44   3.69   3.58   4.73   3.57   2.75   6.92 
clusters[13] =   6.55   4.28   3.81   3.40   4.39   7.04   3.89   5.66   2.59   5.17   6.39   5.62   4.95   6.85   3.99   3.08 
clusters[14] =   5.73   5.66   5.68   5.95   3.03   6.48   5.28   3.14   7.17   4.75   3.50   7.25   4.08   6.30   4.40   3.31 
clusters[15] =   4.11   3.49   6.30   5.94   7.08   4.29   3.69   4.42   5.06   3.61   3.75   2.86   4.08   7.45   5.49   3.68 
Performing validation....