
~~~~~~~~~~~~~~~~~~~~~~~~~~~~~~~~~~~~~~~~~~~~~~~~~~~~~~~~~~~~~~~~~~~~~~~~~~~~~~~~

dataset_size = 256.00 MB    numObjs = 4194304    numCoords = 16    numClusters = 16    block_size = 32

|-------------Sequential Kmeans-------------|

t_alloc: 5.493879 ms

delta is 1.000000 - completed loop 1
	completed loop 1
	clusters[0] = 3.148332 6.454463 6.570144 2.891202 6.135409 5.817077 5.151450 7.030308 5.526139 4.257195 4.074498 5.076546 5.396021 4.330122 5.352926 4.057246 
newClusterSize[0] =432106
	clusters[1] = 3.964778 5.472105 3.750089 6.856154 5.027671 5.372890 4.050906 4.547863 5.211709 4.651117 6.903749 6.451765 5.362297 3.789776 5.854505 4.211034 
newClusterSize[1] =606412
	clusters[2] = 5.221783 4.161461 6.140054 6.364301 3.121703 4.959352 3.314579 6.834756 4.527697 5.249250 4.987648 2.641910 5.250422 3.531638 6.244576 4.449927 
newClusterSize[2] =348734
	clusters[3] = 6.111599 3.230640 3.087109 5.569874 6.558748 4.629265 7.424469 3.833474 3.913370 5.473746 3.397808 3.817880 5.244552 3.103281 6.907035 4.423524 
newClusterSize[3] =207605
	clusters[4] = 7.072626 6.489890 5.084184 5.411678 5.013604 4.490586 6.792115 6.346176 3.785327 5.782709 6.612038 4.648178 5.200378 6.713765 3.322309 5.212282 
newClusterSize[4] =384982
	clusters[5] = 3.216120 5.302233 6.777847 4.736338 3.224208 4.141935 5.867966 3.321968 2.649516 6.005867 4.633481 5.927591 5.056736 6.344802 3.843260 5.331159 
newClusterSize[5] =327245
	clusters[6] = 4.548470 4.105692 3.704952 4.579549 6.428385 3.947150 5.362578 5.592750 6.929688 6.643395 3.260753 7.122322 4.981855 5.991864 4.171612 5.791247 
newClusterSize[6] =373677
	clusters[7] = 5.654454 3.178429 5.896417 3.684798 5.042255 3.754361 4.548654 2.794767 6.451608 6.780881 6.750686 3.289739 4.936469 5.340646 4.851983 5.949129 
newClusterSize[7] =320070
	clusters[8] = 6.386683 6.668998 2.995620 3.239243 3.106727 3.422076 3.993108 4.412399 5.915787 2.701879 4.756343 4.411171 4.833468 5.122867 5.291470 6.106670 
newClusterSize[8] =270636
	clusters[9] = 7.789823 4.984774 5.410572 3.089674 6.971552 3.024352 3.017786 6.809909 4.735873 3.122151 3.326039 5.982973 4.704410 4.514837 6.084235 6.453187 
newClusterSize[9] =117763
	clusters[10] = 4.289406 4.024731 7.422009 6.608589 5.245569 7.263407 7.351865 3.999453 4.965981 3.242619 6.239499 6.960082 4.541433 4.442929 6.543025 7.001267 
newClusterSize[10] =126569
	clusters[11] = 4.831322 3.007040 3.507039 5.931655 3.178890 7.301918 6.839093 6.400492 4.226399 3.669823 4.353776 3.099756 4.400503 4.321447 6.668041 7.499056 
newClusterSize[11] =116089
	clusters[12] = 6.129251 6.705866 5.870394 5.934346 6.666377 6.722495 5.328279 3.234253 3.715862 4.260315 2.925839 4.129442 4.530202 3.040134 2.801491 7.095045 
newClusterSize[12] =152148
	clusters[13] = 7.064289 4.924724 2.749420 5.056479 5.300971 6.973044 4.306699 5.308478 2.869128 4.259189 5.624371 5.330461 4.242982 7.296795 3.698835 2.387457 
newClusterSize[13] =151775
	clusters[14] = 3.516517 4.293036 4.886761 4.774309 2.908646 6.580992 4.176408 2.553558 7.475111 4.601192 4.086224 6.475386 4.234877 6.992817 3.979269 2.730551 
newClusterSize[14] =122226
	clusters[15] = 4.756692 3.040919 6.803760 4.739976 6.979240 5.970120 3.386482 4.599298 6.318110 5.193051 2.690715 2.496381 4.192103 6.679971 4.574929 3.156973 
newClusterSize[15] =136267
delta is 0.206364 - completed loop 2
	completed loop 2
	clusters[0] = 2.890419 6.740817 6.535619 2.775120 6.107180 5.796011 5.348475 7.161816 5.545074 4.381859 4.435714 5.083840 5.533087 4.169534 5.375229 3.860557 
newClusterSize[0] =319704
	clusters[1] = 3.685874 5.779744 3.446922 7.018047 5.241030 5.106041 3.760657 4.580235 5.278120 4.853138 7.273585 6.677373 5.517693 3.522436 5.873867 4.068415 
newClusterSize[1] =359552
	clusters[2] = 5.169774 4.312884 6.340157 6.513818 2.926805 4.687837 3.130361 7.003212 4.549945 5.552589 5.096286 2.838029 5.346892 3.489635 6.093999 4.249551 
newClusterSize[2] =296346
	clusters[3] = 5.930347 3.534005 3.135674 5.450665 6.512242 4.309954 7.327149 3.759448 3.913747 5.647999 3.564624 3.962844 5.391017 3.185795 6.821479 3.967410 
newClusterSize[3] =245165
	clusters[4] = 6.987977 6.695661 5.244467 5.577176 5.044029 4.250878 6.965244 6.705492 4.057773 6.004808 6.903749 4.594039 5.353278 6.605789 3.416983 5.210371 
newClusterSize[4] =303702
	clusters[5] = 3.043623 5.376697 6.686319 4.678814 3.161691 3.831098 5.730367 3.417124 2.466965 6.076349 4.584152 5.996583 5.154497 6.220360 4.002587 5.253601 
newClusterSize[5] =299574
	clusters[6] = 4.339023 4.141647 3.483435 4.812806 6.360687 3.820868 5.409003 5.912769 6.985496 6.886369 3.340920 7.241761 5.072493 5.935894 4.109474 5.953450 
newClusterSize[6] =301209
	clusters[7] = 5.582337 3.346892 5.880188 3.609593 5.111215 3.744560 4.516834 2.890600 6.512351 6.825944 7.194315 3.315027 5.049337 5.141147 4.883019 6.003307 
newClusterSize[7] =291518
	clusters[8] = 6.091297 6.866963 2.963500 3.316523 2.915147 3.361113 4.111366 4.279337 6.032998 2.876662 4.906729 4.364096 4.948162 5.097980 5.293346 6.024698 
newClusterSize[8] =272958
	clusters[9] = 7.421112 4.836468 5.665231 3.447043 6.860805 3.143980 3.089865 6.715314 4.523555 3.396788 3.759556 6.263721 4.769056 4.531508 6.111914 6.287947 
newClusterSize[9] =207557
	clusters[10] = 4.491722 4.104343 7.390318 6.366712 5.348137 6.822875 7.044703 4.154657 5.190361 3.443352 6.393980 6.973186 4.633449 4.634377 6.477319 6.741376 
newClusterSize[10] =217832
	clusters[11] = 4.520482 3.265312 3.282320 5.615884 3.180136 7.064432 6.685963 6.547705 4.431079 3.906725 4.487621 3.298934 4.475742 4.704407 6.273296 7.330578 
newClusterSize[11] =203499
	clusters[12] = 5.943279 6.801753 5.755072 5.953225 6.501075 6.562073 5.050551 3.285888 3.948426 4.497907 3.218321 4.188507 4.659220 3.095803 2.831892 6.841637 
newClusterSize[12] =227646
	clusters[13] = 6.771028 4.807089 2.863144 4.905816 5.339030 6.898023 4.137692 5.329676 2.897287 4.327020 5.691982 5.436416 4.338049 7.014716 3.886243 2.578537 
newClusterSize[13] =232957
	clusters[14] = 3.700187 4.500373 4.884402 4.834679 2.807757 6.490994 4.350385 2.901526 7.419018 4.597047 4.196362 6.429995 4.400233 6.612552 4.115390 2.899179 
newClusterSize[14] =212141
	clusters[15] = 4.687781 3.285426 6.701594 5.042112 7.068926 5.833969 3.508777 4.679870 6.177800 5.148566 2.986123 2.601179 4.323116 6.700989 4.634736 3.251695 
newClusterSize[15] =202944
delta is 0.093726 - completed loop 3
	completed loop 3
	clusters[0] = 2.802451 6.879350 6.485283 2.678406 6.091027 5.836909 5.527595 7.190876 5.558544 4.439129 4.636689 5.028832 5.578244 4.054749 5.376024 3.735251 
newClusterSize[0] =287058
	clusters[1] = 3.536350 5.946815 3.252359 7.077134 5.434975 4.955218 3.572191 4.569416 5.287143 4.961723 7.383914 6.718523 5.562849 3.405977 5.853346 4.043396 
newClusterSize[1] =295745
	clusters[2] = 5.206298 4.367648 6.485693 6.604737 2.776914 4.564341 3.059827 7.045431 4.571259 5.700838 5.082189 2.999439 5.358632 3.460688 5.980794 4.132121 
newClusterSize[2] =275579
	clusters[3] = 5.871642 3.699713 3.184863 5.366362 6.429163 4.137134 7.292654 3.665485 3.902742 5.684601 3.615662 4.024899 5.443002 3.241320 6.773630 3.660828 
newClusterSize[3] =258978
	clusters[4] = 6.960986 6.794869 5.365992 5.710855 5.051417 4.136023 7.081376 6.865711 4.276352 6.085898 6.991466 4.525012 5.398899 6.561915 3.483926 5.170547 
newClusterSize[4] =279373
	clusters[5] = 3.005410 5.367723 6.624389 4.611937 3.137274 3.648208 5.638177 3.427488 2.345422 6.075948 4.481369 6.038852 5.169258 6.195434 4.108742 5.218817 
newClusterSize[5] =284300
	clusters[6] = 4.231080 4.136395 3.351233 4.950752 6.295820 3.794758 5.423649 6.100844 6.993140 6.968386 3.337250 7.234896 5.088788 5.918152 4.032959 6.111357 
newClusterSize[6] =275812
	clusters[7] = 5.558245 3.391803 5.851606 3.505744 5.174031 3.823138 4.482978 2.918888 6.526815 6.824066 7.397642 3.316617 5.079098 5.024784 4.863814 6.065885 
newClusterSize[7] =275827
	clusters[8] = 5.982555 6.987171 2.962332 3.358715 2.862576 3.306796 4.194284 4.165308 6.111797 2.943220 4.920268 4.266719 4.992280 5.116719 5.311292 5.994421 
newClusterSize[8] =266671
	clusters[9] = 7.251201 4.692873 5.842400 3.590099 6.755140 3.218525 3.096331 6.644319 4.366626 3.480109 3.936473 6.464379 4.770939 4.569890 6.134827 6.237663 
newClusterSize[9] =237781
	clusters[10] = 4.682318 4.081203 7.392821 6.285396 5.413366 6.643060 6.918734 4.180418 5.300035 3.494394 6.482673 6.986893 4.661602 4.766357 6.479429 6.614107 
newClusterSize[10] =245687
	clusters[11] = 4.335389 3.361912 3.154486 5.426929 3.220773 6.967033 6.570299 6.615100 4.504508 4.031946 4.528385 3.368259 4.512087 4.910768 6.038624 7.256286 
newClusterSize[11] =242942
	clusters[12] = 5.878438 6.851460 5.677529 5.967358 6.393184 6.551211 4.889546 3.270132 4.072589 4.626669 3.326995 4.184577 4.712363 3.119121 2.844329 6.763202 
newClusterSize[12] =254130
	clusters[13] = 6.665291 4.698919 2.914206 4.737298 5.351694 6.900188 4.029584 5.318066 2.823545 4.351731 5.777683 5.532689 4.372062 6.894732 3.953589 2.724257 
newClusterSize[13] =252699
	clusters[14] = 3.895352 4.575390 4.944712 4.861465 2.683892 6.501238 4.492429 3.045923 7.450875 4.601741 4.167595 6.448887 4.476766 6.390597 4.163152 2.945830 
newClusterSize[14] =234053
	clusters[15] = 4.627594 3.414863 6.662096 5.260674 7.165796 5.734175 3.599848 4.709497 6.124929 5.059033 3.117922 2.635813 4.387500 6.801382 4.695870 3.353739 
newClusterSize[15] =227669
delta is 0.058352 - completed loop 4
	completed loop 4
	clusters[0] = 2.799190 6.934597 6.432088 2.623639 6.081679 5.887636 5.670554 7.174638 5.561868 4.480454 4.780350 4.969323 5.585505 3.960372 5.366135 3.661484 
newClusterSize[0] =276058
	clusters[1] = 3.437808 6.043872 3.142696 7.089313 5.595494 4.856339 3.459391 4.556164 5.272069 5.022934 7.387902 6.679229 5.560582 3.380292 5.824778 4.074844 
newClusterSize[1] =275031
	clusters[2] = 5.263761 4.380334 6.578337 6.654491 2.682045 4.512948 3.049140 7.045184 4.598997 5.776410 5.035476 3.135127 5.341459 3.434375 5.896686 4.053299 
newClusterSize[2] =268364
	clusters[3] = 5.871085 3.801347 3.229495 5.309566 6.345632 4.031454 7.285450 3.603355 3.892455 5.675480 3.629632 4.064017 5.457039 3.279685 6.733313 3.453525 
newClusterSize[3] =263980
	clusters[4] = 6.944636 6.849626 5.453461 5.832896 5.051953 4.070603 7.145371 6.932446 4.447203 6.098758 6.998655 4.463060 5.403867 6.533636 3.544565 5.113575 
newClusterSize[4] =270328
	clusters[5] = 2.996103 5.347101 6.579775 4.553552 3.139689 3.540051 5.574067 3.420891 2.290376 6.050146 4.401248 6.074914 5.161126 6.201312 4.189255 5.213293 
newClusterSize[5] =277864
	clusters[6] = 4.178149 4.131118 3.277311 5.038754 6.249471 3.800983 5.425238 6.224621 6.978053 6.979759 3.322297 7.193671 5.088000 5.894373 3.975624 6.235116 
newClusterSize[6] =266065
	clusters[7] = 5.531044 3.391295 5.811016 3.396712 5.227433 3.924146 4.447387 2.948831 6.514060 6.818352 7.485911 3.314242 5.088741 4.929429 4.829128 6.122559 
newClusterSize[7] =268518
	clusters[8] = 5.940098 7.070824 2.980386 3.406682 2.882113 3.251346 4.252799 4.089800 6.168973 2.973118 4.903425 4.165550 5.013626 5.155502 5.354509 5.982019 
newClusterSize[8] =262439
	clusters[9] = 7.145896 4.585682 5.966322 3.642119 6.665926 3.265603 3.091822 6.607629 4.246774 3.511131 4.010453 6.606361 4.768040 4.590576 6.144413 6.228823 
newClusterSize[9] =248128
	clusters[10] = 4.830321 4.046997 7.375384 6.277706 5.448466 6.555548 6.878556 4.167974 5.357576 3.504503 6.545396 6.990410 4.680326 4.853451 6.498593 6.547543 
newClusterSize[10] =254869
	clusters[11] = 4.196964 3.400442 3.077231 5.307902 3.269692 6.919296 6.488915 6.658919 4.503889 4.102953 4.556716 3.379134 4.540227 5.015260 5.896402 7.229268 
newClusterSize[11] =259616
	clusters[12] = 5.857142 6.881183 5.624778 5.980528 6.321160 6.589145 4.788869 3.257714 4.134088 4.718628 3.369519 4.170140 4.742739 3.121965 2.867989 6.757111 
newClusterSize[12] =262705
	clusters[13] = 6.614402 4.611716 2.942079 4.569979 5.351642 6.917945 3.949390 5.305173 2.756303 4.381548 5.877279 5.619058 4.395450 6.821537 3.978486 2.838649 
newClusterSize[13] =259534
	clusters[14] = 4.088480 4.608252 5.017994 4.879424 2.592899 6.536510 4.611788 3.135924 7.491578 4.624938 4.109192 6.493029 4.528607 6.223763 4.182799 2.943915 
newClusterSize[14] =242388
	clusters[15] = 4.551557 3.520832 6.627560 5.452733 7.249718 5.639999 3.661987 4.726048 6.104868 4.946881 3.195707 2.647319 4.430741 6.919180 4.759608 3.440457 
newClusterSize[15] =238417
delta is 0.043357 - completed loop 5
	completed loop 5
	clusters[0] = 2.825680 6.947932 6.390341 2.590049 6.077679 5.940538 5.783632 7.146168 5.557227 4.515749 4.889405 4.919756 5.575615 3.873623 5.354122 3.615743 
newClusterSize[0] =272033
	clusters[1] = 3.357483 6.110434 3.078858 7.090109 5.723212 4.781166 3.384421 4.544433 5.250160 5.055298 7.362759 6.618267 5.536055 3.405827 5.802667 4.120984 
newClusterSize[1] =267779
	clusters[2] = 5.321654 4.371332 6.636582 6.684108 2.623388 4.498712 3.057050 7.033307 4.627814 5.817636 4.986927 3.242694 5.316350 3.406807 5.830595 3.997152 
newClusterSize[2] =265605
	clusters[3] = 5.900001 3.861212 3.261825 5.271749 6.273009 3.963943 7.285427 3.567082 3.885271 5.652171 3.627889 4.096519 5.453414 3.306459 6.691916 3.307063 
newClusterSize[3] =265625
	clusters[4] = 6.935375 6.883971 5.515700 5.947340 5.049468 4.022803 7.182650 6.953196 4.575852 6.084850 6.976497 4.410979 5.390555 6.522384 3.598245 5.056162 
newClusterSize[4] =266824
	clusters[5] = 2.987913 5.333285 6.549900 4.504471 3.148535 3.474595 5.530034 3.413195 2.275123 6.017606 4.346657 6.101242 5.145248 6.223897 4.247066 5.221360 
newClusterSize[5] =275115
	clusters[6] = 4.153917 4.127419 3.236427 5.095185 6.219131 3.813493 5.422889 6.308232 6.959364 6.961969 3.305468 7.155079 5.080920 5.867051 3.933701 6.325427 
newClusterSize[6] =262110
	clusters[7] = 5.499818 3.369018 5.770639 3.293943 5.269299 4.029632 4.410842 2.984866 6.488107 6.819491 7.517419 3.314756 5.093295 4.842851 4.787170 6.167621 
newClusterSize[7] =265734
	clusters[8] = 5.921509 7.127361 3.006853 3.458107 2.929631 3.205415 4.292688 4.041495 6.216150 2.985217 4.879427 4.075767 5.026599 5.212108 5.411851 5.977389 
newClusterSize[8] =260456
	clusters[9] = 7.069165 4.505912 6.057511 3.652148 6.589421 3.297515 3.089366 6.592895 4.155949 3.529261 4.040516 6.708292 4.764567 4.588851 6.142036 6.234336 
newClusterSize[9] =251140
	clusters[10] = 4.939370 4.019405 7.335966 6.302145 5.462413 6.507133 6.876589 4.140857 5.391641 3.506085 6.596525 6.987012 4.697403 4.911900 6.522830 6.511625 
newClusterSize[10] =257288
	clusters[11] = 4.085665 3.417966 3.033404 5.226994 3.309036 6.893551 6.431057 6.687819 4.465027 4.142469 4.586714 3.366709 4.567281 5.071614 5.809940 7.218093 
newClusterSize[11] =265886
	clusters[12] = 5.857495 6.897773 5.589872 5.988261 6.267900 6.642958 4.721678 3.253640 4.156217 4.793150 3.381692 4.158350 4.765030 3.122269 2.902155 6.776163 
newClusterSize[12] =264825
	clusters[13] = 6.585328 4.543361 2.968052 4.411675 5.342285 6.936335 3.887721 5.293257 2.714616 4.419844 5.975292 5.690052 4.421707 6.764910 3.982780 2.931306 
newClusterSize[13] =262243
	clusters[14] = 4.275902 4.623111 5.088904 4.889442 2.538643 6.571574 4.713105 3.209738 7.519373 4.658729 4.043683 6.547990 4.574344 6.083804 4.188944 2.928197 
newClusterSize[14] =247096
	clusters[15] = 4.460884 3.622967 6.582165 5.627359 7.309454 5.543548 3.703262 4.740873 6.093412 4.824386 3.256331 2.655343 4.465927 7.028984 4.825962 3.508549 
newClusterSize[15] =244545
delta is 0.035537 - completed loop 6
	completed loop 6
	clusters[0] = 2.862464 6.941817 6.362009 2.567595 6.074624 5.990584 5.877842 7.115947 5.550649 4.548250 4.978118 4.882549 5.557560 3.798554 5.341612 3.583694 
newClusterSize[0] =270620
	clusters[1] = 3.286870 6.158836 3.042445 7.093371 5.822866 4.717272 3.328689 4.533468 5.226890 5.070158 7.329138 6.555267 5.507724 3.453910 5.786559 4.168648 
newClusterSize[1] =265458
	clusters[2] = 5.373776 4.351159 6.670065 6.702531 2.588448 4.500945 3.068599 7.021419 4.652726 5.846541 4.944617 3.327647 5.287835 3.377297 5.778210 3.952478 
newClusterSize[2] =263925
	clusters[3] = 5.945849 3.890018 3.286503 5.244246 6.212075 3.916117 7.284835 3.546709 3.876481 5.626628 3.619902 4.128276 5.440046 3.323777 6.648142 3.202510 
newClusterSize[3] =265940
	clusters[4] = 6.930202 6.903353 5.558710 6.051090 5.044707 3.979624 7.201745 6.950927 4.672436 6.061682 6.948335 4.370582 5.372125 6.522177 3.645267 5.001335 
newClusterSize[4] =265604
	clusters[5] = 2.972389 5.334495 6.531723 4.464212 3.158889 3.433378 5.499720 3.403700 2.281981 5.986422 4.314819 6.121139 5.128985 6.254360 4.291576 5.235224 
newClusterSize[5] =273530
	clusters[6] = 4.144819 4.125299 3.214697 5.130293 6.197086 3.828704 5.424341 6.372316 6.944328 6.935414 3.288186 7.127146 5.075368 5.836370 3.904767 6.393731 
newClusterSize[6] =260227
	clusters[7] = 5.466672 3.338196 5.737664 3.203708 5.302485 4.127345 4.375240 3.024683 6.461448 6.824505 7.517609 3.318023 5.096249 4.762368 4.739273 6.203234 
newClusterSize[7] =264739
	clusters[8] = 5.909566 7.162338 3.034469 3.511255 2.982838 3.170551 4.320010 4.008707 6.262950 2.988902 4.857220 3.995919 5.032076 5.284645 5.473969 5.975712 
newClusterSize[8] =259626
	clusters[9] = 7.008124 4.451642 6.131956 3.638241 6.524537 3.321886 3.094291 6.589680 4.087065 3.540014 4.047320 6.777075 4.764861 4.575453 6.131920 6.241762 
newClusterSize[9] =251691
	clusters[10] = 5.022067 3.999630 7.283900 6.340688 5.468457 6.473122 6.888421 4.109373 5.414333 3.504558 6.639347 6.977091 4.715040 4.953232 6.544466 6.497735 
newClusterSize[10] =257373
	clusters[11] = 3.991731 3.426538 3.008622 5.169988 3.332982 6.874949 6.387131 6.704299 4.404296 4.162593 4.616621 3.344384 4.594493 5.103849 5.754678 7.206218 
newClusterSize[11] =267907
	clusters[12] = 5.868748 6.905646 5.565458 5.990599 6.225638 6.701007 4.672964 3.256664 4.157635 4.859877 3.379368 4.150569 4.783481 3.126134 2.941062 6.802059 
newClusterSize[12] =264842
	clusters[13] = 6.566147 4.491990 2.993924 4.268005 5.326887 6.951425 3.838379 5.286357 2.697416 4.467498 6.066109 5.747855 4.449298 6.717637 3.975263 3.004454 
newClusterSize[13] =263516
	clusters[14] = 4.445825 4.628582 5.145502 4.892291 2.512594 6.602726 4.800538 3.271706 7.535810 4.699313 3.982417 6.602415 4.611413 5.959585 4.187826 2.912026 
newClusterSize[14] =250414
	clusters[15] = 4.368919 3.721272 6.533010 5.779079 7.343446 5.450702 3.725716 4.748877 6.079711 4.705217 3.308445 2.666518 4.496701 7.121556 4.894672 3.560119 
newClusterSize[15] =248892
delta is 0.030530 - completed loop 7
	completed loop 7
	clusters[0] = 2.900268 6.927522 6.343911 2.552402 6.074303 6.035374 5.959019 7.087248 5.546828 4.578116 5.055721 4.854329 5.536064 3.731869 5.325930 3.559631 
newClusterSize[0] =269735
	clusters[1] = 3.226188 6.198566 3.023232 7.096567 5.896761 4.662239 3.286680 4.521522 5.202128 5.074191 7.296793 6.498807 5.476286 3.507605 5.774851 4.210130 
newClusterSize[1] =264865
	clusters[2] = 5.415173 4.325605 6.687771 6.717252 2.568069 4.508510 3.078182 7.009073 4.676617 5.870027 4.911944 3.395896 5.259805 3.348389 5.734946 3.914453 
newClusterSize[2] =262927
	clusters[3] = 5.995397 3.899648 3.302848 5.222507 6.163033 3.879889 7.282720 3.536348 3.866946 5.601141 3.612368 4.157080 5.423905 3.334037 6.602911 3.128380 
newClusterSize[3] =265939
	clusters[4] = 6.926973 6.914605 5.588670 6.143557 5.039165 3.935925 7.208166 6.935997 4.743957 6.037976 6.921121 4.337296 5.350382 6.530798 3.681481 4.953158 
newClusterSize[4] =264802
	clusters[5] = 2.951608 5.347494 6.521029 4.430627 3.168473 3.407405 5.480715 3.395578 2.300203 5.959128 4.296960 6.133872 5.113290 6.289633 4.327256 5.250009 
newClusterSize[5] =272421
	clusters[6] = 4.144190 4.122146 3.201120 5.151734 6.180825 3.844070 5.433027 6.423937 6.933467 6.909135 3.272056 7.107347 5.070852 5.805200 3.883648 6.445446 
newClusterSize[6] =258983
	clusters[7] = 5.435577 3.304427 5.710816 3.126398 5.330772 4.213077 4.342764 3.066468 6.441051 6.832661 7.500264 3.323477 5.097881 4.687714 4.688623 6.232044 
newClusterSize[7] =264184
	clusters[8] = 5.900759 7.180703 3.064315 3.559363 3.034479 3.149211 4.336645 3.988371 6.308609 2.992582 4.841532 3.926504 5.036481 5.364170 5.536257 5.977221 
newClusterSize[8] =259699
	clusters[9] = 6.956312 4.414603 6.194881 3.612135 6.469179 3.342331 3.106308 6.595249 4.037641 3.548297 4.042969 6.825439 4.770455 4.553517 6.115305 6.248834 
newClusterSize[9] =251653
	clusters[10] = 5.085996 3.986295 7.225278 6.382675 5.469489 6.446583 6.904763 4.076231 5.431898 3.505358 6.676955 6.963374 4.734779 4.985169 6.562755 6.497072 
newClusterSize[10] =257036
	clusters[11] = 3.907221 3.433235 2.996137 5.131218 3.347465 6.860355 6.353830 6.715261 4.335917 4.170397 4.646336 3.320250 4.621408 5.125500 5.716094 7.187536 
newClusterSize[11] =268157
	clusters[12] = 5.886464 6.909517 5.549137 5.991313 6.188927 6.755261 4.632670 3.266033 4.144585 4.921879 3.369628 4.144999 4.798930 3.132162 2.983568 6.827453 
newClusterSize[12] =264273
	clusters[13] = 6.555841 4.456273 3.020225 4.140274 5.311947 6.962664 3.800149 5.283017 2.696830 4.520947 6.146392 5.795514 4.477375 6.680769 3.966531 3.063017 
newClusterSize[13] =264176
	clusters[14] = 4.601107 4.630576 5.187742 4.886595 2.507699 6.632334 4.875940 3.325405 7.542650 4.739386 3.923420 6.654948 4.643481 5.853434 4.182464 2.900054 
newClusterSize[14] =252934
	clusters[15] = 4.275453 3.813625 6.482587 5.907965 7.357257 5.364849 3.735556 4.750690 6.062035 4.592808 3.355768 2.681207 4.523675 7.192548 4.961134 3.597402 
newClusterSize[15] =252520
delta is 0.026545 - completed loop 8
	completed loop 8
	clusters[0] = 2.939005 6.913220 6.332389 2.544408 6.074183 6.074086 6.030506 7.058441 5.545782 4.603992 5.124788 4.833091 5.513264 3.672121 5.309087 3.539959 
newClusterSize[0] =269414
	clusters[1] = 3.176270 6.231917 3.011892 7.099483 5.947566 4.611537 3.254219 4.510020 5.176342 5.070712 7.265918 6.453432 5.445790 3.558724 5.766875 4.242994 
newClusterSize[1] =265063
	clusters[2] = 5.445514 4.296899 6.694771 6.730649 2.560782 4.519063 3.085043 6.998969 4.696312 5.890074 4.888906 3.452070 5.234534 3.318925 5.697968 3.882522 
newClusterSize[2] =262313
	clusters[3] = 6.042092 3.897545 3.312421 5.204708 6.125280 3.848466 7.278968 3.530760 3.854002 5.579602 3.607438 4.182175 5.404870 3.341728 6.557108 3.075795 
newClusterSize[3] =265524
	clusters[4] = 6.923441 6.917489 5.608294 6.222956 5.035366 3.896693 7.206993 6.917205 4.797540 6.016704 6.900533 4.310940 5.326745 6.544698 3.708802 4.910781 
newClusterSize[4] =264207
	clusters[5] = 2.929170 5.369216 6.514819 4.401912 3.177846 3.388935 5.469259 3.390132 2.325442 5.935734 4.289048 6.143860 5.099319 6.324183 4.354627 5.262266 
newClusterSize[5] =271747
	clusters[6] = 4.147833 4.115617 3.193304 5.167390 6.169602 3.860208 5.445747 6.465069 6.925062 6.883173 3.257284 7.091478 5.066634 5.774304 3.867511 6.487322 
newClusterSize[6] =258203
	clusters[7] = 5.407298 3.273787 5.693063 3.065280 5.353919 4.283653 4.314227 3.106506 6.426665 6.841351 7.474248 3.327117 5.100823 4.619011 4.640077 6.254158 
newClusterSize[7] =263787
	clusters[8] = 5.894840 7.187656 3.093687 3.596482 3.078821 3.141851 4.344949 3.974473 6.353133 2.997991 4.830164 3.866946 5.038373 5.443705 5.597635 5.980643 
newClusterSize[8] =259832
	clusters[9] = 6.915388 4.392693 6.245444 3.580656 6.423351 3.357738 3.123032 6.604566 4.002124 3.551889 4.031802 6.856434 4.778032 4.529878 6.098219 6.255999 
newClusterSize[9] =251325
	clusters[10] = 5.139777 3.975000 7.165804 6.426396 5.470373 6.424231 6.918675 4.042914 5.448757 3.505641 6.711363 6.947808 4.758155 5.013950 6.576505 6.505863 
newClusterSize[10] =256485
	clusters[11] = 3.830290 3.440119 2.991526 5.103827 3.355113 6.846020 6.329151 6.721867 4.267969 4.172037 4.672910 3.296052 4.646054 5.142170 5.688584 7.164351 
newClusterSize[11] =267773
	clusters[12] = 5.910884 6.909945 5.533943 5.989432 6.157074 6.804808 4.600765 3.279928 4.122818 4.980426 3.353058 4.140563 4.812571 3.144034 3.026958 6.849730 
newClusterSize[12] =263781
	clusters[13] = 6.551556 4.433050 3.047657 4.031018 5.299391 6.968400 3.767307 5.285017 2.709076 4.571319 6.215103 5.834448 4.503438 6.653561 3.960394 3.109398 
newClusterSize[13] =264332
	clusters[14] = 4.739252 4.628386 5.218240 4.872827 2.515860 6.659590 4.940343 3.369712 7.542360 4.777066 3.869041 6.702290 4.673201 5.757399 4.175837 2.893313 
newClusterSize[14] =254970
	clusters[15] = 4.185622 3.895027 6.436702 6.013816 7.353182 5.291780 3.738724 4.745390 6.041514 4.491775 3.398894 2.699449 4.546296 7.247358 5.024181 3.623542 
newClusterSize[15] =255548
delta is 0.023217 - completed loop 9
	completed loop 9
	clusters[0] = 2.971629 6.898066 6.324996 2.545037 6.075824 6.107090 6.093957 7.031875 5.547751 4.624717 5.185949 4.816039 5.488973 3.622967 5.293198 3.524035 
newClusterSize[0] =269380
	clusters[1] = 3.135554 6.263459 3.006076 7.098547 5.980732 4.566483 3.230190 4.497849 5.150892 5.064247 7.237923 6.421394 5.414998 3.599342 5.758190 4.266900 
newClusterSize[1] =265104
	clusters[2] = 5.466596 4.267860 6.694174 6.745507 2.560015 4.528156 3.087545 6.988984 4.712985 5.908135 4.873174 3.498640 5.214162 3.290246 5.666815 3.855666 
newClusterSize[2] =261627
	clusters[3] = 6.086518 3.888144 3.318334 5.191504 6.099415 3.821094 7.272473 3.527615 3.835663 5.558453 3.605248 4.206085 5.382339 3.348012 6.512719 3.040531 
newClusterSize[3] =265376
	clusters[4] = 6.921330 6.915499 5.621947 6.291021 5.032270 3.861954 7.200246 6.898321 4.836874 6.001208 6.883283 4.288056 5.304655 6.559712 3.730553 4.874542 
newClusterSize[4] =263617
	clusters[5] = 2.907689 5.394812 6.512208 4.375203 3.184204 3.376809 5.464725 3.385219 2.354382 5.918846 4.287908 6.151754 5.087064 6.358115 4.375878 5.269011 
newClusterSize[5] =271096
	clusters[6] = 4.155257 4.109599 3.187967 5.179080 6.161232 3.876918 5.460682 6.500692 6.921617 6.859521 3.246152 7.079041 5.062206 5.746988 3.857842 6.519670 
newClusterSize[6] =257789
	clusters[7] = 5.378227 3.247789 5.683094 3.021903 5.374647 4.341071 4.287624 3.142813 6.420608 6.846940 7.444137 3.330740 5.104931 4.557620 4.592320 6.271678 
newClusterSize[7] =263805
	clusters[8] = 5.892712 7.185915 3.120996 3.625407 3.113942 3.144665 4.347912 3.966438 6.394571 3.007151 4.822338 3.815790 5.039388 5.517271 5.654630 5.985715 
newClusterSize[8] =260174
	clusters[9] = 6.878566 4.382856 6.290978 3.548811 6.383359 3.371622 3.143568 6.619014 3.976727 3.550122 4.019922 6.874519 4.787210 4.503213 6.079383 6.264102 
newClusterSize[9] =251008
	clusters[10] = 5.185642 3.964499 7.108715 6.467819 5.468521 6.406016 6.925004 4.009917 5.465418 3.508985 6.741744 6.932615 4.778876 5.038270 6.586846 6.518478 
newClusterSize[10] =256064
	clusters[11] = 3.761139 3.448238 2.994026 5.086623 3.355590 6.831651 6.309977 6.724643 4.200943 4.168921 4.694877 3.275031 4.670087 5.157012 5.666678 7.136960 
newClusterSize[11] =267420
	clusters[12] = 5.936953 6.912281 5.522024 5.988772 6.129917 6.847010 4.575792 3.294628 4.097086 5.032968 3.335755 4.136802 4.824452 3.161628 3.071105 6.868014 
newClusterSize[12] =263319
	clusters[13] = 6.550001 4.419156 3.073021 3.938251 5.289050 6.969562 3.737831 5.290568 2.727209 4.618843 6.275194 5.865841 4.531775 6.637340 3.957536 3.146727 
newClusterSize[13] =264312
	clusters[14] = 4.861444 4.627482 5.238601 4.856495 2.533888 6.681931 4.995033 3.405767 7.539102 4.810163 3.815257 6.743241 4.699026 5.674956 4.169736 2.887842 
newClusterSize[14] =256301
	clusters[15] = 4.100992 3.960942 6.395045 6.095693 7.341279 5.232845 3.735389 4.737563 6.020067 4.402118 3.435931 2.719423 4.566753 7.285558 5.078875 3.641137 
newClusterSize[15] =257912
delta is 0.020498 - completed loop 10
	completed loop 10
	clusters[0] = 2.999076 6.883908 6.320943 2.552616 6.077951 6.133135 6.151629 7.007071 5.553911 4.642697 5.240346 4.798258 5.467001 3.581764 5.281423 3.510022 
newClusterSize[0] =269366
	clusters[1] = 3.102281 6.293239 3.003426 7.094566 5.998487 4.525007 3.212234 4.483159 5.125464 5.055816 7.213904 6.401393 5.385054 3.629679 5.746689 4.285671 
newClusterSize[1] =265209
	clusters[2] = 5.479680 4.239613 6.688729 6.760385 2.565259 4.535747 3.085872 6.979241 4.726339 5.926714 4.861639 3.538116 5.196684 3.264455 5.641637 3.832583 
newClusterSize[2] =260956
	clusters[3] = 6.125246 3.873853 3.320527 5.180068 6.082033 3.794266 7.264459 3.527255 3.814605 5.537934 3.605905 4.226751 5.360157 3.352536 6.470216 3.016085 
newClusterSize[3] =265141
	clusters[4] = 6.920633 6.910347 5.631654 6.349214 5.031157 3.831660 7.188968 6.879524 4.866896 5.987573 6.869344 4.264807 5.283323 6.574322 3.746611 4.844640 
newClusterSize[4] =263232
	clusters[5] = 2.888699 5.423126 6.511933 4.347460 3.188560 3.368330 5.466937 3.379574 2.384847 5.903700 4.290745 6.158426 5.076105 6.386916 4.395374 5.272408 
newClusterSize[5] =270609
	clusters[6] = 4.161923 4.104168 3.183683 5.188488 6.155830 3.895256 5.475938 6.531418 6.920276 6.838776 3.236611 7.068608 5.057201 5.721183 3.853331 6.544055 
newClusterSize[6] =257636
	clusters[7] = 5.349846 3.224078 5.677897 2.990940 5.392702 4.386130 4.263938 3.175120 6.421127 6.849281 7.413415 3.333087 5.108492 4.504901 4.548126 6.287319 
newClusterSize[7] =263746
	clusters[8] = 5.894817 7.177723 3.144292 3.644112 3.142529 3.156700 4.347664 3.961742 6.433942 3.019451 4.817492 3.771939 5.040924 5.581976 5.708068 5.991421 
newClusterSize[8] =260518
	clusters[9] = 6.846558 4.380785 6.333156 3.519295 6.349014 3.384866 3.166440 6.633895 3.958559 3.543420 4.005774 6.883506 4.795761 4.477656 6.060732 6.270651 
newClusterSize[9] =250869
	clusters[10] = 5.226046 3.952906 7.053503 6.505850 5.465005 6.392915 6.926675 3.979576 5.480757 3.516349 6.768243 6.918150 4.798883 5.059943 6.591567 6.533636 
newClusterSize[10] =255880
	clusters[11] = 3.698903 3.456396 3.000730 5.076567 3.350526 6.815954 6.295708 6.725647 4.135234 4.161013 4.713842 3.259113 4.692424 5.170785 5.648183 7.107847 
newClusterSize[11] =266889
	clusters[12] = 5.963009 6.916545 5.508111 5.990442 6.104288 6.883228 4.555172 3.310014 4.069810 5.083882 3.318656 4.130104 4.835474 3.183845 3.114987 6.882965 
newClusterSize[12] =263076
	clusters[13] = 6.551694 4.412159 3.097708 3.861062 5.283597 6.967406 3.710476 5.299613 2.750270 4.664953 6.327361 5.890208 4.558630 6.630156 3.959184 3.176272 
newClusterSize[13] =264351
	clusters[14] = 4.967919 4.628068 5.252844 4.838426 2.557923 6.700659 5.042003 3.435207 7.534055 4.834880 3.763008 6.778476 4.721558 5.605924 4.162013 2.885119 
newClusterSize[14] =257169
	clusters[15] = 4.021791 4.011111 6.361180 6.158613 7.323404 5.187638 3.729585 4.730229 6.000865 4.325562 3.467248 2.740827 4.585660 7.310019 5.126348 3.651841 
newClusterSize[15] =259657
nloops = 10  : total = 5638.530016 ms
	-> t_loop_avg = 563.853002 ms
	-> t_loop_min = 562.098980 ms
	-> t_loop_max = 570.914984 ms

|-------------------------------------------|


|-----------Shared GPU Kmeans (Adv. Timers)------------|

t_alloc: 384.152889 ms

t_alloc_gpu: 2370.479107 ms

2112, 16, 16
t_get_gpu: 90.399981 ms

delta is 1.000000 - completed loop 1
	completed loop 1
	clusters[0] = 3.148405 6.454225 6.570023 2.891229 6.135287 5.816995 5.151459 7.030167 5.526017 4.257221 4.074538 5.076474 5.395932 4.330134 5.352911 4.057265 
	clusters[1] = 3.964814 5.472078 3.750218 6.855899 5.027575 5.372870 4.050970 4.547869 5.211717 4.651092 6.903474 6.451534 5.362266 3.789843 5.854317 4.211135 
	clusters[2] = 5.221758 4.161503 6.139951 6.364185 3.121712 4.959377 3.314593 6.834551 4.527660 5.249278 4.987563 2.641938 5.250498 3.531662 6.244509 4.449883 
	clusters[3] = 6.111547 3.230693 3.087109 5.569826 6.558644 4.629253 7.424366 3.833514 3.913396 5.473783 3.397815 3.817933 5.244585 3.103292 6.906984 4.423532 
	clusters[4] = 7.072426 6.489697 5.084166 5.411628 5.013633 4.490585 6.792008 6.346076 3.785360 5.782651 6.611935 4.648187 5.200341 6.713665 3.322365 5.212263 
	clusters[5] = 3.216164 5.302258 6.777711 4.736374 3.224244 4.141956 5.867974 3.322005 2.649564 6.005846 4.633440 5.927599 5.056745 6.344712 3.843309 5.331168 
	clusters[6] = 4.548433 4.105711 3.704888 4.579572 6.428302 3.947200 5.362582 5.592763 6.929555 6.643173 3.260809 7.122128 4.981855 5.991841 4.171638 5.791146 
	clusters[7] = 5.654438 3.178463 5.896425 3.684838 5.042228 3.754396 4.548662 2.794750 6.451571 6.780828 6.750595 3.289746 4.936479 5.340649 4.851963 5.949035 
	clusters[8] = 6.386735 6.668946 2.995613 3.239271 3.106739 3.422081 3.993106 4.412382 5.915818 2.701880 4.756345 4.411168 4.833428 5.122797 5.291487 6.106738 
	clusters[9] = 7.789814 4.984743 5.410559 3.089674 6.971526 3.024344 3.017787 6.809898 4.735835 3.122176 3.326028 5.982990 4.704413 4.514830 6.084219 6.453179 
	clusters[10] = 4.289418 4.024752 7.422027 6.608566 5.245578 7.263406 7.351950 3.999493 4.965968 3.242645 6.239499 6.960092 4.541411 4.442955 6.543015 7.001235 
	clusters[11] = 4.831329 3.006996 3.507033 5.931643 3.178902 7.301895 6.839089 6.400498 4.226393 3.669832 4.353751 3.099761 4.400513 4.321455 6.668007 7.499020 
	clusters[12] = 6.129254 6.705887 5.870365 5.934317 6.666399 6.722493 5.328209 3.234259 3.715877 4.260340 2.925857 4.129478 4.530193 3.040120 2.801506 7.095030 
	clusters[13] = 7.064270 4.924752 2.749437 5.056465 5.301018 6.973087 4.306695 5.308485 2.869143 4.259204 5.624373 5.330482 4.242983 7.296794 3.698853 2.387462 
	clusters[14] = 3.516514 4.293061 4.886763 4.774296 2.908671 6.580941 4.176424 2.553571 7.475166 4.601194 4.086234 6.475383 4.234888 6.992754 3.979263 2.730546 
	clusters[15] = 4.756644 3.040895 6.803769 4.739955 6.979247 5.970131 3.386509 4.599292 6.318076 5.193038 2.690697 2.496386 4.192127 6.679957 4.574892 3.156954 
delta is 1.000000 - completed loop 2
	completed loop 2
	clusters[0] = 2.890471 6.740604 6.535645 2.775036 6.107037 5.795943 5.348577 7.161598 5.545025 4.381832 4.435758 5.083854 5.532850 4.169477 5.375233 3.860599 
	clusters[1] = 3.685943 5.779668 3.446982 7.017894 5.240868 5.106148 3.760658 4.580287 5.278108 4.853092 7.273369 6.677271 5.517697 3.522414 5.873815 4.068559 
	clusters[2] = 5.169742 4.313007 6.340046 6.513684 2.926821 4.687934 3.130303 7.003099 4.549838 5.552601 5.096170 2.837981 5.347060 3.489738 6.093997 4.249508 
	clusters[3] = 5.930354 3.533989 3.135684 5.450593 6.512166 4.309964 7.327050 3.759491 3.913796 5.648048 3.564682 3.962890 5.391022 3.185730 6.821463 3.967431 
	clusters[4] = 6.987856 6.695525 5.244390 5.577116 5.044088 4.250934 6.965201 6.705472 4.057829 6.004709 6.903744 4.594038 5.353214 6.605666 3.416968 5.210343 
	clusters[5] = 3.043649 5.376795 6.686181 4.678918 3.161700 3.831115 5.730485 3.417094 2.467002 6.076250 4.584107 5.996612 5.154608 6.220278 4.002618 5.253589 
	clusters[6] = 4.338987 4.141644 3.483268 4.812894 6.360688 3.820894 5.409000 5.912776 6.985422 6.886152 3.340942 7.241593 5.072447 5.935965 4.109533 5.953293 
	clusters[7] = 5.582328 3.346927 5.880293 3.609744 5.111181 3.744532 4.516788 2.890587 6.512262 6.825896 7.194277 3.315056 5.049354 5.141253 4.882842 6.003234 
	clusters[8] = 6.091389 6.866877 2.963416 3.316586 2.915144 3.361095 4.111278 4.279366 6.032994 2.876665 4.906812 4.364104 4.948105 5.097898 5.293378 6.024834 
	clusters[9] = 7.420932 4.836432 5.665248 3.447035 6.860811 3.144004 3.089888 6.715231 4.523604 3.396825 3.759539 6.263715 4.769108 4.531541 6.111900 6.287913 
	clusters[10] = 4.491743 4.104377 7.390271 6.366753 5.348173 6.822777 7.044808 4.154679 5.190388 3.443358 6.394004 6.973073 4.633482 4.634403 6.477222 6.741321 
	clusters[11] = 4.520464 3.265270 3.282328 5.615890 3.180126 7.064397 6.685924 6.547637 4.431014 3.906788 4.487664 3.298898 4.475728 4.704440 6.273274 7.330558 
	clusters[12] = 5.943310 6.801738 5.755050 5.953131 6.501093 6.562045 5.050431 3.285858 3.948407 4.497963 3.218323 4.188601 4.659236 3.095796 2.831984 6.841577 
	clusters[13] = 6.771053 4.807155 2.863231 4.905822 5.339013 6.898148 4.137726 5.329737 2.897335 4.327102 5.692097 5.436413 4.337988 7.014772 3.886385 2.578531 
	clusters[14] = 3.700218 4.500408 4.884504 4.834603 2.807786 6.491062 4.350358 2.901543 7.419018 4.597123 4.196472 6.430045 4.400269 6.612465 4.115414 2.899177 
	clusters[15] = 4.687682 3.285381 6.701660 5.042201 7.068949 5.833893 3.508859 4.679957 6.177795 5.148509 2.986097 2.601161 4.323063 6.700928 4.634651 3.251715 
delta is 1.000000 - completed loop 3
	completed loop 3
	clusters[0] = 2.802494 6.879258 6.485427 2.678277 6.090982 5.836892 5.527603 7.190765 5.558569 4.439155 4.636896 5.028915 5.577889 4.054743 5.375976 3.735289 
	clusters[1] = 3.536347 5.946603 3.252481 7.076985 5.434781 4.955286 3.572120 4.569563 5.287067 4.961693 7.383686 6.718388 5.562970 3.405958 5.853376 4.043569 
	clusters[2] = 5.206243 4.367726 6.485579 6.604477 2.777000 4.564486 3.059772 7.045486 4.571106 5.700899 5.082089 2.999342 5.358889 3.460879 5.980803 4.132126 
	clusters[3] = 5.871683 3.699709 3.184879 5.366171 6.429052 4.137160 7.292467 3.665536 3.902859 5.684682 3.615717 4.025017 5.442927 3.241220 6.773686 3.660788 
	clusters[4] = 6.960881 6.794748 5.365860 5.710711 5.051481 4.136051 7.081373 6.865618 4.276388 6.085763 6.991497 4.525004 5.398794 6.561850 3.483850 5.170589 
	clusters[5] = 3.005457 5.367887 6.624235 4.612043 3.137272 3.648199 5.638268 3.427388 2.345463 6.075922 4.481213 6.038961 5.169425 6.195281 4.108827 5.218713 
	clusters[6] = 4.231073 4.136485 3.351157 4.950894 6.295797 3.794684 5.423667 6.100907 6.993144 6.968209 3.337314 7.234738 5.088789 5.918286 4.033062 6.111189 
	clusters[7] = 5.558223 3.391777 5.851686 3.505894 5.174037 3.823112 4.482965 2.918836 6.526759 6.823990 7.397579 3.316646 5.079085 5.024906 4.863576 6.065851 
	clusters[8] = 5.982680 6.987121 2.962333 3.358743 2.862535 3.306770 4.194147 4.165284 6.111742 2.943168 4.920379 4.266708 4.992308 5.116661 5.311280 5.994617 
	clusters[9] = 7.251024 4.692801 5.842361 3.590006 6.755138 3.218531 3.096389 6.644215 4.366705 3.480051 3.936510 6.464292 4.771006 4.569980 6.134788 6.237503 
	clusters[10] = 4.682210 4.081209 7.392703 6.285413 5.413397 6.642919 6.918777 4.180432 5.300174 3.494392 6.482624 6.986800 4.661559 4.766438 6.479289 6.614052 
	clusters[11] = 4.335383 3.361890 3.154418 5.426946 3.220707 6.966849 6.570275 6.614983 4.504568 4.031989 4.528384 3.368208 4.512083 4.910798 6.038557 7.256262 
	clusters[12] = 5.878553 6.851313 5.677414 5.967177 6.393174 6.551232 4.889326 3.270066 4.072543 4.626709 3.327004 4.184630 4.712486 3.119131 2.844397 6.763031 
	clusters[13] = 6.665283 4.699067 2.914311 4.737260 5.351666 6.900229 4.029634 5.318074 2.823549 4.351738 5.777846 5.532691 4.371840 6.894787 3.953799 2.724249 
	clusters[14] = 3.895412 4.575462 4.944781 4.861316 2.683865 6.501316 4.492455 3.045928 7.450733 4.601687 4.167579 6.448744 4.476706 6.390471 4.163057 2.945825 
	clusters[15] = 4.627500 3.414759 6.662101 5.260772 7.165937 5.734031 3.599955 4.709622 6.124732 5.058932 3.117901 2.635917 4.387442 6.801316 4.695776 3.353789 
delta is 1.000000 - completed loop 4
	completed loop 4
	clusters[0] = 2.799207 6.934559 6.432138 2.623403 6.081535 5.887541 5.670705 7.174446 5.562047 4.480441 4.780505 4.969422 5.585013 3.960374 5.366068 3.661506 
	clusters[1] = 3.437750 6.043728 3.142827 7.089182 5.595380 4.856405 3.459179 4.556292 5.271859 5.022910 7.387641 6.679097 5.560783 3.380287 5.824753 4.074986 
	clusters[2] = 5.263661 4.380594 6.578249 6.654195 2.682024 4.513117 3.049152 7.045309 4.598881 5.776555 5.035510 3.135049 5.341682 3.434449 5.896653 4.053375 
	clusters[3] = 5.871243 3.801371 3.229535 5.309390 6.345633 4.031505 7.285225 3.603506 3.892707 5.675631 3.629725 4.064191 5.456996 3.279568 6.733405 3.453660 
	clusters[4] = 6.944486 6.849632 5.453341 5.832965 5.052146 4.070621 7.145447 6.932376 4.447090 6.098613 6.998660 4.462898 5.403645 6.533588 3.544415 5.113764 
	clusters[5] = 2.996105 5.347231 6.579640 4.553689 3.139664 3.539996 5.574289 3.420732 2.290455 6.050042 4.401045 6.075041 5.161359 6.201198 4.189367 5.213316 
	clusters[6] = 4.178121 4.131200 3.277168 5.038796 6.249400 3.800956 5.425356 6.224637 6.978093 6.979452 3.322331 7.193575 5.088044 5.894569 3.975709 6.234838 
	clusters[7] = 5.531062 3.391255 5.811104 3.396844 5.227551 3.924111 4.447324 2.948824 6.513970 6.818297 7.485871 3.314282 5.088826 4.929558 4.828947 6.122537 
	clusters[8] = 5.940282 7.070704 2.980428 3.406779 2.882005 3.251269 4.252657 4.089725 6.168905 2.973030 4.903580 4.165541 5.013773 5.155440 5.354507 5.982375 
	clusters[9] = 7.145682 4.585668 5.966249 3.641998 6.665929 3.265626 3.091796 6.607477 4.246897 3.511126 4.010465 6.606328 4.768036 4.590696 6.144363 6.228656 
	clusters[10] = 4.830239 4.046904 7.375237 6.277818 5.448338 6.555394 6.878578 4.168006 5.357750 3.504466 6.545286 6.990431 4.680149 4.853436 6.498368 6.547392 
	clusters[11] = 4.196848 3.400406 3.077162 5.307855 3.269637 6.919136 6.488845 6.658801 4.503962 4.103053 4.556757 3.379020 4.540257 5.015315 5.896502 7.229110 
	clusters[12] = 5.857293 6.880955 5.624539 5.980145 6.321204 6.589213 4.788608 3.257696 4.134055 4.718682 3.369514 4.170338 4.742936 3.121828 2.868084 6.757011 
	clusters[13] = 6.614452 4.611876 2.942275 4.570022 5.351532 6.917826 3.949359 5.305215 2.756387 4.381617 5.877474 5.619121 4.395327 6.821637 3.978715 2.838476 
	clusters[14] = 4.088527 4.608315 5.018052 4.879218 2.592832 6.536615 4.611924 3.135955 7.491409 4.624988 4.109291 6.492865 4.528390 6.223611 4.182685 2.943893 
	clusters[15] = 4.551583 3.520765 6.627589 5.452969 7.249753 5.639751 3.661974 4.726121 6.104547 4.946661 3.195770 2.647340 4.430753 6.919182 4.759493 3.440551 
delta is 1.000000 - completed loop 5
	completed loop 5
	clusters[0] = 2.825795 6.947967 6.390267 2.589911 6.077578 5.940327 5.783910 7.145977 5.557411 4.515693 4.889704 4.919857 5.575136 3.873625 5.354089 3.615698 
	clusters[1] = 3.357307 6.110252 3.079001 7.090021 5.723002 4.781059 3.384154 4.544519 5.249977 5.055224 7.362473 6.618037 5.536312 3.405814 5.802675 4.121110 
	clusters[2] = 5.321527 4.371621 6.636708 6.683820 2.623375 4.499100 3.056979 7.033364 4.627649 5.817677 4.986918 3.242548 5.316629 3.406907 5.830559 3.997310 
	clusters[3] = 5.900236 3.861364 3.261790 5.271479 6.272985 3.963967 7.285141 3.567172 3.885433 5.652403 3.627891 4.096642 5.453318 3.306297 6.692037 3.307143 
	clusters[4] = 6.935344 6.883934 5.515502 5.947472 5.049896 4.022925 7.182850 6.953090 4.575788 6.084504 6.976340 4.410849 5.390245 6.522193 3.598058 5.056468 
	clusters[5] = 2.987991 5.333345 6.549750 4.504671 3.148597 3.474494 5.530216 3.413040 2.275246 6.017630 4.346392 6.101328 5.145492 6.223758 4.247102 5.221481 
	clusters[6] = 4.153733 4.127525 3.236339 5.095389 6.218949 3.813427 5.422993 6.308294 6.959498 6.961632 3.305511 7.154952 5.080951 5.867304 3.933825 6.325146 
	clusters[7] = 5.499833 3.368901 5.770779 3.294060 5.269392 4.029592 4.410816 2.984838 6.487878 6.819374 7.517437 3.314831 5.093427 4.843042 4.786973 6.167706 
	clusters[8] = 5.921793 7.127191 3.006768 3.458230 2.929524 3.205384 4.292476 4.041401 6.216136 2.985094 4.879667 4.075930 5.026643 5.212086 5.411693 5.977707 
	clusters[9] = 7.068799 4.505826 6.057419 3.651953 6.589365 3.297552 3.089511 6.592924 4.155954 3.529252 4.040495 6.708251 4.764728 4.588927 6.141973 6.234209 
	clusters[10] = 4.939278 4.019278 7.335785 6.302423 5.462275 6.507050 6.876565 4.140790 5.391924 3.506107 6.596443 6.987086 4.697260 4.911850 6.522655 6.511451 
	clusters[11] = 4.085585 3.417835 3.033366 5.226863 3.309041 6.893420 6.430975 6.687683 4.465312 4.142485 4.586644 3.366625 4.567257 5.071661 5.810082 7.217967 
	clusters[12] = 5.857546 6.897517 5.589452 5.987946 6.268007 6.643260 4.721325 3.253459 4.156172 4.793281 3.381741 4.158644 4.765203 3.122262 2.902314 6.776078 
	clusters[13] = 6.585474 4.543550 2.968182 4.411767 5.342000 6.936176 3.887773 5.293338 2.714672 4.420051 5.975556 5.690094 4.421558 6.765007 3.983111 2.931099 
	clusters[14] = 4.275829 4.623256 5.088953 4.889181 2.538563 6.571601 4.713153 3.209795 7.519086 4.658876 4.043859 6.547825 4.574120 6.083679 4.188801 2.928120 
	clusters[15] = 4.460896 3.622887 6.582038 5.627663 7.309480 5.543346 3.703169 4.740912 6.093119 4.824078 3.256401 2.655396 4.465935 7.028835 4.825864 3.508572 
delta is 1.000000 - completed loop 6
	completed loop 6
	clusters[0] = 2.862461 6.941768 6.361945 2.567513 6.074626 5.990343 5.878200 7.115837 5.550800 4.548190 4.978464 4.882548 5.556939 3.798480 5.341663 3.583629 
	clusters[1] = 3.286738 6.158542 3.042607 7.093365 5.822606 4.717267 3.328465 4.533521 5.226620 5.070185 7.328842 6.554984 5.508097 3.453983 5.786551 4.168692 
	clusters[2] = 5.373605 4.351639 6.670102 6.702231 2.588419 4.501317 3.068573 7.021505 4.652515 5.846479 4.944649 3.327460 5.288167 3.377422 5.778141 3.952609 
	clusters[3] = 5.946216 3.890157 3.286513 5.243876 6.212081 3.916126 7.284560 3.546824 3.876754 5.626973 3.619947 4.128351 5.439853 3.323546 6.648310 3.202630 
	clusters[4] = 6.930095 6.903391 5.558677 6.051179 5.045081 3.979658 7.201893 6.950930 4.672537 6.061304 6.948190 4.370443 5.371845 6.521869 3.645119 5.001662 
	clusters[5] = 2.972443 5.334570 6.531579 4.464549 3.158944 3.433322 5.499986 3.403468 2.282041 5.986433 4.314501 6.121315 5.129273 6.254261 4.291752 5.235374 
	clusters[6] = 4.144667 4.125308 3.214602 5.130599 6.196860 3.828738 5.424346 6.372395 6.944538 6.935177 3.288071 7.126973 5.075389 5.836702 3.904700 6.393478 
	clusters[7] = 5.466621 3.338043 5.737775 3.203837 5.302651 4.127302 4.375194 3.024652 6.461107 6.824433 7.517456 3.318163 5.096430 4.762509 4.739072 6.203266 
	clusters[8] = 5.909832 7.162117 3.034414 3.511250 2.982735 3.170524 4.319890 4.008548 6.262814 2.988814 4.857676 3.996062 5.032033 5.284662 5.473950 5.975939 
	clusters[9] = 7.007624 4.451695 6.131833 3.638018 6.524557 3.321962 3.094407 6.589791 4.087132 3.539990 4.047100 6.777035 4.765160 4.575414 6.131722 6.241616 
	clusters[10] = 5.022021 3.999539 7.283706 6.340820 5.468301 6.473070 6.888551 4.109235 5.414742 3.504592 6.639207 6.977089 4.714797 4.953156 6.544221 6.497637 
	clusters[11] = 3.991660 3.426438 3.008642 5.169965 3.333012 6.874671 6.387070 6.704217 4.404549 4.162428 4.616441 3.344270 4.594536 5.103993 5.754743 7.206171 
	clusters[12] = 5.868770 6.905212 5.564935 5.990314 6.225866 6.701439 4.672534 3.256526 4.157754 4.859965 3.379397 4.150924 4.783509 3.126098 2.941186 6.801901 
	clusters[13] = 6.566205 4.492132 2.993987 4.268104 5.326586 6.951245 3.838491 5.286510 2.697387 4.467773 6.066364 5.747856 4.449226 6.717832 3.975620 3.004235 
	clusters[14] = 4.445938 4.628606 5.145529 4.892034 2.512531 6.602823 4.800460 3.271808 7.535532 4.699431 3.982489 6.602282 4.611277 5.959299 4.187766 2.911998 
	clusters[15] = 4.368954 3.721284 6.532948 5.779392 7.343510 5.450419 3.725813 4.749000 6.079368 4.704967 3.308488 2.666617 4.496705 7.121509 4.894569 3.559940 
delta is 1.000000 - completed loop 7
	completed loop 7
	clusters[0] = 2.900328 6.927503 6.343893 2.552243 6.074112 6.035119 5.959489 7.087208 5.547000 4.578056 5.056119 4.854325 5.535638 3.731755 5.325903 3.559551 
	clusters[1] = 3.225995 6.198269 3.023452 7.096538 5.896632 4.662152 3.286613 4.521572 5.201875 5.074266 7.296610 6.498616 5.476587 3.507562 5.774797 4.210078 
	clusters[2] = 5.415112 4.326231 6.687632 6.716863 2.568021 4.508921 3.078054 7.009226 4.676208 5.870015 4.912111 3.395689 5.260145 3.348514 5.734943 3.914649 
	clusters[3] = 5.995952 3.899908 3.302933 5.222034 6.162955 3.880028 7.282444 3.536455 3.867224 5.601707 3.612455 4.157098 5.423837 3.333819 6.603066 3.128539 
	clusters[4] = 6.927049 6.914647 5.588718 6.143569 5.039445 3.936051 7.208262 6.935919 4.743870 6.037559 6.920968 4.337113 5.350151 6.530435 3.681295 4.953715 
	clusters[5] = 2.951731 5.347513 6.520691 4.430994 3.168516 3.407473 5.481199 3.395427 2.300314 5.959180 4.296546 6.134230 5.113654 6.289583 4.327399 5.249985 
	clusters[6] = 4.143961 4.122115 3.200887 5.152050 6.180523 3.844017 5.432934 6.423916 6.933723 6.908949 3.271939 7.107001 5.070939 5.805759 3.883625 6.445034 
	clusters[7] = 5.435566 3.304252 5.711117 3.126540 5.330984 4.212885 4.342688 3.066353 6.440726 6.832552 7.500139 3.323633 5.098078 4.687833 4.688566 6.231972 
	clusters[8] = 5.900867 7.180282 3.064246 3.559328 3.034271 3.149145 4.336290 3.988141 6.308441 2.992337 4.842147 3.926741 5.036207 5.364296 5.536211 5.977529 
	clusters[9] = 6.955919 4.414824 6.194703 3.611929 6.469030 3.342416 3.106413 6.595243 4.037842 3.548191 4.042658 6.825289 4.770789 4.553454 6.115093 6.248763 
	clusters[10] = 5.085823 3.986174 7.225072 6.382927 5.469436 6.446422 6.904887 4.076221 5.432387 3.505507 6.676755 6.963384 4.734452 4.984980 6.562562 6.497022 
	clusters[11] = 3.907040 3.433085 2.996091 5.131181 3.347603 6.859966 6.353663 6.715263 4.336110 4.170299 4.646283 3.320146 4.621413 5.125643 5.716177 7.187420 
	clusters[12] = 5.886051 6.909013 5.548522 5.990844 6.189235 6.755893 4.632169 3.265839 4.144938 4.921963 3.369380 4.145241 4.799057 3.132086 2.983652 6.827213 
	clusters[13] = 6.555969 4.456425 3.020305 4.140408 5.311698 6.962608 3.800318 5.283112 2.696862 4.521176 6.146577 5.795514 4.477247 6.680973 3.966762 3.062821 
	clusters[14] = 4.601198 4.630656 5.187827 4.886296 2.507496 6.632388 4.875873 3.325595 7.542419 4.739398 3.923478 6.654828 4.643137 5.853040 4.182487 2.899996 
	clusters[15] = 4.275592 3.813637 6.482568 5.908269 7.357197 5.364484 3.735602 4.750760 6.061701 4.592485 3.355826 2.681379 4.523691 7.192565 4.960949 3.597165 
delta is 1.000000 - completed loop 8
	completed loop 8
	clusters[0] = 2.939027 6.913163 6.332343 2.544291 6.074067 6.073733 6.031107 7.058267 5.546098 4.604104 5.125300 4.833087 5.512934 3.672202 5.308992 3.539932 
	clusters[1] = 3.176113 6.231508 3.011942 7.099358 5.947268 4.611406 3.254136 4.509983 5.176096 5.070772 7.265653 6.453217 5.446007 3.558488 5.767011 4.242810 
	clusters[2] = 5.445314 4.297634 6.694829 6.730227 2.560735 4.519528 3.084857 6.999045 4.696018 5.889899 4.889269 3.451733 5.234989 3.319007 5.697854 3.882805 
	clusters[3] = 6.042705 3.897759 3.312603 5.204399 6.125190 3.848602 7.278807 3.530892 3.854291 5.580244 3.607669 4.181946 5.404768 3.341481 6.557265 3.076029 
	clusters[4] = 6.923547 6.917462 5.608416 6.222911 5.035718 3.896646 7.207065 6.917208 4.797564 6.016448 6.900290 4.310830 5.326364 6.544341 3.708448 4.911403 
	clusters[5] = 2.929492 5.369428 6.514590 4.402476 3.177859 3.388993 5.469903 3.389880 2.325634 5.935976 4.288735 6.144164 5.099751 6.323941 4.354715 5.262270 
	clusters[6] = 4.147575 4.115843 3.193050 5.167765 6.169294 3.860203 5.445577 6.465212 6.925204 6.882880 3.257235 7.091117 5.066731 5.775058 3.867480 6.486806 
	clusters[7] = 5.407361 3.273631 5.693532 3.065333 5.354208 4.283510 4.314155 3.106430 6.426386 6.841321 7.473952 3.327401 5.100878 4.619078 4.639980 6.254335 
	clusters[8] = 5.895055 7.187388 3.093681 3.596537 3.078654 3.141873 4.344781 3.974232 6.352916 2.997838 4.830770 3.866988 5.038205 5.443871 5.597738 5.980929 
	clusters[9] = 6.914959 4.392816 6.245282 3.580560 6.423209 3.358038 3.123165 6.604546 4.002159 3.551794 4.031501 6.856411 4.778627 4.529662 6.098030 6.255968 
	clusters[10] = 5.139716 3.974822 7.165619 6.426828 5.470301 6.424056 6.918571 4.042966 5.449149 3.505719 6.711206 6.947858 4.757788 5.013672 6.576169 6.505960 
	clusters[11] = 3.830078 3.439985 2.991345 5.103821 3.355358 6.845672 6.329021 6.721755 4.268189 4.171816 4.672747 3.295928 4.646001 5.142253 5.688632 7.164256 
	clusters[12] = 5.910466 6.909473 5.533045 5.988776 6.157463 6.805404 4.600223 3.279581 4.123057 4.980445 3.352806 4.140883 4.812629 3.144041 3.026726 6.849413 
	clusters[13] = 6.551499 4.433390 3.047919 4.031170 5.299098 6.968394 3.767483 5.285138 2.708999 4.571431 6.215503 5.834461 4.503372 6.653824 3.960683 3.109088 
	clusters[14] = 4.739461 4.628391 5.218499 4.872583 2.515613 6.659479 4.940346 3.369956 7.542169 4.776941 3.869144 6.702186 4.672754 5.757258 4.176023 2.893157 
	clusters[15] = 4.185791 3.895056 6.436553 6.014071 7.353069 5.291595 3.738758 4.745492 6.041308 4.491378 3.398939 2.699490 4.546363 7.247273 5.024075 3.623213 
delta is 1.000000 - completed loop 9
	completed loop 9
	clusters[0] = 2.971737 6.898010 6.324977 2.544950 6.075784 6.106798 6.094576 7.031573 5.548018 4.624886 5.186301 4.815881 5.488744 3.623008 5.293193 3.524052 
	clusters[1] = 3.135451 6.262891 3.006013 7.098320 5.980454 4.566196 3.230366 4.498005 5.150650 5.064229 7.237700 6.421255 5.415287 3.599061 5.758244 4.266647 
	clusters[2] = 5.466462 4.268454 6.694144 6.745192 2.559995 4.528395 3.087385 6.989116 4.712729 5.908040 4.873707 3.498387 5.214597 3.290326 5.666648 3.855969 
	clusters[3] = 6.087207 3.888354 3.318383 5.191239 6.099235 3.821382 7.272408 3.527925 3.836001 5.559211 3.605387 4.205807 5.382117 3.347762 6.513061 3.040709 
	clusters[4] = 6.921470 6.915435 5.622175 6.290844 5.032737 3.861897 7.200288 6.898236 4.836935 6.001029 6.883031 4.287729 5.304211 6.559443 3.730002 4.875174 
	clusters[5] = 2.908087 5.394979 6.511935 4.375656 3.184312 3.376744 5.465560 3.384991 2.354456 5.919136 4.287493 6.151970 5.087527 6.357988 4.375996 5.269080 
	clusters[6] = 4.155001 4.109751 3.187943 5.179286 6.160876 3.877039 5.460435 6.500716 6.921695 6.859184 3.246045 7.078967 5.062249 5.747919 3.857782 6.519361 
	clusters[7] = 5.378166 3.247552 5.683557 3.021965 5.374785 4.341088 4.287454 3.142740 6.420262 6.847016 7.443770 3.330886 5.105011 4.557773 4.592091 6.271977 
	clusters[8] = 5.892964 7.185700 3.120927 3.625606 3.113985 3.144616 4.347654 3.966054 6.394362 3.007012 4.823162 3.815931 5.039126 5.517400 5.654953 5.985960 
	clusters[9] = 6.878381 4.382851 6.290883 3.548716 6.383271 3.371861 3.143701 6.619008 3.976817 3.550004 4.019660 6.874584 4.787746 4.502930 6.079254 6.263875 
	clusters[10] = 5.185541 3.964425 7.108460 6.468362 5.468357 6.405815 6.924943 4.010020 5.465826 3.509203 6.741611 6.932691 4.778456 5.037935 6.586395 6.518824 
	clusters[11] = 3.760952 3.448188 2.993854 5.086672 3.355777 6.831259 6.309829 6.724503 4.201096 4.168526 4.694636 3.274844 4.670049 5.157041 5.666625 7.136750 
	clusters[12] = 5.936359 6.911892 5.520960 5.988054 6.130275 6.847541 4.575037 3.294186 4.097314 5.033024 3.335452 4.137235 4.824695 3.161602 3.071079 6.867656 
	clusters[13] = 6.549905 4.419580 3.073494 3.938348 5.288802 6.969427 3.737879 5.290845 2.727153 4.618858 6.275639 5.865972 4.531736 6.637601 3.957805 3.146531 
	clusters[14] = 4.861598 4.627366 5.239049 4.856174 2.533632 6.681727 4.995086 3.406133 7.538753 4.810080 3.815075 6.743100 4.698569 5.674811 4.170066 2.887648 
	clusters[15] = 4.101238 3.960910 6.394892 6.095930 7.341259 5.232559 3.735555 4.737561 6.019720 4.401757 3.435925 2.719449 4.566875 7.285395 5.078700 3.640648 
delta is 1.000000 - completed loop 10
	completed loop 10
	clusters[0] = 2.999102 6.883835 6.320919 2.552618 6.078006 6.132806 6.152468 7.006798 5.554321 4.643018 5.240952 4.798002 5.466571 3.581842 5.281596 3.510098 
	clusters[1] = 3.102115 6.292663 3.003285 7.094292 5.998284 4.524722 3.212343 4.483173 5.125356 5.055889 7.213640 6.401259 5.385446 3.629358 5.746630 4.285322 
	clusters[2] = 5.479561 4.240304 6.688845 6.760104 2.565287 4.536137 3.085689 6.979447 4.725965 5.926764 4.862350 3.537843 5.197119 3.264547 5.641304 3.833029 
	clusters[3] = 6.125976 3.873903 3.320627 5.179879 6.081843 3.794367 7.264493 3.527564 3.814858 5.538523 3.605944 4.226614 5.359963 3.352473 6.470417 3.016376 
	clusters[4] = 6.920772 6.910258 5.631832 6.349144 5.031649 3.831558 7.188928 6.879488 4.866941 5.987174 6.869211 4.264707 5.282960 6.574096 3.746182 4.845116 
	clusters[5] = 2.888989 5.423423 6.511868 4.347971 3.188746 3.368148 5.467731 3.379492 2.384933 5.903873 4.290277 6.158625 5.076485 6.386829 4.395560 5.272338 
	clusters[6] = 4.161797 4.104202 3.183451 5.188489 6.155197 3.895280 5.475452 6.531404 6.920310 6.838623 3.236436 7.068551 5.057251 5.722208 3.853259 6.543688 
	clusters[7] = 5.349780 3.223939 5.678433 2.990991 5.392631 4.386328 4.263882 3.175055 6.420789 6.849314 7.413188 3.333243 5.108550 4.504993 4.548016 6.287523 
	clusters[8] = 5.895107 7.177613 3.144376 3.644285 3.142549 3.156567 4.347383 3.961505 6.433547 3.019329 4.818416 3.772051 5.040725 5.582094 5.708346 5.991642 
	clusters[9] = 6.846201 4.380662 6.333086 3.519222 6.348938 3.385039 3.166672 6.633715 3.958711 3.543230 4.005418 6.883533 4.796145 4.477166 6.060568 6.270307 
	clusters[10] = 5.225952 3.953011 7.053106 6.506669 5.464840 6.392858 6.926512 3.979848 5.481056 3.516589 6.768133 6.918245 4.798321 5.059624 6.591177 6.534161 
	clusters[11] = 3.698822 3.456231 3.000631 5.076532 3.350765 6.815594 6.295487 6.725477 4.135204 4.160465 4.713663 3.258862 4.692454 5.170893 5.648056 7.107613 
	clusters[12] = 5.962361 6.916174 5.506847 5.989657 6.104786 6.883835 4.554260 3.309597 4.070092 5.084039 3.318458 4.130556 4.835804 3.183644 3.114852 6.882428 
	clusters[13] = 6.551511 4.412593 3.098080 3.861061 5.283589 6.967477 3.710473 5.299853 2.750283 4.665176 6.327656 5.890451 4.558507 6.630302 3.959463 3.176127 
	clusters[14] = 4.968218 4.628050 5.253207 4.838136 2.557717 6.700410 5.042204 3.435443 7.533688 4.834639 3.762708 6.778241 4.721211 5.605758 4.162452 2.884999 
	clusters[15] = 4.022008 4.011138 6.361037 6.158814 7.323279 5.187428 3.729841 4.730224 6.000541 4.325095 3.467252 2.740742 4.585933 7.309909 5.126269 3.651504 
nloops = 10  : total = 10458.197117 ms
	-> t_loop_avg = 1045.819712 ms
	-> t_loop_min = 1043.064117 ms
	-> t_loop_max = 1050.945997 ms

|-------------------------------------------|
tTransfers=0.052810, tGPU=10.404749, tCPU=0.000636


Final cluster centers:
clusters[0] =   3.00   6.88   6.32   2.55   6.08   6.13   6.15   7.01   5.55   4.64   5.24   4.80   5.47   3.58   5.28   3.51 
clusters[1] =   3.10   6.29   3.00   7.09   6.00   4.52   3.21   4.48   5.13   5.06   7.21   6.40   5.39   3.63   5.75   4.29 
clusters[2] =   5.48   4.24   6.69   6.76   2.57   4.54   3.09   6.98   4.73   5.93   4.86   3.54   5.20   3.26   5.64   3.83 
clusters[3] =   6.13   3.87   3.32   5.18   6.08   3.79   7.26   3.53   3.81   5.54   3.61   4.23   5.36   3.35   6.47   3.02 
clusters[4] =   6.92   6.91   5.63   6.35   5.03   3.83   7.19   6.88   4.87   5.99   6.87   4.26   5.28   6.57   3.75   4.85 
clusters[5] =   2.89   5.42   6.51   4.35   3.19   3.37   5.47   3.38   2.38   5.90   4.29   6.16   5.08   6.39   4.40   5.27 
clusters[6] =   4.16   4.10   3.18   5.19   6.16   3.90   5.48   6.53   6.92   6.84   3.24   7.07   5.06   5.72   3.85   6.54 
clusters[7] =   5.35   3.22   5.68   2.99   5.39   4.39   4.26   3.18   6.42   6.85   7.41   3.33   5.11   4.50   4.55   6.29 
clusters[8] =   5.90   7.18   3.14   3.64   3.14   3.16   4.35   3.96   6.43   3.02   4.82   3.77   5.04   5.58   5.71   5.99 
clusters[9] =   6.85   4.38   6.33   3.52   6.35   3.39   3.17   6.63   3.96   3.54   4.01   6.88   4.80   4.48   6.06   6.27 
clusters[10] =   5.23   3.95   7.05   6.51   5.46   6.39   6.93   3.98   5.48   3.52   6.77   6.92   4.80   5.06   6.59   6.53 
clusters[11] =   3.70   3.46   3.00   5.08   3.35   6.82   6.30   6.73   4.14   4.16   4.71   3.26   4.69   5.17   5.65   7.11 
clusters[12] =   5.96   6.92   5.51   5.99   6.10   6.88   4.55   3.31   4.07   5.08   3.32   4.13   4.84   3.18   3.11   6.88 
clusters[13] =   6.55   4.41   3.10   3.86   5.28   6.97   3.71   5.30   2.75   4.67   6.33   5.89   4.56   6.63   3.96   3.18 
clusters[14] =   4.97   4.63   5.25   4.84   2.56   6.70   5.04   3.44   7.53   4.83   3.76   6.78   4.72   5.61   4.16   2.88 
clusters[15] =   4.02   4.01   6.36   6.16   7.32   5.19   3.73   4.73   6.00   4.33   3.47   2.74   4.59   7.31   5.13   3.65 
Performing validation....PASSED!
