
~~~~~~~~~~~~~~~~~~~~~~~~~~~~~~~~~~~~~~~~~~~~~~~~~~~~~~~~~~~~~~~~~~~~~~~~~~~~~~~~

dataset_size = 256.00 MB    numObjs = 33554432    numCoords = 2    numClusters = 16    block_size = 32


|-----------All GPU Kmeans (ParallelBlockReduction)------------|

t_alloc: 171.193123 ms

t_alloc_gpu: 2411.015987 ms

320, 32, 1048576
t_get_gpu: 127.744198 ms

nloops = 10  : total = 2794.403076 ms
	-> t_loop_avg = 279.440308 ms
	-> t_loop_min = 277.672052 ms
	-> t_loop_max = 289.119959 ms

|-------------------------------------------|
tTransfers=0.000880, tGPU=2.793521, tCPU=0.000000


Final cluster centers:
clusters[0] =   1.53   8.73 
clusters[1] =   3.99   6.31 
clusters[2] =   6.33   4.02 
clusters[3] =   8.78   1.46 
clusters[4] =   9.09   8.15 
clusters[5] =   1.17   6.18 
clusters[6] =   4.21   3.59 
clusters[7] =   6.39   1.35 
clusters[8] =   6.94   8.86 
clusters[9] =   8.89   4.44 
clusters[10] =   2.29   4.01 
clusters[11] =   3.90   1.20 
clusters[12] =   4.42   8.73 
clusters[13] =   7.03   6.37 
clusters[14] =   0.78   3.14 
clusters[15] =   1.41   1.05 

~~~~~~~~~~~~~~~~~~~~~~~~~~~~~~~~~~~~~~~~~~~~~~~~~~~~~~~~~~~~~~~~~~~~~~~~~~~~~~~~

dataset_size = 256.00 MB    numObjs = 33554432    numCoords = 2    numClusters = 16    block_size = 64


|-----------All GPU Kmeans (ParallelBlockReduction)------------|

t_alloc: 172.971010 ms

t_alloc_gpu: 2395.253181 ms

320, 64, 524288
t_get_gpu: 127.449989 ms

nloops = 10  : total = 1637.938976 ms
	-> t_loop_avg = 163.793898 ms
	-> t_loop_min = 158.216953 ms
	-> t_loop_max = 209.534168 ms

|-------------------------------------------|
tTransfers=0.000843, tGPU=1.637095, tCPU=0.000000


Final cluster centers:
clusters[0] =   1.53   8.73 
clusters[1] =   3.99   6.31 
clusters[2] =   6.32   4.02 
clusters[3] =   8.79   1.46 
clusters[4] =   9.09   8.15 
clusters[5] =   1.17   6.17 
clusters[6] =   4.20   3.59 
clusters[7] =   6.39   1.35 
clusters[8] =   6.94   8.86 
clusters[9] =   8.89   4.44 
clusters[10] =   2.29   4.01 
clusters[11] =   3.90   1.20 
clusters[12] =   4.42   8.73 
clusters[13] =   7.04   6.37 
clusters[14] =   0.78   3.14 
clusters[15] =   1.42   1.05 

~~~~~~~~~~~~~~~~~~~~~~~~~~~~~~~~~~~~~~~~~~~~~~~~~~~~~~~~~~~~~~~~~~~~~~~~~~~~~~~~

dataset_size = 256.00 MB    numObjs = 33554432    numCoords = 2    numClusters = 16    block_size = 128


|-----------All GPU Kmeans (ParallelBlockReduction)------------|

t_alloc: 170.434952 ms

t_alloc_gpu: 2383.744001 ms

320, 128, 262144
t_get_gpu: 127.482176 ms

nloops = 10  : total = 964.250088 ms
	-> t_loop_avg = 96.425009 ms
	-> t_loop_min = 86.732149 ms
	-> t_loop_max = 180.220127 ms

|-------------------------------------------|
tTransfers=0.000843, tGPU=0.963402, tCPU=0.000000


Final cluster centers:
clusters[0] =   1.53   8.73 
clusters[1] =   3.99   6.31 
clusters[2] =   6.32   4.02 
clusters[3] =   8.79   1.46 
clusters[4] =   9.09   8.15 
clusters[5] =   1.17   6.17 
clusters[6] =   4.20   3.59 
clusters[7] =   6.39   1.35 
clusters[8] =   6.94   8.86 
clusters[9] =   8.89   4.44 
clusters[10] =   2.29   4.01 
clusters[11] =   3.90   1.20 
clusters[12] =   4.42   8.73 
clusters[13] =   7.05   6.37 
clusters[14] =   0.78   3.14 
clusters[15] =   1.42   1.05 

~~~~~~~~~~~~~~~~~~~~~~~~~~~~~~~~~~~~~~~~~~~~~~~~~~~~~~~~~~~~~~~~~~~~~~~~~~~~~~~~

dataset_size = 256.00 MB    numObjs = 33554432    numCoords = 2    numClusters = 16    block_size = 256


|-----------All GPU Kmeans (ParallelBlockReduction)------------|

t_alloc: 170.654058 ms

t_alloc_gpu: 2392.702818 ms

320, 256, 131072
t_get_gpu: 127.740145 ms

nloops = 10  : total = 860.851049 ms
	-> t_loop_avg = 86.085105 ms
	-> t_loop_min = 76.711893 ms
	-> t_loop_max = 165.637016 ms

|-------------------------------------------|
tTransfers=0.000854, tGPU=0.859996, tCPU=0.000000


Final cluster centers:
clusters[0] =   1.53   8.73 
clusters[1] =   3.99   6.31 
clusters[2] =   6.32   4.02 
clusters[3] =   8.79   1.46 
clusters[4] =   9.09   8.15 
clusters[5] =   1.17   6.17 
clusters[6] =   4.20   3.59 
clusters[7] =   6.39   1.35 
clusters[8] =   6.94   8.86 
clusters[9] =   8.89   4.44 
clusters[10] =   2.29   4.01 
clusters[11] =   3.90   1.20 
clusters[12] =   4.42   8.73 
clusters[13] =   7.04   6.37 
clusters[14] =   0.78   3.14 
clusters[15] =   1.42   1.05 

~~~~~~~~~~~~~~~~~~~~~~~~~~~~~~~~~~~~~~~~~~~~~~~~~~~~~~~~~~~~~~~~~~~~~~~~~~~~~~~~

dataset_size = 256.00 MB    numObjs = 33554432    numCoords = 2    numClusters = 16    block_size = 512


|-----------All GPU Kmeans (ParallelBlockReduction)------------|

t_alloc: 170.580149 ms

t_alloc_gpu: 2354.607105 ms

320, 512, 65536
t_get_gpu: 127.408981 ms

nloops = 10  : total = 834.943056 ms
	-> t_loop_avg = 83.494306 ms
	-> t_loop_min = 74.354172 ms
	-> t_loop_max = 158.331871 ms

|-------------------------------------------|
tTransfers=0.000853, tGPU=0.834085, tCPU=0.000000


Final cluster centers:
clusters[0] =   1.53   8.73 
clusters[1] =   3.99   6.31 
clusters[2] =   6.32   4.02 
clusters[3] =   8.79   1.46 
clusters[4] =   9.09   8.15 
clusters[5] =   1.17   6.17 
clusters[6] =   4.20   3.59 
clusters[7] =   6.39   1.35 
clusters[8] =   6.94   8.86 
clusters[9] =   8.89   4.44 
clusters[10] =   2.29   4.01 
clusters[11] =   3.90   1.20 
clusters[12] =   4.42   8.73 
clusters[13] =   7.04   6.37 
clusters[14] =   0.78   3.14 
clusters[15] =   1.42   1.05 

~~~~~~~~~~~~~~~~~~~~~~~~~~~~~~~~~~~~~~~~~~~~~~~~~~~~~~~~~~~~~~~~~~~~~~~~~~~~~~~~

dataset_size = 256.00 MB    numObjs = 33554432    numCoords = 2    numClusters = 16    block_size = 1024


|-----------All GPU Kmeans (ParallelBlockReduction)------------|

t_alloc: 172.051907 ms

t_alloc_gpu: 2368.531942 ms

320, 1024, 32768
t_get_gpu: 127.578020 ms

nloops = 10  : total = 1167.566061 ms
	-> t_loop_avg = 116.756606 ms
	-> t_loop_min = 110.793829 ms
	-> t_loop_max = 154.752016 ms

|-------------------------------------------|
tTransfers=0.000859, tGPU=1.166705, tCPU=0.000000


Final cluster centers:
clusters[0] =   1.53   8.73 
clusters[1] =   3.99   6.31 
clusters[2] =   6.32   4.02 
clusters[3] =   8.79   1.46 
clusters[4] =   9.09   8.15 
clusters[5] =   1.17   6.17 
clusters[6] =   4.20   3.59 
clusters[7] =   6.39   1.35 
clusters[8] =   6.94   8.86 
clusters[9] =   8.89   4.44 
clusters[10] =   2.29   4.01 
clusters[11] =   3.90   1.20 
clusters[12] =   4.42   8.73 
clusters[13] =   7.04   6.37 
clusters[14] =   0.78   3.14 
clusters[15] =   1.42   1.05 

~~~~~~~~~~~~~~~~~~~~~~~~~~~~~~~~~~~~~~~~~~~~~~~~~~~~~~~~~~~~~~~~~~~~~~~~~~~~~~~~

dataset_size = 256.00 MB    numObjs = 4194304    numCoords = 16    numClusters = 16    block_size = 32


|-----------All GPU Kmeans (ParallelBlockReduction)------------|

t_alloc: 390.799046 ms

t_alloc_gpu: 2416.725874 ms

2112, 32, 131072
t_get_gpu: 90.358019 ms

nloops = 10  : total = 1039.165974 ms
	-> t_loop_avg = 103.916597 ms
	-> t_loop_min = 103.112936 ms
	-> t_loop_max = 106.164932 ms

|-------------------------------------------|
tTransfers=0.000842, tGPU=1.038320, tCPU=0.000001


Final cluster centers:
clusters[0] =   3.00   6.88   6.32   2.55   6.08   6.13   6.15   7.01   5.55   4.64   5.24   4.80   5.47   3.58   5.28   3.51 
clusters[1] =   3.10   6.29   3.00   7.09   6.00   4.52   3.21   4.48   5.13   5.06   7.21   6.40   5.39   3.63   5.75   4.29 
clusters[2] =   5.48   4.24   6.69   6.76   2.57   4.54   3.09   6.98   4.73   5.93   4.86   3.54   5.20   3.26   5.64   3.83 
clusters[3] =   6.13   3.87   3.32   5.18   6.08   3.79   7.26   3.53   3.81   5.54   3.61   4.23   5.36   3.35   6.47   3.02 
clusters[4] =   6.92   6.91   5.63   6.35   5.03   3.83   7.19   6.88   4.87   5.99   6.87   4.26   5.28   6.57   3.75   4.84 
clusters[5] =   2.89   5.42   6.51   4.35   3.19   3.37   5.47   3.38   2.38   5.90   4.29   6.16   5.08   6.39   4.40   5.27 
clusters[6] =   4.16   4.10   3.18   5.19   6.16   3.90   5.48   6.53   6.92   6.84   3.24   7.07   5.06   5.72   3.85   6.54 
clusters[7] =   5.35   3.22   5.68   2.99   5.39   4.39   4.26   3.18   6.42   6.85   7.41   3.33   5.11   4.51   4.55   6.29 
clusters[8] =   5.90   7.18   3.14   3.64   3.14   3.16   4.35   3.96   6.43   3.02   4.82   3.77   5.04   5.58   5.71   5.99 
clusters[9] =   6.85   4.38   6.33   3.52   6.35   3.38   3.17   6.63   3.96   3.54   4.01   6.88   4.80   4.48   6.06   6.27 
clusters[10] =   5.23   3.95   7.05   6.51   5.46   6.39   6.93   3.98   5.48   3.52   6.77   6.92   4.80   5.06   6.59   6.53 
clusters[11] =   3.70   3.46   3.00   5.08   3.35   6.82   6.30   6.73   4.14   4.16   4.71   3.26   4.69   5.17   5.65   7.11 
clusters[12] =   5.96   6.92   5.51   5.99   6.10   6.88   4.55   3.31   4.07   5.08   3.32   4.13   4.84   3.18   3.11   6.88 
clusters[13] =   6.55   4.41   3.10   3.86   5.28   6.97   3.71   5.30   2.75   4.66   6.33   5.89   4.56   6.63   3.96   3.18 
clusters[14] =   4.97   4.63   5.25   4.84   2.56   6.70   5.04   3.44   7.53   4.83   3.76   6.78   4.72   5.61   4.16   2.88 
clusters[15] =   4.02   4.01   6.36   6.16   7.32   5.19   3.73   4.73   6.00   4.33   3.47   2.74   4.59   7.31   5.13   3.65 

~~~~~~~~~~~~~~~~~~~~~~~~~~~~~~~~~~~~~~~~~~~~~~~~~~~~~~~~~~~~~~~~~~~~~~~~~~~~~~~~

dataset_size = 256.00 MB    numObjs = 4194304    numCoords = 16    numClusters = 16    block_size = 64


|-----------All GPU Kmeans (ParallelBlockReduction)------------|

t_alloc: 389.204025 ms

t_alloc_gpu: 2365.919113 ms

2112, 64, 65536
t_get_gpu: 90.362072 ms

nloops = 10  : total = 746.098042 ms
	-> t_loop_avg = 74.609804 ms
	-> t_loop_min = 74.154139 ms
	-> t_loop_max = 75.739861 ms

|-------------------------------------------|
tTransfers=0.000851, tGPU=0.745243, tCPU=0.000000


Final cluster centers:
clusters[0] =   3.00   6.88   6.32   2.55   6.08   6.13   6.15   7.01   5.55   4.64   5.24   4.80   5.47   3.58   5.28   3.51 
clusters[1] =   3.10   6.29   3.00   7.09   6.00   4.52   3.21   4.48   5.13   5.06   7.21   6.40   5.38   3.63   5.75   4.29 
clusters[2] =   5.48   4.24   6.69   6.76   2.57   4.54   3.09   6.98   4.73   5.93   4.86   3.54   5.20   3.26   5.64   3.83 
clusters[3] =   6.13   3.87   3.32   5.18   6.08   3.79   7.26   3.53   3.81   5.54   3.61   4.23   5.36   3.35   6.47   3.02 
clusters[4] =   6.92   6.91   5.63   6.35   5.03   3.83   7.19   6.88   4.87   5.99   6.87   4.26   5.28   6.57   3.75   4.84 
clusters[5] =   2.89   5.42   6.51   4.35   3.19   3.37   5.47   3.38   2.38   5.90   4.29   6.16   5.08   6.39   4.40   5.27 
clusters[6] =   4.16   4.10   3.18   5.19   6.16   3.90   5.48   6.53   6.92   6.84   3.24   7.07   5.06   5.72   3.85   6.54 
clusters[7] =   5.35   3.22   5.68   2.99   5.39   4.39   4.26   3.18   6.42   6.85   7.41   3.33   5.11   4.51   4.55   6.29 
clusters[8] =   5.90   7.18   3.14   3.64   3.14   3.16   4.35   3.96   6.43   3.02   4.82   3.77   5.04   5.58   5.71   5.99 
clusters[9] =   6.85   4.38   6.33   3.52   6.35   3.38   3.17   6.63   3.96   3.54   4.01   6.88   4.80   4.48   6.06   6.27 
clusters[10] =   5.23   3.95   7.05   6.51   5.46   6.39   6.93   3.98   5.48   3.52   6.77   6.92   4.80   5.06   6.59   6.53 
clusters[11] =   3.70   3.46   3.00   5.08   3.35   6.82   6.30   6.73   4.14   4.16   4.71   3.26   4.69   5.17   5.65   7.11 
clusters[12] =   5.96   6.92   5.51   5.99   6.10   6.88   4.55   3.31   4.07   5.08   3.32   4.13   4.84   3.18   3.11   6.88 
clusters[13] =   6.55   4.41   3.10   3.86   5.28   6.97   3.71   5.30   2.75   4.67   6.33   5.89   4.56   6.63   3.96   3.18 
clusters[14] =   4.97   4.63   5.25   4.84   2.56   6.70   5.04   3.43   7.53   4.83   3.76   6.78   4.72   5.61   4.16   2.89 
clusters[15] =   4.02   4.01   6.36   6.16   7.32   5.19   3.73   4.73   6.00   4.33   3.47   2.74   4.59   7.31   5.13   3.65 

~~~~~~~~~~~~~~~~~~~~~~~~~~~~~~~~~~~~~~~~~~~~~~~~~~~~~~~~~~~~~~~~~~~~~~~~~~~~~~~~

dataset_size = 256.00 MB    numObjs = 4194304    numCoords = 16    numClusters = 16    block_size = 128


|-----------All GPU Kmeans (ParallelBlockReduction)------------|

t_alloc: 389.551878 ms

t_alloc_gpu: 2393.193960 ms

2112, 128, 32768
t_get_gpu: 90.349913 ms

nloops = 10  : total = 367.856026 ms
	-> t_loop_avg = 36.785603 ms
	-> t_loop_min = 36.287069 ms
	-> t_loop_max = 38.553953 ms

|-------------------------------------------|
tTransfers=0.000849, tGPU=0.367005, tCPU=0.000000


Final cluster centers:
clusters[0] =   3.00   6.88   6.32   2.55   6.08   6.13   6.15   7.01   5.55   4.64   5.24   4.80   5.47   3.58   5.28   3.51 
clusters[1] =   3.10   6.29   3.00   7.09   6.00   4.52   3.21   4.48   5.13   5.06   7.21   6.40   5.39   3.63   5.75   4.29 
clusters[2] =   5.48   4.24   6.69   6.76   2.57   4.54   3.09   6.98   4.73   5.93   4.86   3.54   5.20   3.26   5.64   3.83 
clusters[3] =   6.13   3.87   3.32   5.18   6.08   3.79   7.26   3.53   3.81   5.54   3.61   4.23   5.36   3.35   6.47   3.02 
clusters[4] =   6.92   6.91   5.63   6.35   5.03   3.83   7.19   6.88   4.87   5.99   6.87   4.26   5.28   6.57   3.75   4.85 
clusters[5] =   2.89   5.42   6.51   4.35   3.19   3.37   5.47   3.38   2.38   5.90   4.29   6.16   5.08   6.39   4.40   5.27 
clusters[6] =   4.16   4.10   3.18   5.19   6.16   3.90   5.48   6.53   6.92   6.84   3.24   7.07   5.06   5.72   3.85   6.54 
clusters[7] =   5.35   3.22   5.68   2.99   5.39   4.39   4.26   3.17   6.42   6.85   7.41   3.33   5.11   4.51   4.55   6.29 
clusters[8] =   5.90   7.18   3.14   3.64   3.14   3.16   4.35   3.96   6.43   3.02   4.82   3.77   5.04   5.58   5.71   5.99 
clusters[9] =   6.85   4.38   6.33   3.52   6.35   3.39   3.17   6.63   3.96   3.54   4.01   6.88   4.80   4.48   6.06   6.27 
clusters[10] =   5.23   3.95   7.05   6.51   5.46   6.39   6.93   3.98   5.48   3.52   6.77   6.92   4.80   5.06   6.59   6.53 
clusters[11] =   3.70   3.46   3.00   5.08   3.35   6.82   6.30   6.73   4.14   4.16   4.71   3.26   4.69   5.17   5.65   7.11 
clusters[12] =   5.96   6.92   5.51   5.99   6.10   6.88   4.55   3.31   4.07   5.08   3.32   4.13   4.84   3.18   3.11   6.88 
clusters[13] =   6.55   4.41   3.10   3.86   5.28   6.97   3.71   5.30   2.75   4.67   6.33   5.89   4.56   6.63   3.96   3.18 
clusters[14] =   4.97   4.63   5.25   4.84   2.56   6.70   5.04   3.43   7.53   4.84   3.76   6.78   4.72   5.61   4.16   2.88 
clusters[15] =   4.02   4.01   6.36   6.16   7.32   5.19   3.73   4.73   6.00   4.32   3.47   2.74   4.59   7.31   5.13   3.65 

~~~~~~~~~~~~~~~~~~~~~~~~~~~~~~~~~~~~~~~~~~~~~~~~~~~~~~~~~~~~~~~~~~~~~~~~~~~~~~~~

dataset_size = 256.00 MB    numObjs = 4194304    numCoords = 16    numClusters = 16    block_size = 256


|-----------All GPU Kmeans (ParallelBlockReduction)------------|

t_alloc: 389.783144 ms

t_alloc_gpu: 2359.119892 ms

2112, 256, 16384
t_get_gpu: 90.312958 ms

nloops = 10  : total = 342.645884 ms
	-> t_loop_avg = 34.264588 ms
	-> t_loop_min = 33.658981 ms
	-> t_loop_max = 36.768913 ms

|-------------------------------------------|
tTransfers=0.000858, tGPU=0.341784, tCPU=0.000001


Final cluster centers:
clusters[0] =   3.00   6.88   6.32   2.55   6.08   6.13   6.15   7.01   5.55   4.64   5.24   4.80   5.47   3.58   5.28   3.51 
clusters[1] =   3.10   6.29   3.00   7.09   6.00   4.52   3.21   4.48   5.13   5.06   7.21   6.40   5.38   3.63   5.75   4.29 
clusters[2] =   5.48   4.24   6.69   6.76   2.57   4.54   3.09   6.98   4.73   5.93   4.86   3.54   5.20   3.26   5.64   3.83 
clusters[3] =   6.13   3.87   3.32   5.18   6.08   3.79   7.26   3.53   3.81   5.54   3.61   4.23   5.36   3.35   6.47   3.02 
clusters[4] =   6.92   6.91   5.63   6.35   5.03   3.83   7.19   6.88   4.87   5.99   6.87   4.26   5.28   6.57   3.75   4.84 
clusters[5] =   2.89   5.42   6.51   4.35   3.19   3.37   5.47   3.38   2.38   5.90   4.29   6.16   5.08   6.39   4.40   5.27 
clusters[6] =   4.16   4.10   3.18   5.19   6.16   3.90   5.48   6.53   6.92   6.84   3.24   7.07   5.06   5.72   3.85   6.54 
clusters[7] =   5.35   3.22   5.68   2.99   5.39   4.39   4.26   3.18   6.42   6.85   7.41   3.33   5.11   4.51   4.55   6.29 
clusters[8] =   5.89   7.18   3.14   3.64   3.14   3.16   4.35   3.96   6.43   3.02   4.82   3.77   5.04   5.58   5.71   5.99 
clusters[9] =   6.85   4.38   6.33   3.52   6.35   3.39   3.17   6.63   3.96   3.54   4.01   6.88   4.80   4.48   6.06   6.27 
clusters[10] =   5.23   3.95   7.05   6.51   5.46   6.39   6.93   3.98   5.48   3.52   6.77   6.92   4.80   5.06   6.59   6.53 
clusters[11] =   3.70   3.46   3.00   5.08   3.35   6.82   6.30   6.73   4.14   4.16   4.71   3.26   4.69   5.17   5.65   7.11 
clusters[12] =   5.96   6.92   5.51   5.99   6.10   6.88   4.55   3.31   4.07   5.08   3.32   4.13   4.84   3.18   3.11   6.88 
clusters[13] =   6.55   4.41   3.10   3.86   5.28   6.97   3.71   5.30   2.75   4.67   6.33   5.89   4.56   6.63   3.96   3.18 
clusters[14] =   4.97   4.63   5.25   4.84   2.56   6.70   5.04   3.43   7.53   4.83   3.76   6.78   4.72   5.61   4.16   2.88 
clusters[15] =   4.02   4.01   6.36   6.16   7.32   5.19   3.73   4.73   6.00   4.33   3.47   2.74   4.59   7.31   5.13   3.65 

~~~~~~~~~~~~~~~~~~~~~~~~~~~~~~~~~~~~~~~~~~~~~~~~~~~~~~~~~~~~~~~~~~~~~~~~~~~~~~~~

dataset_size = 256.00 MB    numObjs = 4194304    numCoords = 16    numClusters = 16    block_size = 512


|-----------All GPU Kmeans (ParallelBlockReduction)------------|

t_alloc: 389.247179 ms

t_alloc_gpu: 2412.472010 ms

2112, 512, 8192
t_get_gpu: 90.365887 ms

nloops = 10  : total = 374.504805 ms
	-> t_loop_avg = 37.450480 ms
	-> t_loop_min = 37.064075 ms
	-> t_loop_max = 39.671898 ms

|-------------------------------------------|
tTransfers=0.000843, tGPU=0.373660, tCPU=0.000000


Final cluster centers:
clusters[0] =   3.00   6.88   6.32   2.55   6.08   6.13   6.15   7.01   5.55   4.64   5.24   4.80   5.47   3.58   5.28   3.51 
clusters[1] =   3.10   6.29   3.00   7.09   6.00   4.52   3.21   4.48   5.13   5.06   7.21   6.40   5.38   3.63   5.75   4.29 
clusters[2] =   5.48   4.24   6.69   6.76   2.57   4.54   3.09   6.98   4.73   5.93   4.86   3.54   5.20   3.26   5.64   3.83 
clusters[3] =   6.13   3.87   3.32   5.18   6.08   3.79   7.26   3.53   3.81   5.54   3.61   4.23   5.36   3.35   6.47   3.02 
clusters[4] =   6.92   6.91   5.63   6.35   5.03   3.83   7.19   6.88   4.87   5.99   6.87   4.26   5.28   6.57   3.75   4.85 
clusters[5] =   2.89   5.42   6.51   4.35   3.19   3.37   5.47   3.38   2.38   5.90   4.29   6.16   5.08   6.39   4.40   5.27 
clusters[6] =   4.16   4.10   3.18   5.19   6.16   3.90   5.48   6.53   6.92   6.84   3.24   7.07   5.06   5.72   3.85   6.54 
clusters[7] =   5.35   3.22   5.68   2.99   5.39   4.39   4.26   3.18   6.42   6.85   7.41   3.33   5.11   4.51   4.55   6.29 
clusters[8] =   5.90   7.18   3.14   3.64   3.14   3.16   4.35   3.96   6.43   3.02   4.82   3.77   5.04   5.58   5.71   5.99 
clusters[9] =   6.85   4.38   6.33   3.52   6.35   3.39   3.17   6.63   3.96   3.54   4.01   6.88   4.80   4.48   6.06   6.27 
clusters[10] =   5.23   3.95   7.05   6.51   5.46   6.39   6.93   3.98   5.48   3.52   6.77   6.92   4.80   5.06   6.59   6.53 
clusters[11] =   3.70   3.46   3.00   5.08   3.35   6.82   6.30   6.73   4.14   4.16   4.71   3.26   4.69   5.17   5.65   7.11 
clusters[12] =   5.96   6.92   5.51   5.99   6.10   6.88   4.55   3.31   4.07   5.08   3.32   4.13   4.84   3.18   3.11   6.88 
clusters[13] =   6.55   4.41   3.10   3.86   5.28   6.97   3.71   5.30   2.75   4.66   6.33   5.89   4.56   6.63   3.96   3.18 
clusters[14] =   4.97   4.63   5.25   4.84   2.56   6.70   5.04   3.44   7.53   4.83   3.76   6.78   4.72   5.61   4.16   2.88 
clusters[15] =   4.02   4.01   6.36   6.16   7.32   5.19   3.73   4.73   6.00   4.33   3.47   2.74   4.59   7.31   5.13   3.65 

~~~~~~~~~~~~~~~~~~~~~~~~~~~~~~~~~~~~~~~~~~~~~~~~~~~~~~~~~~~~~~~~~~~~~~~~~~~~~~~~

dataset_size = 256.00 MB    numObjs = 4194304    numCoords = 16    numClusters = 16    block_size = 1024


|-----------All GPU Kmeans (ParallelBlockReduction)------------|

t_alloc: 390.568018 ms

t_alloc_gpu: 2362.051010 ms

2112, 1024, 4096
t_get_gpu: 90.492010 ms

nloops = 10  : total = 546.635151 ms
	-> t_loop_avg = 54.663515 ms
	-> t_loop_min = 54.167986 ms
	-> t_loop_max = 57.639122 ms

|-------------------------------------------|
tTransfers=0.000837, tGPU=0.545795, tCPU=0.000000


Final cluster centers:
clusters[0] =   3.00   6.88   6.32   2.55   6.08   6.13   6.15   7.01   5.55   4.64   5.24   4.80   5.47   3.58   5.28   3.51 
clusters[1] =   3.10   6.29   3.00   7.09   6.00   4.52   3.21   4.48   5.13   5.06   7.21   6.40   5.39   3.63   5.75   4.29 
clusters[2] =   5.48   4.24   6.69   6.76   2.57   4.54   3.09   6.98   4.73   5.93   4.86   3.54   5.20   3.26   5.64   3.83 
clusters[3] =   6.13   3.87   3.32   5.18   6.08   3.79   7.26   3.53   3.81   5.54   3.61   4.23   5.36   3.35   6.47   3.02 
clusters[4] =   6.92   6.91   5.63   6.35   5.03   3.83   7.19   6.88   4.87   5.99   6.87   4.26   5.28   6.57   3.75   4.85 
clusters[5] =   2.89   5.42   6.51   4.35   3.19   3.37   5.47   3.38   2.38   5.90   4.29   6.16   5.08   6.39   4.40   5.27 
clusters[6] =   4.16   4.10   3.18   5.19   6.16   3.90   5.48   6.53   6.92   6.84   3.24   7.07   5.06   5.72   3.85   6.54 
clusters[7] =   5.35   3.22   5.68   2.99   5.39   4.39   4.26   3.18   6.42   6.85   7.41   3.33   5.11   4.51   4.55   6.29 
clusters[8] =   5.90   7.18   3.14   3.64   3.14   3.16   4.35   3.96   6.43   3.02   4.82   3.77   5.04   5.58   5.71   5.99 
clusters[9] =   6.85   4.38   6.33   3.52   6.35   3.38   3.17   6.63   3.96   3.54   4.01   6.88   4.80   4.48   6.06   6.27 
clusters[10] =   5.23   3.95   7.05   6.51   5.46   6.39   6.93   3.98   5.48   3.52   6.77   6.92   4.80   5.06   6.59   6.53 
clusters[11] =   3.70   3.46   3.00   5.08   3.35   6.82   6.30   6.73   4.14   4.16   4.71   3.26   4.69   5.17   5.65   7.11 
clusters[12] =   5.96   6.92   5.51   5.99   6.10   6.88   4.55   3.31   4.07   5.08   3.32   4.13   4.84   3.18   3.11   6.88 
clusters[13] =   6.55   4.41   3.10   3.86   5.28   6.97   3.71   5.30   2.75   4.66   6.33   5.89   4.56   6.63   3.96   3.18 
clusters[14] =   4.97   4.63   5.25   4.84   2.56   6.70   5.04   3.44   7.53   4.84   3.76   6.78   4.72   5.61   4.16   2.89 
clusters[15] =   4.02   4.01   6.36   6.16   7.32   5.19   3.73   4.73   6.00   4.33   3.47   2.74   4.59   7.31   5.13   3.65 
